2023-10-25 10:59:39.369 [restartedMain] INFO  com.majing.community.CommunityApplication - Starting CommunityApplication using Java 17.0.8 with PID 109020 (D:\Program Files (x86)\Java\IdeaProjects\community\community\target\classes started by majin in D:\Program Files (x86)\Java\IdeaProjects\community\community)
2023-10-25 10:59:39.372 [restartedMain] INFO  com.majing.community.CommunityApplication - No active profile set, falling back to 1 default profile: "default"
2023-10-25 10:59:39.415 [restartedMain] INFO  o.s.b.d.env.DevToolsPropertyDefaultsPostProcessor - Devtools property defaults active! Set 'spring.devtools.add-properties' to 'false' to disable
2023-10-25 10:59:39.415 [restartedMain] INFO  o.s.b.d.env.DevToolsPropertyDefaultsPostProcessor - For additional web related logging consider setting the 'logging.level.web' property to 'DEBUG'
2023-10-25 10:59:40.433 [restartedMain] INFO  o.s.boot.web.embedded.tomcat.TomcatWebServer - Tomcat initialized with port(s): 8080 (http)
2023-10-25 10:59:40.438 [restartedMain] INFO  org.apache.coyote.http11.Http11NioProtocol - Initializing ProtocolHandler ["http-nio-8080"]
2023-10-25 10:59:40.441 [restartedMain] INFO  org.apache.catalina.core.StandardService - Starting service [Tomcat]
2023-10-25 10:59:40.441 [restartedMain] INFO  org.apache.catalina.core.StandardEngine - Starting Servlet engine: [Apache Tomcat/10.1.11]
2023-10-25 10:59:40.492 [restartedMain] INFO  o.a.c.c.C.[Tomcat].[localhost].[/community] - Initializing Spring embedded WebApplicationContext
2023-10-25 10:59:40.492 [restartedMain] INFO  o.s.b.w.s.c.ServletWebServerApplicationContext - Root WebApplicationContext: initialization completed in 1076 ms
2023-10-25 10:59:41.054 [restartedMain] INFO  o.s.b.a.web.servlet.WelcomePageHandlerMapping - Adding welcome page template: index
2023-10-25 10:59:41.227 [restartedMain] INFO  o.s.b.d.autoconfigure.OptionalLiveReloadServer - LiveReload server is running on port 35729
2023-10-25 10:59:41.250 [restartedMain] INFO  org.apache.coyote.http11.Http11NioProtocol - Starting ProtocolHandler ["http-nio-8080"]
2023-10-25 10:59:41.275 [restartedMain] INFO  o.s.boot.web.embedded.tomcat.TomcatWebServer - Tomcat started on port(s): 8080 (http) with context path '/community'
2023-10-25 10:59:41.284 [restartedMain] INFO  com.majing.community.CommunityApplication - Started CommunityApplication in 2.387 seconds (process running for 3.065)
2023-10-25 10:59:48.493 [http-nio-8080-exec-1] INFO  o.a.c.c.C.[Tomcat].[localhost].[/community] - Initializing Spring DispatcherServlet 'dispatcherServlet'
2023-10-25 10:59:48.493 [http-nio-8080-exec-1] INFO  org.springframework.web.servlet.DispatcherServlet - Initializing Servlet 'dispatcherServlet'
2023-10-25 10:59:48.494 [http-nio-8080-exec-1] INFO  org.springframework.web.servlet.DispatcherServlet - Completed initialization in 1 ms
2023-10-25 11:01:36.468 [restartedMain] INFO  com.majing.community.CommunityApplication - Starting CommunityApplication using Java 17.0.8 with PID 142708 (D:\Program Files (x86)\Java\IdeaProjects\community\community\target\classes started by majin in D:\Program Files (x86)\Java\IdeaProjects\community\community)
2023-10-25 11:01:36.470 [restartedMain] INFO  com.majing.community.CommunityApplication - No active profile set, falling back to 1 default profile: "default"
2023-10-25 11:01:36.496 [restartedMain] INFO  o.s.b.d.env.DevToolsPropertyDefaultsPostProcessor - Devtools property defaults active! Set 'spring.devtools.add-properties' to 'false' to disable
2023-10-25 11:01:36.496 [restartedMain] INFO  o.s.b.d.env.DevToolsPropertyDefaultsPostProcessor - For additional web related logging consider setting the 'logging.level.web' property to 'DEBUG'
2023-10-25 11:01:37.153 [restartedMain] INFO  o.s.boot.web.embedded.tomcat.TomcatWebServer - Tomcat initialized with port(s): 8080 (http)
2023-10-25 11:01:37.158 [restartedMain] INFO  org.apache.coyote.http11.Http11NioProtocol - Initializing ProtocolHandler ["http-nio-8080"]
2023-10-25 11:01:37.159 [restartedMain] INFO  org.apache.catalina.core.StandardService - Starting service [Tomcat]
2023-10-25 11:01:37.160 [restartedMain] INFO  org.apache.catalina.core.StandardEngine - Starting Servlet engine: [Apache Tomcat/10.1.11]
2023-10-25 11:01:37.197 [restartedMain] INFO  o.a.c.c.C.[Tomcat].[localhost].[/community] - Initializing Spring embedded WebApplicationContext
2023-10-25 11:01:37.198 [restartedMain] INFO  o.s.b.w.s.c.ServletWebServerApplicationContext - Root WebApplicationContext: initialization completed in 701 ms
2023-10-25 11:01:37.516 [restartedMain] INFO  o.s.b.a.web.servlet.WelcomePageHandlerMapping - Adding welcome page template: index
2023-10-25 11:01:37.610 [restartedMain] INFO  o.s.b.d.autoconfigure.OptionalLiveReloadServer - LiveReload server is running on port 35729
2023-10-25 11:01:37.622 [restartedMain] INFO  org.apache.coyote.http11.Http11NioProtocol - Starting ProtocolHandler ["http-nio-8080"]
2023-10-25 11:01:37.637 [restartedMain] INFO  o.s.boot.web.embedded.tomcat.TomcatWebServer - Tomcat started on port(s): 8080 (http) with context path '/community'
2023-10-25 11:01:37.644 [restartedMain] INFO  com.majing.community.CommunityApplication - Started CommunityApplication in 1.464 seconds (process running for 1.768)
2023-10-25 11:01:46.412 [http-nio-8080-exec-2] INFO  o.a.c.c.C.[Tomcat].[localhost].[/community] - Initializing Spring DispatcherServlet 'dispatcherServlet'
2023-10-25 11:01:46.413 [http-nio-8080-exec-2] INFO  org.springframework.web.servlet.DispatcherServlet - Initializing Servlet 'dispatcherServlet'
2023-10-25 11:01:46.413 [http-nio-8080-exec-2] INFO  org.springframework.web.servlet.DispatcherServlet - Completed initialization in 0 ms
2023-10-25 11:03:16.267 [restartedMain] INFO  com.majing.community.CommunityApplication - Starting CommunityApplication using Java 17.0.8 with PID 115148 (D:\Program Files (x86)\Java\IdeaProjects\community\community\target\classes started by majin in D:\Program Files (x86)\Java\IdeaProjects\community\community)
2023-10-25 11:03:16.269 [restartedMain] INFO  com.majing.community.CommunityApplication - No active profile set, falling back to 1 default profile: "default"
2023-10-25 11:03:16.295 [restartedMain] INFO  o.s.b.d.env.DevToolsPropertyDefaultsPostProcessor - Devtools property defaults active! Set 'spring.devtools.add-properties' to 'false' to disable
2023-10-25 11:03:16.295 [restartedMain] INFO  o.s.b.d.env.DevToolsPropertyDefaultsPostProcessor - For additional web related logging consider setting the 'logging.level.web' property to 'DEBUG'
2023-10-25 11:03:16.912 [restartedMain] INFO  o.s.boot.web.embedded.tomcat.TomcatWebServer - Tomcat initialized with port(s): 8080 (http)
2023-10-25 11:03:16.916 [restartedMain] INFO  org.apache.coyote.http11.Http11NioProtocol - Initializing ProtocolHandler ["http-nio-8080"]
2023-10-25 11:03:16.917 [restartedMain] INFO  org.apache.catalina.core.StandardService - Starting service [Tomcat]
2023-10-25 11:03:16.918 [restartedMain] INFO  org.apache.catalina.core.StandardEngine - Starting Servlet engine: [Apache Tomcat/10.1.11]
2023-10-25 11:03:16.955 [restartedMain] INFO  o.a.c.c.C.[Tomcat].[localhost].[/community] - Initializing Spring embedded WebApplicationContext
2023-10-25 11:03:16.955 [restartedMain] INFO  o.s.b.w.s.c.ServletWebServerApplicationContext - Root WebApplicationContext: initialization completed in 660 ms
2023-10-25 11:03:17.251 [restartedMain] INFO  o.s.b.a.web.servlet.WelcomePageHandlerMapping - Adding welcome page template: index
2023-10-25 11:03:17.345 [restartedMain] INFO  o.s.b.d.autoconfigure.OptionalLiveReloadServer - LiveReload server is running on port 35729
2023-10-25 11:03:17.356 [restartedMain] INFO  org.apache.coyote.http11.Http11NioProtocol - Starting ProtocolHandler ["http-nio-8080"]
2023-10-25 11:03:17.368 [restartedMain] INFO  o.s.boot.web.embedded.tomcat.TomcatWebServer - Tomcat started on port(s): 8080 (http) with context path '/community'
2023-10-25 11:03:17.374 [restartedMain] INFO  com.majing.community.CommunityApplication - Started CommunityApplication in 1.387 seconds (process running for 1.712)
2023-10-25 11:03:22.713 [http-nio-8080-exec-1] INFO  o.a.c.c.C.[Tomcat].[localhost].[/community] - Initializing Spring DispatcherServlet 'dispatcherServlet'
2023-10-25 11:03:22.714 [http-nio-8080-exec-1] INFO  org.springframework.web.servlet.DispatcherServlet - Initializing Servlet 'dispatcherServlet'
2023-10-25 11:03:22.714 [http-nio-8080-exec-1] INFO  org.springframework.web.servlet.DispatcherServlet - Completed initialization in 0 ms
2023-10-25 11:07:02.252 [restartedMain] INFO  com.majing.community.CommunityApplication - Starting CommunityApplication using Java 17.0.8 with PID 134484 (D:\Program Files (x86)\Java\IdeaProjects\community\community\target\classes started by majin in D:\Program Files (x86)\Java\IdeaProjects\community\community)
2023-10-25 11:07:02.254 [restartedMain] INFO  com.majing.community.CommunityApplication - No active profile set, falling back to 1 default profile: "default"
2023-10-25 11:07:02.284 [restartedMain] INFO  o.s.b.d.env.DevToolsPropertyDefaultsPostProcessor - Devtools property defaults active! Set 'spring.devtools.add-properties' to 'false' to disable
2023-10-25 11:07:02.284 [restartedMain] INFO  o.s.b.d.env.DevToolsPropertyDefaultsPostProcessor - For additional web related logging consider setting the 'logging.level.web' property to 'DEBUG'
2023-10-25 11:07:02.952 [restartedMain] INFO  o.s.boot.web.embedded.tomcat.TomcatWebServer - Tomcat initialized with port(s): 8080 (http)
2023-10-25 11:07:02.957 [restartedMain] INFO  org.apache.coyote.http11.Http11NioProtocol - Initializing ProtocolHandler ["http-nio-8080"]
2023-10-25 11:07:02.958 [restartedMain] INFO  org.apache.catalina.core.StandardService - Starting service [Tomcat]
2023-10-25 11:07:02.958 [restartedMain] INFO  org.apache.catalina.core.StandardEngine - Starting Servlet engine: [Apache Tomcat/10.1.11]
2023-10-25 11:07:02.997 [restartedMain] INFO  o.a.c.c.C.[Tomcat].[localhost].[/community] - Initializing Spring embedded WebApplicationContext
2023-10-25 11:07:02.997 [restartedMain] INFO  o.s.b.w.s.c.ServletWebServerApplicationContext - Root WebApplicationContext: initialization completed in 713 ms
2023-10-25 11:07:03.290 [restartedMain] INFO  o.s.b.a.web.servlet.WelcomePageHandlerMapping - Adding welcome page template: index
2023-10-25 11:07:03.388 [restartedMain] INFO  o.s.b.d.autoconfigure.OptionalLiveReloadServer - LiveReload server is running on port 35729
2023-10-25 11:07:03.399 [restartedMain] INFO  org.apache.coyote.http11.Http11NioProtocol - Starting ProtocolHandler ["http-nio-8080"]
2023-10-25 11:07:03.410 [restartedMain] INFO  o.s.boot.web.embedded.tomcat.TomcatWebServer - Tomcat started on port(s): 8080 (http) with context path '/community'
2023-10-25 11:07:03.417 [restartedMain] INFO  com.majing.community.CommunityApplication - Started CommunityApplication in 1.451 seconds (process running for 1.779)
2023-10-25 11:07:11.096 [http-nio-8080-exec-2] INFO  o.a.c.c.C.[Tomcat].[localhost].[/community] - Initializing Spring DispatcherServlet 'dispatcherServlet'
2023-10-25 11:07:11.096 [http-nio-8080-exec-2] INFO  org.springframework.web.servlet.DispatcherServlet - Initializing Servlet 'dispatcherServlet'
2023-10-25 11:07:11.097 [http-nio-8080-exec-2] INFO  org.springframework.web.servlet.DispatcherServlet - Completed initialization in 1 ms
2023-10-25 11:12:13.983 [restartedMain] INFO  com.majing.community.CommunityApplication - Starting CommunityApplication using Java 17.0.8 with PID 142412 (D:\Program Files (x86)\Java\IdeaProjects\community\community\target\classes started by majin in D:\Program Files (x86)\Java\IdeaProjects\community\community)
2023-10-25 11:12:13.985 [restartedMain] INFO  com.majing.community.CommunityApplication - No active profile set, falling back to 1 default profile: "default"
2023-10-25 11:12:14.015 [restartedMain] INFO  o.s.b.d.env.DevToolsPropertyDefaultsPostProcessor - Devtools property defaults active! Set 'spring.devtools.add-properties' to 'false' to disable
2023-10-25 11:12:14.015 [restartedMain] INFO  o.s.b.d.env.DevToolsPropertyDefaultsPostProcessor - For additional web related logging consider setting the 'logging.level.web' property to 'DEBUG'
2023-10-25 11:12:14.690 [restartedMain] INFO  o.s.boot.web.embedded.tomcat.TomcatWebServer - Tomcat initialized with port(s): 8080 (http)
2023-10-25 11:12:14.695 [restartedMain] INFO  org.apache.coyote.http11.Http11NioProtocol - Initializing ProtocolHandler ["http-nio-8080"]
2023-10-25 11:12:14.696 [restartedMain] INFO  org.apache.catalina.core.StandardService - Starting service [Tomcat]
2023-10-25 11:12:14.696 [restartedMain] INFO  org.apache.catalina.core.StandardEngine - Starting Servlet engine: [Apache Tomcat/10.1.11]
2023-10-25 11:12:14.734 [restartedMain] INFO  o.a.c.c.C.[Tomcat].[localhost].[/community] - Initializing Spring embedded WebApplicationContext
2023-10-25 11:12:14.735 [restartedMain] INFO  o.s.b.w.s.c.ServletWebServerApplicationContext - Root WebApplicationContext: initialization completed in 720 ms
2023-10-25 11:12:15.048 [restartedMain] INFO  o.s.b.a.web.servlet.WelcomePageHandlerMapping - Adding welcome page template: index
2023-10-25 11:12:15.146 [restartedMain] INFO  o.s.b.d.autoconfigure.OptionalLiveReloadServer - LiveReload server is running on port 35729
2023-10-25 11:12:15.158 [restartedMain] INFO  org.apache.coyote.http11.Http11NioProtocol - Starting ProtocolHandler ["http-nio-8080"]
2023-10-25 11:12:15.169 [restartedMain] INFO  o.s.boot.web.embedded.tomcat.TomcatWebServer - Tomcat started on port(s): 8080 (http) with context path '/community'
2023-10-25 11:12:15.175 [restartedMain] INFO  com.majing.community.CommunityApplication - Started CommunityApplication in 1.461 seconds (process running for 1.781)
2023-10-25 11:12:17.396 [http-nio-8080-exec-2] INFO  o.a.c.c.C.[Tomcat].[localhost].[/community] - Initializing Spring DispatcherServlet 'dispatcherServlet'
2023-10-25 11:12:17.397 [http-nio-8080-exec-2] INFO  org.springframework.web.servlet.DispatcherServlet - Initializing Servlet 'dispatcherServlet'
2023-10-25 11:12:17.397 [http-nio-8080-exec-2] INFO  org.springframework.web.servlet.DispatcherServlet - Completed initialization in 0 ms
2023-10-25 11:13:07.956 [restartedMain] INFO  com.majing.community.CommunityApplication - Starting CommunityApplication using Java 17.0.8 with PID 85296 (D:\Program Files (x86)\Java\IdeaProjects\community\community\target\classes started by majin in D:\Program Files (x86)\Java\IdeaProjects\community\community)
2023-10-25 11:13:07.957 [restartedMain] INFO  com.majing.community.CommunityApplication - No active profile set, falling back to 1 default profile: "default"
2023-10-25 11:13:07.985 [restartedMain] INFO  o.s.b.d.env.DevToolsPropertyDefaultsPostProcessor - Devtools property defaults active! Set 'spring.devtools.add-properties' to 'false' to disable
2023-10-25 11:13:07.985 [restartedMain] INFO  o.s.b.d.env.DevToolsPropertyDefaultsPostProcessor - For additional web related logging consider setting the 'logging.level.web' property to 'DEBUG'
2023-10-25 11:13:08.654 [restartedMain] INFO  o.s.boot.web.embedded.tomcat.TomcatWebServer - Tomcat initialized with port(s): 8080 (http)
2023-10-25 11:13:08.659 [restartedMain] INFO  org.apache.coyote.http11.Http11NioProtocol - Initializing ProtocolHandler ["http-nio-8080"]
2023-10-25 11:13:08.660 [restartedMain] INFO  org.apache.catalina.core.StandardService - Starting service [Tomcat]
2023-10-25 11:13:08.661 [restartedMain] INFO  org.apache.catalina.core.StandardEngine - Starting Servlet engine: [Apache Tomcat/10.1.11]
2023-10-25 11:13:08.696 [restartedMain] INFO  o.a.c.c.C.[Tomcat].[localhost].[/community] - Initializing Spring embedded WebApplicationContext
2023-10-25 11:13:08.697 [restartedMain] INFO  o.s.b.w.s.c.ServletWebServerApplicationContext - Root WebApplicationContext: initialization completed in 711 ms
2023-10-25 11:13:08.993 [restartedMain] INFO  o.s.b.a.web.servlet.WelcomePageHandlerMapping - Adding welcome page template: index
2023-10-25 11:13:09.095 [restartedMain] INFO  o.s.b.d.autoconfigure.OptionalLiveReloadServer - LiveReload server is running on port 35729
2023-10-25 11:13:09.105 [restartedMain] INFO  org.apache.coyote.http11.Http11NioProtocol - Starting ProtocolHandler ["http-nio-8080"]
2023-10-25 11:13:09.116 [restartedMain] INFO  o.s.boot.web.embedded.tomcat.TomcatWebServer - Tomcat started on port(s): 8080 (http) with context path '/community'
2023-10-25 11:13:09.123 [restartedMain] INFO  com.majing.community.CommunityApplication - Started CommunityApplication in 1.448 seconds (process running for 1.785)
2023-10-25 11:13:11.492 [http-nio-8080-exec-3] INFO  o.a.c.c.C.[Tomcat].[localhost].[/community] - Initializing Spring DispatcherServlet 'dispatcherServlet'
2023-10-25 11:13:11.492 [http-nio-8080-exec-3] INFO  org.springframework.web.servlet.DispatcherServlet - Initializing Servlet 'dispatcherServlet'
2023-10-25 11:13:11.493 [http-nio-8080-exec-3] INFO  org.springframework.web.servlet.DispatcherServlet - Completed initialization in 1 ms
2023-10-25 11:17:31.060 [restartedMain] INFO  com.majing.community.CommunityApplication - Starting CommunityApplication using Java 17.0.8 with PID 140012 (D:\Program Files (x86)\Java\IdeaProjects\community\community\target\classes started by majin in D:\Program Files (x86)\Java\IdeaProjects\community\community)
2023-10-25 11:17:31.061 [restartedMain] INFO  com.majing.community.CommunityApplication - No active profile set, falling back to 1 default profile: "default"
2023-10-25 11:17:31.091 [restartedMain] INFO  o.s.b.d.env.DevToolsPropertyDefaultsPostProcessor - Devtools property defaults active! Set 'spring.devtools.add-properties' to 'false' to disable
2023-10-25 11:17:31.091 [restartedMain] INFO  o.s.b.d.env.DevToolsPropertyDefaultsPostProcessor - For additional web related logging consider setting the 'logging.level.web' property to 'DEBUG'
2023-10-25 11:17:31.758 [restartedMain] INFO  o.s.boot.web.embedded.tomcat.TomcatWebServer - Tomcat initialized with port(s): 8080 (http)
2023-10-25 11:17:31.763 [restartedMain] INFO  org.apache.coyote.http11.Http11NioProtocol - Initializing ProtocolHandler ["http-nio-8080"]
2023-10-25 11:17:31.764 [restartedMain] INFO  org.apache.catalina.core.StandardService - Starting service [Tomcat]
2023-10-25 11:17:31.764 [restartedMain] INFO  org.apache.catalina.core.StandardEngine - Starting Servlet engine: [Apache Tomcat/10.1.11]
2023-10-25 11:17:31.802 [restartedMain] INFO  o.a.c.c.C.[Tomcat].[localhost].[/community] - Initializing Spring embedded WebApplicationContext
2023-10-25 11:17:31.802 [restartedMain] INFO  o.s.b.w.s.c.ServletWebServerApplicationContext - Root WebApplicationContext: initialization completed in 711 ms
2023-10-25 11:17:32.125 [restartedMain] INFO  o.s.b.a.web.servlet.WelcomePageHandlerMapping - Adding welcome page template: index
2023-10-25 11:17:32.221 [restartedMain] INFO  o.s.b.d.autoconfigure.OptionalLiveReloadServer - LiveReload server is running on port 35729
2023-10-25 11:17:32.233 [restartedMain] INFO  org.apache.coyote.http11.Http11NioProtocol - Starting ProtocolHandler ["http-nio-8080"]
2023-10-25 11:17:32.245 [restartedMain] INFO  o.s.boot.web.embedded.tomcat.TomcatWebServer - Tomcat started on port(s): 8080 (http) with context path '/community'
2023-10-25 11:17:32.252 [restartedMain] INFO  com.majing.community.CommunityApplication - Started CommunityApplication in 1.477 seconds (process running for 1.779)
2023-10-25 11:17:35.771 [http-nio-8080-exec-1] INFO  o.a.c.c.C.[Tomcat].[localhost].[/community] - Initializing Spring DispatcherServlet 'dispatcherServlet'
2023-10-25 11:17:35.771 [http-nio-8080-exec-1] INFO  org.springframework.web.servlet.DispatcherServlet - Initializing Servlet 'dispatcherServlet'
2023-10-25 11:17:35.771 [http-nio-8080-exec-1] INFO  org.springframework.web.servlet.DispatcherServlet - Completed initialization in 0 ms
2023-10-25 14:17:30.246 [restartedMain] INFO  com.majing.community.CommunityApplication - Starting CommunityApplication using Java 17.0.8 with PID 127424 (D:\Program Files (x86)\Java\IdeaProjects\community\community\target\classes started by majin in D:\Program Files (x86)\Java\IdeaProjects\community\community)
2023-10-25 14:17:30.248 [restartedMain] INFO  com.majing.community.CommunityApplication - No active profile set, falling back to 1 default profile: "default"
2023-10-25 14:17:30.283 [restartedMain] INFO  o.s.b.d.env.DevToolsPropertyDefaultsPostProcessor - Devtools property defaults active! Set 'spring.devtools.add-properties' to 'false' to disable
2023-10-25 14:17:30.283 [restartedMain] INFO  o.s.b.d.env.DevToolsPropertyDefaultsPostProcessor - For additional web related logging consider setting the 'logging.level.web' property to 'DEBUG'
2023-10-25 14:17:31.162 [restartedMain] INFO  o.s.boot.web.embedded.tomcat.TomcatWebServer - Tomcat initialized with port(s): 8080 (http)
2023-10-25 14:17:31.168 [restartedMain] INFO  org.apache.coyote.http11.Http11NioProtocol - Initializing ProtocolHandler ["http-nio-8080"]
2023-10-25 14:17:31.170 [restartedMain] INFO  org.apache.catalina.core.StandardService - Starting service [Tomcat]
2023-10-25 14:17:31.170 [restartedMain] INFO  org.apache.catalina.core.StandardEngine - Starting Servlet engine: [Apache Tomcat/10.1.11]
2023-10-25 14:17:31.220 [restartedMain] INFO  o.a.c.c.C.[Tomcat].[localhost].[/community] - Initializing Spring embedded WebApplicationContext
2023-10-25 14:17:31.221 [restartedMain] INFO  o.s.b.w.s.c.ServletWebServerApplicationContext - Root WebApplicationContext: initialization completed in 938 ms
2023-10-25 14:17:31.653 [restartedMain] INFO  o.s.b.a.web.servlet.WelcomePageHandlerMapping - Adding welcome page template: index
2023-10-25 14:17:31.777 [restartedMain] INFO  o.s.b.d.autoconfigure.OptionalLiveReloadServer - LiveReload server is running on port 35729
2023-10-25 14:17:31.790 [restartedMain] INFO  org.apache.coyote.http11.Http11NioProtocol - Starting ProtocolHandler ["http-nio-8080"]
2023-10-25 14:17:31.805 [restartedMain] INFO  o.s.boot.web.embedded.tomcat.TomcatWebServer - Tomcat started on port(s): 8080 (http) with context path '/community'
2023-10-25 14:17:31.812 [restartedMain] INFO  com.majing.community.CommunityApplication - Started CommunityApplication in 1.939 seconds (process running for 2.873)
2023-10-25 14:17:47.327 [http-nio-8080-exec-1] INFO  o.a.c.c.C.[Tomcat].[localhost].[/community] - Initializing Spring DispatcherServlet 'dispatcherServlet'
2023-10-25 14:17:47.327 [http-nio-8080-exec-1] INFO  org.springframework.web.servlet.DispatcherServlet - Initializing Servlet 'dispatcherServlet'
2023-10-25 14:17:47.328 [http-nio-8080-exec-1] INFO  org.springframework.web.servlet.DispatcherServlet - Completed initialization in 1 ms
