2023-11-14 12:28:24.181 [main] INFO  com.majing.community.KafkaTest - Starting KafkaTest using Java 17.0.8 with PID 181008 (started by majin in D:\Program Files (x86)\Java\IdeaProjects\community\community)
2023-11-14 12:28:24.184 [main] INFO  com.majing.community.KafkaTest - No active profile set, falling back to 1 default profile: "default"
2023-11-14 12:28:24.846 [main] INFO  o.s.d.r.config.RepositoryConfigurationDelegate - Multiple Spring Data modules found, entering strict repository configuration mode
2023-11-14 12:28:24.850 [main] INFO  o.s.d.r.config.RepositoryConfigurationDelegate - Bootstrapping Spring Data Redis repositories in DEFAULT mode.
2023-11-14 12:28:24.876 [main] INFO  o.s.d.r.config.RepositoryConfigurationDelegate - Finished Spring Data repository scanning in 12 ms. Found 0 Redis repository interfaces.
2023-11-14 12:28:28.117 [main] INFO  o.s.b.a.web.servlet.WelcomePageHandlerMapping - Adding welcome page template: index
2023-11-14 12:28:29.306 [main] INFO  org.apache.kafka.clients.consumer.ConsumerConfig - ConsumerConfig values: 
	allow.auto.create.topics = true
	auto.commit.interval.ms = 3000
	auto.include.jmx.reporter = true
	auto.offset.reset = latest
	bootstrap.servers = [localhost:9092]
	check.crcs = true
	client.dns.lookup = use_all_dns_ips
	client.id = consumer-community-consumer-group-1
	client.rack = 
	connections.max.idle.ms = 540000
	default.api.timeout.ms = 60000
	enable.auto.commit = true
	exclude.internal.topics = true
	fetch.max.bytes = 52428800
	fetch.max.wait.ms = 500
	fetch.min.bytes = 1
	group.id = community-consumer-group
	group.instance.id = null
	heartbeat.interval.ms = 3000
	interceptor.classes = []
	internal.leave.group.on.close = true
	internal.throw.on.fetch.stable.offset.unsupported = false
	isolation.level = read_uncommitted
	key.deserializer = class org.apache.kafka.common.serialization.StringDeserializer
	max.partition.fetch.bytes = 1048576
	max.poll.interval.ms = 300000
	max.poll.records = 500
	metadata.max.age.ms = 300000
	metric.reporters = []
	metrics.num.samples = 2
	metrics.recording.level = INFO
	metrics.sample.window.ms = 30000
	partition.assignment.strategy = [class org.apache.kafka.clients.consumer.RangeAssignor, class org.apache.kafka.clients.consumer.CooperativeStickyAssignor]
	receive.buffer.bytes = 65536
	reconnect.backoff.max.ms = 1000
	reconnect.backoff.ms = 50
	request.timeout.ms = 30000
	retry.backoff.ms = 100
	sasl.client.callback.handler.class = null
	sasl.jaas.config = null
	sasl.kerberos.kinit.cmd = /usr/bin/kinit
	sasl.kerberos.min.time.before.relogin = 60000
	sasl.kerberos.service.name = null
	sasl.kerberos.ticket.renew.jitter = 0.05
	sasl.kerberos.ticket.renew.window.factor = 0.8
	sasl.login.callback.handler.class = null
	sasl.login.class = null
	sasl.login.connect.timeout.ms = null
	sasl.login.read.timeout.ms = null
	sasl.login.refresh.buffer.seconds = 300
	sasl.login.refresh.min.period.seconds = 60
	sasl.login.refresh.window.factor = 0.8
	sasl.login.refresh.window.jitter = 0.05
	sasl.login.retry.backoff.max.ms = 10000
	sasl.login.retry.backoff.ms = 100
	sasl.mechanism = GSSAPI
	sasl.oauthbearer.clock.skew.seconds = 30
	sasl.oauthbearer.expected.audience = null
	sasl.oauthbearer.expected.issuer = null
	sasl.oauthbearer.jwks.endpoint.refresh.ms = 3600000
	sasl.oauthbearer.jwks.endpoint.retry.backoff.max.ms = 10000
	sasl.oauthbearer.jwks.endpoint.retry.backoff.ms = 100
	sasl.oauthbearer.jwks.endpoint.url = null
	sasl.oauthbearer.scope.claim.name = scope
	sasl.oauthbearer.sub.claim.name = sub
	sasl.oauthbearer.token.endpoint.url = null
	security.protocol = PLAINTEXT
	security.providers = null
	send.buffer.bytes = 131072
	session.timeout.ms = 45000
	socket.connection.setup.timeout.max.ms = 30000
	socket.connection.setup.timeout.ms = 10000
	ssl.cipher.suites = null
	ssl.enabled.protocols = [TLSv1.2, TLSv1.3]
	ssl.endpoint.identification.algorithm = https
	ssl.engine.factory.class = null
	ssl.key.password = null
	ssl.keymanager.algorithm = SunX509
	ssl.keystore.certificate.chain = null
	ssl.keystore.key = null
	ssl.keystore.location = null
	ssl.keystore.password = null
	ssl.keystore.type = JKS
	ssl.protocol = TLSv1.3
	ssl.provider = null
	ssl.secure.random.implementation = null
	ssl.trustmanager.algorithm = PKIX
	ssl.truststore.certificates = null
	ssl.truststore.location = null
	ssl.truststore.password = null
	ssl.truststore.type = JKS
	value.deserializer = class org.apache.kafka.common.serialization.StringDeserializer

2023-11-14 12:28:29.617 [main] INFO  org.apache.kafka.common.utils.AppInfoParser - Kafka version: 3.4.1
2023-11-14 12:28:29.621 [main] INFO  org.apache.kafka.common.utils.AppInfoParser - Kafka commitId: 8a516edc2755df89
2023-11-14 12:28:29.621 [main] INFO  org.apache.kafka.common.utils.AppInfoParser - Kafka startTimeMs: 1699936109615
2023-11-14 12:28:29.629 [main] INFO  org.apache.kafka.clients.consumer.KafkaConsumer - [Consumer clientId=consumer-community-consumer-group-1, groupId=community-consumer-group] Subscribed to topic(s): test
2023-11-14 12:28:29.652 [main] INFO  com.majing.community.KafkaTest - Started KafkaTest in 5.86 seconds (process running for 6.704)
2023-11-14 12:28:30.205 [org.springframework.kafka.KafkaListenerEndpointContainer#0-0-C-1] INFO  org.apache.kafka.clients.NetworkClient - [Consumer clientId=consumer-community-consumer-group-1, groupId=community-consumer-group] Node -1 disconnected.
2023-11-14 12:28:30.322 [org.springframework.kafka.KafkaListenerEndpointContainer#0-0-C-1] INFO  org.apache.kafka.clients.NetworkClient - [Consumer clientId=consumer-community-consumer-group-1, groupId=community-consumer-group] Node -1 disconnected.
2023-11-14 12:28:30.428 [org.springframework.kafka.KafkaListenerEndpointContainer#0-0-C-1] INFO  org.apache.kafka.clients.NetworkClient - [Consumer clientId=consumer-community-consumer-group-1, groupId=community-consumer-group] Node -1 disconnected.
2023-11-14 12:28:30.589 [main] INFO  org.apache.kafka.clients.producer.ProducerConfig - ProducerConfig values: 
	acks = -1
	auto.include.jmx.reporter = true
	batch.size = 16384
	bootstrap.servers = [localhost:9092]
	buffer.memory = 33554432
	client.dns.lookup = use_all_dns_ips
	client.id = producer-1
	compression.type = none
	connections.max.idle.ms = 540000
	delivery.timeout.ms = 120000
	enable.idempotence = true
	interceptor.classes = []
	key.serializer = class org.apache.kafka.common.serialization.StringSerializer
	linger.ms = 0
	max.block.ms = 60000
	max.in.flight.requests.per.connection = 5
	max.request.size = 1048576
	metadata.max.age.ms = 300000
	metadata.max.idle.ms = 300000
	metric.reporters = []
	metrics.num.samples = 2
	metrics.recording.level = INFO
	metrics.sample.window.ms = 30000
	partitioner.adaptive.partitioning.enable = true
	partitioner.availability.timeout.ms = 0
	partitioner.class = null
	partitioner.ignore.keys = false
	receive.buffer.bytes = 32768
	reconnect.backoff.max.ms = 1000
	reconnect.backoff.ms = 50
	request.timeout.ms = 30000
	retries = 2147483647
	retry.backoff.ms = 100
	sasl.client.callback.handler.class = null
	sasl.jaas.config = null
	sasl.kerberos.kinit.cmd = /usr/bin/kinit
	sasl.kerberos.min.time.before.relogin = 60000
	sasl.kerberos.service.name = null
	sasl.kerberos.ticket.renew.jitter = 0.05
	sasl.kerberos.ticket.renew.window.factor = 0.8
	sasl.login.callback.handler.class = null
	sasl.login.class = null
	sasl.login.connect.timeout.ms = null
	sasl.login.read.timeout.ms = null
	sasl.login.refresh.buffer.seconds = 300
	sasl.login.refresh.min.period.seconds = 60
	sasl.login.refresh.window.factor = 0.8
	sasl.login.refresh.window.jitter = 0.05
	sasl.login.retry.backoff.max.ms = 10000
	sasl.login.retry.backoff.ms = 100
	sasl.mechanism = GSSAPI
	sasl.oauthbearer.clock.skew.seconds = 30
	sasl.oauthbearer.expected.audience = null
	sasl.oauthbearer.expected.issuer = null
	sasl.oauthbearer.jwks.endpoint.refresh.ms = 3600000
	sasl.oauthbearer.jwks.endpoint.retry.backoff.max.ms = 10000
	sasl.oauthbearer.jwks.endpoint.retry.backoff.ms = 100
	sasl.oauthbearer.jwks.endpoint.url = null
	sasl.oauthbearer.scope.claim.name = scope
	sasl.oauthbearer.sub.claim.name = sub
	sasl.oauthbearer.token.endpoint.url = null
	security.protocol = PLAINTEXT
	security.providers = null
	send.buffer.bytes = 131072
	socket.connection.setup.timeout.max.ms = 30000
	socket.connection.setup.timeout.ms = 10000
	ssl.cipher.suites = null
	ssl.enabled.protocols = [TLSv1.2, TLSv1.3]
	ssl.endpoint.identification.algorithm = https
	ssl.engine.factory.class = null
	ssl.key.password = null
	ssl.keymanager.algorithm = SunX509
	ssl.keystore.certificate.chain = null
	ssl.keystore.key = null
	ssl.keystore.location = null
	ssl.keystore.password = null
	ssl.keystore.type = JKS
	ssl.protocol = TLSv1.3
	ssl.provider = null
	ssl.secure.random.implementation = null
	ssl.trustmanager.algorithm = PKIX
	ssl.truststore.certificates = null
	ssl.truststore.location = null
	ssl.truststore.password = null
	ssl.truststore.type = JKS
	transaction.timeout.ms = 60000
	transactional.id = null
	value.serializer = class org.apache.kafka.common.serialization.StringSerializer

2023-11-14 12:28:30.599 [main] INFO  org.apache.kafka.clients.producer.KafkaProducer - [Producer clientId=producer-1] Instantiated an idempotent producer.
2023-11-14 12:28:30.613 [main] INFO  org.apache.kafka.common.utils.AppInfoParser - Kafka version: 3.4.1
2023-11-14 12:28:30.613 [main] INFO  org.apache.kafka.common.utils.AppInfoParser - Kafka commitId: 8a516edc2755df89
2023-11-14 12:28:30.613 [main] INFO  org.apache.kafka.common.utils.AppInfoParser - Kafka startTimeMs: 1699936110613
2023-11-14 12:28:30.616 [kafka-producer-network-thread | producer-1] INFO  org.apache.kafka.clients.NetworkClient - [Producer clientId=producer-1] Node -1 disconnected.
2023-11-14 12:28:30.660 [org.springframework.kafka.KafkaListenerEndpointContainer#0-0-C-1] INFO  org.apache.kafka.clients.NetworkClient - [Consumer clientId=consumer-community-consumer-group-1, groupId=community-consumer-group] Node -1 disconnected.
2023-11-14 12:28:30.721 [kafka-producer-network-thread | producer-1] INFO  org.apache.kafka.clients.NetworkClient - [Producer clientId=producer-1] Node -1 disconnected.
2023-11-14 12:28:30.891 [kafka-producer-network-thread | producer-1] INFO  org.apache.kafka.clients.NetworkClient - [Producer clientId=producer-1] Node -1 disconnected.
2023-11-14 12:28:31.092 [org.springframework.kafka.KafkaListenerEndpointContainer#0-0-C-1] INFO  org.apache.kafka.clients.NetworkClient - [Consumer clientId=consumer-community-consumer-group-1, groupId=community-consumer-group] Node -1 disconnected.
2023-11-14 12:28:31.174 [kafka-producer-network-thread | producer-1] INFO  org.apache.kafka.clients.NetworkClient - [Producer clientId=producer-1] Node -1 disconnected.
2023-11-14 12:28:31.655 [kafka-producer-network-thread | producer-1] INFO  org.apache.kafka.clients.NetworkClient - [Producer clientId=producer-1] Node -1 disconnected.
2023-11-14 12:28:32.060 [org.springframework.kafka.KafkaListenerEndpointContainer#0-0-C-1] INFO  org.apache.kafka.clients.NetworkClient - [Consumer clientId=consumer-community-consumer-group-1, groupId=community-consumer-group] Node -1 disconnected.
2023-11-14 12:28:32.511 [kafka-producer-network-thread | producer-1] INFO  org.apache.kafka.clients.NetworkClient - [Producer clientId=producer-1] Node -1 disconnected.
2023-11-14 12:28:32.978 [org.springframework.kafka.KafkaListenerEndpointContainer#0-0-C-1] INFO  org.apache.kafka.clients.NetworkClient - [Consumer clientId=consumer-community-consumer-group-1, groupId=community-consumer-group] Node -1 disconnected.
2023-11-14 12:28:33.430 [kafka-producer-network-thread | producer-1] INFO  org.apache.kafka.clients.NetworkClient - [Producer clientId=producer-1] Node -1 disconnected.
2023-11-14 12:28:34.008 [org.springframework.kafka.KafkaListenerEndpointContainer#0-0-C-1] INFO  org.apache.kafka.clients.NetworkClient - [Consumer clientId=consumer-community-consumer-group-1, groupId=community-consumer-group] Node -1 disconnected.
2023-11-14 12:28:34.634 [kafka-producer-network-thread | producer-1] INFO  org.apache.kafka.clients.NetworkClient - [Producer clientId=producer-1] Node -1 disconnected.
2023-11-14 12:28:34.958 [org.springframework.kafka.KafkaListenerEndpointContainer#0-0-C-1] INFO  org.apache.kafka.clients.NetworkClient - [Consumer clientId=consumer-community-consumer-group-1, groupId=community-consumer-group] Node -1 disconnected.
2023-11-14 12:28:35.830 [kafka-producer-network-thread | producer-1] INFO  org.apache.kafka.clients.NetworkClient - [Producer clientId=producer-1] Node -1 disconnected.
2023-11-14 12:28:35.938 [org.springframework.kafka.KafkaListenerEndpointContainer#0-0-C-1] INFO  org.apache.kafka.clients.NetworkClient - [Consumer clientId=consumer-community-consumer-group-1, groupId=community-consumer-group] Node -1 disconnected.
2023-11-14 12:28:36.853 [org.springframework.kafka.KafkaListenerEndpointContainer#0-0-C-1] INFO  org.apache.kafka.clients.NetworkClient - [Consumer clientId=consumer-community-consumer-group-1, groupId=community-consumer-group] Node -1 disconnected.
2023-11-14 12:28:36.900 [kafka-producer-network-thread | producer-1] INFO  org.apache.kafka.clients.NetworkClient - [Producer clientId=producer-1] Node -1 disconnected.
2023-11-14 12:28:37.941 [org.springframework.kafka.KafkaListenerEndpointContainer#0-0-C-1] INFO  org.apache.kafka.clients.NetworkClient - [Consumer clientId=consumer-community-consumer-group-1, groupId=community-consumer-group] Node -1 disconnected.
2023-11-14 12:28:38.128 [kafka-producer-network-thread | producer-1] INFO  org.apache.kafka.clients.NetworkClient - [Producer clientId=producer-1] Node -1 disconnected.
2023-11-14 12:28:38.844 [org.springframework.kafka.KafkaListenerEndpointContainer#0-0-C-1] INFO  org.apache.kafka.clients.NetworkClient - [Consumer clientId=consumer-community-consumer-group-1, groupId=community-consumer-group] Node -1 disconnected.
2023-11-14 12:28:39.030 [kafka-producer-network-thread | producer-1] INFO  org.apache.kafka.clients.NetworkClient - [Producer clientId=producer-1] Node -1 disconnected.
2023-11-14 12:28:39.896 [org.springframework.kafka.KafkaListenerEndpointContainer#0-0-C-1] INFO  org.apache.kafka.clients.NetworkClient - [Consumer clientId=consumer-community-consumer-group-1, groupId=community-consumer-group] Node -1 disconnected.
2023-11-14 12:28:40.009 [kafka-producer-network-thread | producer-1] INFO  org.apache.kafka.clients.NetworkClient - [Producer clientId=producer-1] Node -1 disconnected.
2023-11-14 12:28:40.956 [kafka-producer-network-thread | producer-1] INFO  org.apache.kafka.clients.NetworkClient - [Producer clientId=producer-1] Node -1 disconnected.
2023-11-14 12:28:41.064 [org.springframework.kafka.KafkaListenerEndpointContainer#0-0-C-1] INFO  org.apache.kafka.clients.NetworkClient - [Consumer clientId=consumer-community-consumer-group-1, groupId=community-consumer-group] Node -1 disconnected.
2023-11-14 12:28:41.905 [kafka-producer-network-thread | producer-1] INFO  org.apache.kafka.clients.NetworkClient - [Producer clientId=producer-1] Node -1 disconnected.
2023-11-14 12:28:42.159 [org.springframework.kafka.KafkaListenerEndpointContainer#0-0-C-1] INFO  org.apache.kafka.clients.NetworkClient - [Consumer clientId=consumer-community-consumer-group-1, groupId=community-consumer-group] Node -1 disconnected.
2023-11-14 12:28:42.830 [kafka-producer-network-thread | producer-1] INFO  org.apache.kafka.clients.NetworkClient - [Producer clientId=producer-1] Node -1 disconnected.
2023-11-14 12:28:43.071 [org.springframework.kafka.KafkaListenerEndpointContainer#0-0-C-1] INFO  org.apache.kafka.clients.NetworkClient - [Consumer clientId=consumer-community-consumer-group-1, groupId=community-consumer-group] Node -1 disconnected.
2023-11-14 12:28:44.033 [kafka-producer-network-thread | producer-1] INFO  org.apache.kafka.clients.NetworkClient - [Producer clientId=producer-1] Node -1 disconnected.
2023-11-14 12:28:44.219 [org.springframework.kafka.KafkaListenerEndpointContainer#0-0-C-1] INFO  org.apache.kafka.clients.NetworkClient - [Consumer clientId=consumer-community-consumer-group-1, groupId=community-consumer-group] Node -1 disconnected.
2023-11-14 12:28:45.059 [kafka-producer-network-thread | producer-1] INFO  org.apache.kafka.clients.NetworkClient - [Producer clientId=producer-1] Node -1 disconnected.
2023-11-14 12:28:45.232 [org.springframework.kafka.KafkaListenerEndpointContainer#0-0-C-1] INFO  org.apache.kafka.clients.NetworkClient - [Consumer clientId=consumer-community-consumer-group-1, groupId=community-consumer-group] Node -1 disconnected.
2023-11-14 12:28:46.166 [org.springframework.kafka.KafkaListenerEndpointContainer#0-0-C-1] INFO  org.apache.kafka.clients.NetworkClient - [Consumer clientId=consumer-community-consumer-group-1, groupId=community-consumer-group] Node -1 disconnected.
2023-11-14 12:28:46.212 [kafka-producer-network-thread | producer-1] INFO  org.apache.kafka.clients.NetworkClient - [Producer clientId=producer-1] Node -1 disconnected.
2023-11-14 12:28:47.111 [kafka-producer-network-thread | producer-1] INFO  org.apache.kafka.clients.NetworkClient - [Producer clientId=producer-1] Node -1 disconnected.
2023-11-14 12:28:47.327 [org.springframework.kafka.KafkaListenerEndpointContainer#0-0-C-1] INFO  org.apache.kafka.clients.NetworkClient - [Consumer clientId=consumer-community-consumer-group-1, groupId=community-consumer-group] Node -1 disconnected.
2023-11-14 12:28:48.334 [kafka-producer-network-thread | producer-1] INFO  org.apache.kafka.clients.NetworkClient - [Producer clientId=producer-1] Node -1 disconnected.
2023-11-14 12:28:48.480 [org.springframework.kafka.KafkaListenerEndpointContainer#0-0-C-1] INFO  org.apache.kafka.clients.NetworkClient - [Consumer clientId=consumer-community-consumer-group-1, groupId=community-consumer-group] Node -1 disconnected.
2023-11-14 12:28:49.482 [kafka-producer-network-thread | producer-1] INFO  org.apache.kafka.clients.NetworkClient - [Producer clientId=producer-1] Node -1 disconnected.
2023-11-14 12:28:49.685 [org.springframework.kafka.KafkaListenerEndpointContainer#0-0-C-1] INFO  org.apache.kafka.clients.NetworkClient - [Consumer clientId=consumer-community-consumer-group-1, groupId=community-consumer-group] Node -1 disconnected.
2023-11-14 12:28:50.444 [kafka-producer-network-thread | producer-1] INFO  org.apache.kafka.clients.NetworkClient - [Producer clientId=producer-1] Node -1 disconnected.
2023-11-14 12:28:50.906 [org.springframework.kafka.KafkaListenerEndpointContainer#0-0-C-1] INFO  org.apache.kafka.clients.NetworkClient - [Consumer clientId=consumer-community-consumer-group-1, groupId=community-consumer-group] Node -1 disconnected.
2023-11-14 12:28:51.578 [kafka-producer-network-thread | producer-1] INFO  org.apache.kafka.clients.NetworkClient - [Producer clientId=producer-1] Node -1 disconnected.
2023-11-14 12:28:52.070 [org.springframework.kafka.KafkaListenerEndpointContainer#0-0-C-1] INFO  org.apache.kafka.clients.NetworkClient - [Consumer clientId=consumer-community-consumer-group-1, groupId=community-consumer-group] Node -1 disconnected.
2023-11-14 12:28:52.431 [kafka-producer-network-thread | producer-1] INFO  org.apache.kafka.clients.NetworkClient - [Producer clientId=producer-1] Node -1 disconnected.
2023-11-14 12:28:53.283 [org.springframework.kafka.KafkaListenerEndpointContainer#0-0-C-1] INFO  org.apache.kafka.clients.NetworkClient - [Consumer clientId=consumer-community-consumer-group-1, groupId=community-consumer-group] Node -1 disconnected.
2023-11-14 12:28:53.515 [kafka-producer-network-thread | producer-1] INFO  org.apache.kafka.clients.NetworkClient - [Producer clientId=producer-1] Node -1 disconnected.
2023-11-14 12:28:54.370 [org.springframework.kafka.KafkaListenerEndpointContainer#0-0-C-1] INFO  org.apache.kafka.clients.NetworkClient - [Consumer clientId=consumer-community-consumer-group-1, groupId=community-consumer-group] Node -1 disconnected.
2023-11-14 12:28:54.479 [kafka-producer-network-thread | producer-1] INFO  org.apache.kafka.clients.NetworkClient - [Producer clientId=producer-1] Node -1 disconnected.
2023-11-14 12:28:55.424 [org.springframework.kafka.KafkaListenerEndpointContainer#0-0-C-1] INFO  org.apache.kafka.clients.NetworkClient - [Consumer clientId=consumer-community-consumer-group-1, groupId=community-consumer-group] Node -1 disconnected.
2023-11-14 12:28:55.680 [kafka-producer-network-thread | producer-1] INFO  org.apache.kafka.clients.NetworkClient - [Producer clientId=producer-1] Node -1 disconnected.
2023-11-14 12:28:56.434 [org.springframework.kafka.KafkaListenerEndpointContainer#0-0-C-1] INFO  org.apache.kafka.clients.NetworkClient - [Consumer clientId=consumer-community-consumer-group-1, groupId=community-consumer-group] Node -1 disconnected.
2023-11-14 12:28:56.793 [kafka-producer-network-thread | producer-1] INFO  org.apache.kafka.clients.NetworkClient - [Producer clientId=producer-1] Node -1 disconnected.
2023-11-14 12:28:57.293 [org.springframework.kafka.KafkaListenerEndpointContainer#0-0-C-1] INFO  org.apache.kafka.clients.NetworkClient - [Consumer clientId=consumer-community-consumer-group-1, groupId=community-consumer-group] Node -1 disconnected.
2023-11-14 12:28:57.992 [kafka-producer-network-thread | producer-1] INFO  org.apache.kafka.clients.NetworkClient - [Producer clientId=producer-1] Node -1 disconnected.
2023-11-14 12:28:58.445 [org.springframework.kafka.KafkaListenerEndpointContainer#0-0-C-1] INFO  org.apache.kafka.clients.NetworkClient - [Consumer clientId=consumer-community-consumer-group-1, groupId=community-consumer-group] Node -1 disconnected.
2023-11-14 12:28:58.830 [kafka-producer-network-thread | producer-1] INFO  org.apache.kafka.clients.NetworkClient - [Producer clientId=producer-1] Node -1 disconnected.
2023-11-14 12:28:59.344 [org.springframework.kafka.KafkaListenerEndpointContainer#0-0-C-1] INFO  org.apache.kafka.clients.NetworkClient - [Consumer clientId=consumer-community-consumer-group-1, groupId=community-consumer-group] Node -1 disconnected.
2023-11-14 12:28:59.980 [kafka-producer-network-thread | producer-1] INFO  org.apache.kafka.clients.NetworkClient - [Producer clientId=producer-1] Node -1 disconnected.
2023-11-14 12:29:00.243 [org.springframework.kafka.KafkaListenerEndpointContainer#0-0-C-1] INFO  org.apache.kafka.clients.NetworkClient - [Consumer clientId=consumer-community-consumer-group-1, groupId=community-consumer-group] Node -1 disconnected.
2023-11-14 12:29:01.084 [kafka-producer-network-thread | producer-1] INFO  org.apache.kafka.clients.NetworkClient - [Producer clientId=producer-1] Node -1 disconnected.
2023-11-14 12:29:01.195 [org.springframework.kafka.KafkaListenerEndpointContainer#0-0-C-1] INFO  org.apache.kafka.clients.NetworkClient - [Consumer clientId=consumer-community-consumer-group-1, groupId=community-consumer-group] Node -1 disconnected.
2023-11-14 12:29:02.070 [kafka-producer-network-thread | producer-1] INFO  org.apache.kafka.clients.NetworkClient - [Producer clientId=producer-1] Node -1 disconnected.
2023-11-14 12:29:02.278 [org.springframework.kafka.KafkaListenerEndpointContainer#0-0-C-1] INFO  org.apache.kafka.clients.NetworkClient - [Consumer clientId=consumer-community-consumer-group-1, groupId=community-consumer-group] Node -1 disconnected.
2023-11-14 12:29:03.158 [kafka-producer-network-thread | producer-1] INFO  org.apache.kafka.clients.NetworkClient - [Producer clientId=producer-1] Node -1 disconnected.
2023-11-14 12:29:03.483 [org.springframework.kafka.KafkaListenerEndpointContainer#0-0-C-1] INFO  org.apache.kafka.clients.NetworkClient - [Consumer clientId=consumer-community-consumer-group-1, groupId=community-consumer-group] Node -1 disconnected.
2023-11-14 12:29:04.198 [kafka-producer-network-thread | producer-1] INFO  org.apache.kafka.clients.NetworkClient - [Producer clientId=producer-1] Node -1 disconnected.
2023-11-14 12:29:04.382 [org.springframework.kafka.KafkaListenerEndpointContainer#0-0-C-1] INFO  org.apache.kafka.clients.NetworkClient - [Consumer clientId=consumer-community-consumer-group-1, groupId=community-consumer-group] Node -1 disconnected.
2023-11-14 12:29:05.239 [kafka-producer-network-thread | producer-1] INFO  org.apache.kafka.clients.NetworkClient - [Producer clientId=producer-1] Node -1 disconnected.
2023-11-14 12:29:05.442 [org.springframework.kafka.KafkaListenerEndpointContainer#0-0-C-1] INFO  org.apache.kafka.clients.NetworkClient - [Consumer clientId=consumer-community-consumer-group-1, groupId=community-consumer-group] Node -1 disconnected.
2023-11-14 12:29:06.322 [kafka-producer-network-thread | producer-1] INFO  org.apache.kafka.clients.NetworkClient - [Producer clientId=producer-1] Node -1 disconnected.
2023-11-14 12:29:06.542 [org.springframework.kafka.KafkaListenerEndpointContainer#0-0-C-1] INFO  org.apache.kafka.clients.NetworkClient - [Consumer clientId=consumer-community-consumer-group-1, groupId=community-consumer-group] Node -1 disconnected.
2023-11-14 12:29:07.333 [kafka-producer-network-thread | producer-1] INFO  org.apache.kafka.clients.NetworkClient - [Producer clientId=producer-1] Node -1 disconnected.
2023-11-14 12:29:07.394 [org.springframework.kafka.KafkaListenerEndpointContainer#0-0-C-1] INFO  org.apache.kafka.clients.NetworkClient - [Consumer clientId=consumer-community-consumer-group-1, groupId=community-consumer-group] Node -1 disconnected.
2023-11-14 12:29:08.478 [org.springframework.kafka.KafkaListenerEndpointContainer#0-0-C-1] INFO  org.apache.kafka.clients.NetworkClient - [Consumer clientId=consumer-community-consumer-group-1, groupId=community-consumer-group] Node -1 disconnected.
2023-11-14 12:29:08.479 [kafka-producer-network-thread | producer-1] INFO  org.apache.kafka.clients.NetworkClient - [Producer clientId=producer-1] Node -1 disconnected.
2023-11-14 12:29:09.441 [org.springframework.kafka.KafkaListenerEndpointContainer#0-0-C-1] INFO  org.apache.kafka.clients.NetworkClient - [Consumer clientId=consumer-community-consumer-group-1, groupId=community-consumer-group] Node -1 disconnected.
2023-11-14 12:29:09.442 [kafka-producer-network-thread | producer-1] INFO  org.apache.kafka.clients.NetworkClient - [Producer clientId=producer-1] Node -1 disconnected.
2023-11-14 12:29:10.294 [org.springframework.kafka.KafkaListenerEndpointContainer#0-0-C-1] INFO  org.apache.kafka.clients.NetworkClient - [Consumer clientId=consumer-community-consumer-group-1, groupId=community-consumer-group] Node -1 disconnected.
2023-11-14 12:29:10.526 [kafka-producer-network-thread | producer-1] INFO  org.apache.kafka.clients.NetworkClient - [Producer clientId=producer-1] Node -1 disconnected.
2023-11-14 12:29:11.539 [kafka-producer-network-thread | producer-1] INFO  org.apache.kafka.clients.NetworkClient - [Producer clientId=producer-1] Node -1 disconnected.
2023-11-14 12:29:11.539 [org.springframework.kafka.KafkaListenerEndpointContainer#0-0-C-1] INFO  org.apache.kafka.clients.NetworkClient - [Consumer clientId=consumer-community-consumer-group-1, groupId=community-consumer-group] Node -1 disconnected.
2023-11-14 12:29:12.522 [org.springframework.kafka.KafkaListenerEndpointContainer#0-0-C-1] INFO  org.apache.kafka.clients.NetworkClient - [Consumer clientId=consumer-community-consumer-group-1, groupId=community-consumer-group] Node -1 disconnected.
2023-11-14 12:29:12.755 [kafka-producer-network-thread | producer-1] INFO  org.apache.kafka.clients.NetworkClient - [Producer clientId=producer-1] Node -1 disconnected.
2023-11-14 12:29:13.533 [org.springframework.kafka.KafkaListenerEndpointContainer#0-0-C-1] INFO  org.apache.kafka.clients.NetworkClient - [Consumer clientId=consumer-community-consumer-group-1, groupId=community-consumer-group] Node -1 disconnected.
2023-11-14 12:29:13.657 [kafka-producer-network-thread | producer-1] INFO  org.apache.kafka.clients.NetworkClient - [Producer clientId=producer-1] Node -1 disconnected.
2023-11-14 12:29:14.422 [org.springframework.kafka.KafkaListenerEndpointContainer#0-0-C-1] INFO  org.apache.kafka.clients.NetworkClient - [Consumer clientId=consumer-community-consumer-group-1, groupId=community-consumer-group] Node -1 disconnected.
2023-11-14 12:29:14.563 [kafka-producer-network-thread | producer-1] INFO  org.apache.kafka.clients.NetworkClient - [Producer clientId=producer-1] Node -1 disconnected.
2023-11-14 12:29:15.467 [org.springframework.kafka.KafkaListenerEndpointContainer#0-0-C-1] INFO  org.apache.kafka.clients.NetworkClient - [Consumer clientId=consumer-community-consumer-group-1, groupId=community-consumer-group] Node -1 disconnected.
2023-11-14 12:29:15.779 [kafka-producer-network-thread | producer-1] INFO  org.apache.kafka.clients.NetworkClient - [Producer clientId=producer-1] Node -1 disconnected.
2023-11-14 12:29:16.182 [org.springframework.kafka.KafkaListenerEndpointContainer#0-0-C-1] INFO  o.a.k.c.consumer.internals.ConsumerCoordinator - [Consumer clientId=consumer-community-consumer-group-1, groupId=community-consumer-group] Resetting generation and member id due to: consumer pro-actively leaving the group
2023-11-14 12:29:16.182 [org.springframework.kafka.KafkaListenerEndpointContainer#0-0-C-1] INFO  o.a.k.c.consumer.internals.ConsumerCoordinator - [Consumer clientId=consumer-community-consumer-group-1, groupId=community-consumer-group] Request joining group due to: consumer pro-actively leaving the group
2023-11-14 12:29:16.182 [org.springframework.kafka.KafkaListenerEndpointContainer#0-0-C-1] INFO  org.apache.kafka.clients.consumer.KafkaConsumer - [Consumer clientId=consumer-community-consumer-group-1, groupId=community-consumer-group] Unsubscribed all topics or patterns and assigned partitions
2023-11-14 12:29:16.183 [org.springframework.kafka.KafkaListenerEndpointContainer#0-0-C-1] INFO  o.a.k.c.consumer.internals.ConsumerCoordinator - [Consumer clientId=consumer-community-consumer-group-1, groupId=community-consumer-group] Resetting generation and member id due to: consumer pro-actively leaving the group
2023-11-14 12:29:16.183 [org.springframework.kafka.KafkaListenerEndpointContainer#0-0-C-1] INFO  o.a.k.c.consumer.internals.ConsumerCoordinator - [Consumer clientId=consumer-community-consumer-group-1, groupId=community-consumer-group] Request joining group due to: consumer pro-actively leaving the group
2023-11-14 12:29:16.184 [org.springframework.kafka.KafkaListenerEndpointContainer#0-0-C-1] INFO  org.apache.kafka.common.metrics.Metrics - Metrics scheduler closed
2023-11-14 12:29:16.184 [org.springframework.kafka.KafkaListenerEndpointContainer#0-0-C-1] INFO  org.apache.kafka.common.metrics.Metrics - Closing reporter org.apache.kafka.common.metrics.JmxReporter
2023-11-14 12:29:16.184 [org.springframework.kafka.KafkaListenerEndpointContainer#0-0-C-1] INFO  org.apache.kafka.common.metrics.Metrics - Metrics reporters closed
2023-11-14 12:29:16.187 [org.springframework.kafka.KafkaListenerEndpointContainer#0-0-C-1] INFO  org.apache.kafka.common.utils.AppInfoParser - App info kafka.consumer for consumer-community-consumer-group-1 unregistered
2023-11-14 12:29:16.187 [org.springframework.kafka.KafkaListenerEndpointContainer#0-0-C-1] INFO  o.s.kafka.listener.KafkaMessageListenerContainer - community-consumer-group: Consumer stopped
2023-11-14 12:29:16.213 [SpringApplicationShutdownHook] INFO  org.apache.kafka.clients.producer.KafkaProducer - [Producer clientId=producer-1] Closing the Kafka producer with timeoutMillis = 30000 ms.
2023-11-14 12:29:16.215 [SpringApplicationShutdownHook] INFO  org.apache.kafka.common.metrics.Metrics - Metrics scheduler closed
2023-11-14 12:29:16.215 [SpringApplicationShutdownHook] INFO  org.apache.kafka.common.metrics.Metrics - Closing reporter org.apache.kafka.common.metrics.JmxReporter
2023-11-14 12:29:16.215 [SpringApplicationShutdownHook] INFO  org.apache.kafka.common.metrics.Metrics - Metrics reporters closed
2023-11-14 12:29:16.215 [SpringApplicationShutdownHook] INFO  org.apache.kafka.common.utils.AppInfoParser - App info kafka.producer for producer-1 unregistered
2023-11-14 12:29:40.413 [main] INFO  com.majing.community.KafkaTest - Starting KafkaTest using Java 17.0.8 with PID 147960 (started by majin in D:\Program Files (x86)\Java\IdeaProjects\community\community)
2023-11-14 12:29:40.414 [main] INFO  com.majing.community.KafkaTest - No active profile set, falling back to 1 default profile: "default"
2023-11-14 12:29:41.033 [main] INFO  o.s.d.r.config.RepositoryConfigurationDelegate - Multiple Spring Data modules found, entering strict repository configuration mode
2023-11-14 12:29:41.035 [main] INFO  o.s.d.r.config.RepositoryConfigurationDelegate - Bootstrapping Spring Data Redis repositories in DEFAULT mode.
2023-11-14 12:29:41.062 [main] INFO  o.s.d.r.config.RepositoryConfigurationDelegate - Finished Spring Data repository scanning in 13 ms. Found 0 Redis repository interfaces.
2023-11-14 12:29:44.225 [main] INFO  o.s.b.a.web.servlet.WelcomePageHandlerMapping - Adding welcome page template: index
2023-11-14 12:29:45.331 [main] INFO  org.apache.kafka.clients.consumer.ConsumerConfig - ConsumerConfig values: 
	allow.auto.create.topics = true
	auto.commit.interval.ms = 3000
	auto.include.jmx.reporter = true
	auto.offset.reset = latest
	bootstrap.servers = [localhost:9092]
	check.crcs = true
	client.dns.lookup = use_all_dns_ips
	client.id = consumer-community-consumer-group-1
	client.rack = 
	connections.max.idle.ms = 540000
	default.api.timeout.ms = 60000
	enable.auto.commit = true
	exclude.internal.topics = true
	fetch.max.bytes = 52428800
	fetch.max.wait.ms = 500
	fetch.min.bytes = 1
	group.id = community-consumer-group
	group.instance.id = null
	heartbeat.interval.ms = 3000
	interceptor.classes = []
	internal.leave.group.on.close = true
	internal.throw.on.fetch.stable.offset.unsupported = false
	isolation.level = read_uncommitted
	key.deserializer = class org.apache.kafka.common.serialization.StringDeserializer
	max.partition.fetch.bytes = 1048576
	max.poll.interval.ms = 300000
	max.poll.records = 500
	metadata.max.age.ms = 300000
	metric.reporters = []
	metrics.num.samples = 2
	metrics.recording.level = INFO
	metrics.sample.window.ms = 30000
	partition.assignment.strategy = [class org.apache.kafka.clients.consumer.RangeAssignor, class org.apache.kafka.clients.consumer.CooperativeStickyAssignor]
	receive.buffer.bytes = 65536
	reconnect.backoff.max.ms = 1000
	reconnect.backoff.ms = 50
	request.timeout.ms = 30000
	retry.backoff.ms = 100
	sasl.client.callback.handler.class = null
	sasl.jaas.config = null
	sasl.kerberos.kinit.cmd = /usr/bin/kinit
	sasl.kerberos.min.time.before.relogin = 60000
	sasl.kerberos.service.name = null
	sasl.kerberos.ticket.renew.jitter = 0.05
	sasl.kerberos.ticket.renew.window.factor = 0.8
	sasl.login.callback.handler.class = null
	sasl.login.class = null
	sasl.login.connect.timeout.ms = null
	sasl.login.read.timeout.ms = null
	sasl.login.refresh.buffer.seconds = 300
	sasl.login.refresh.min.period.seconds = 60
	sasl.login.refresh.window.factor = 0.8
	sasl.login.refresh.window.jitter = 0.05
	sasl.login.retry.backoff.max.ms = 10000
	sasl.login.retry.backoff.ms = 100
	sasl.mechanism = GSSAPI
	sasl.oauthbearer.clock.skew.seconds = 30
	sasl.oauthbearer.expected.audience = null
	sasl.oauthbearer.expected.issuer = null
	sasl.oauthbearer.jwks.endpoint.refresh.ms = 3600000
	sasl.oauthbearer.jwks.endpoint.retry.backoff.max.ms = 10000
	sasl.oauthbearer.jwks.endpoint.retry.backoff.ms = 100
	sasl.oauthbearer.jwks.endpoint.url = null
	sasl.oauthbearer.scope.claim.name = scope
	sasl.oauthbearer.sub.claim.name = sub
	sasl.oauthbearer.token.endpoint.url = null
	security.protocol = PLAINTEXT
	security.providers = null
	send.buffer.bytes = 131072
	session.timeout.ms = 45000
	socket.connection.setup.timeout.max.ms = 30000
	socket.connection.setup.timeout.ms = 10000
	ssl.cipher.suites = null
	ssl.enabled.protocols = [TLSv1.2, TLSv1.3]
	ssl.endpoint.identification.algorithm = https
	ssl.engine.factory.class = null
	ssl.key.password = null
	ssl.keymanager.algorithm = SunX509
	ssl.keystore.certificate.chain = null
	ssl.keystore.key = null
	ssl.keystore.location = null
	ssl.keystore.password = null
	ssl.keystore.type = JKS
	ssl.protocol = TLSv1.3
	ssl.provider = null
	ssl.secure.random.implementation = null
	ssl.trustmanager.algorithm = PKIX
	ssl.truststore.certificates = null
	ssl.truststore.location = null
	ssl.truststore.password = null
	ssl.truststore.type = JKS
	value.deserializer = class org.apache.kafka.common.serialization.StringDeserializer

2023-11-14 12:29:45.503 [main] INFO  org.apache.kafka.common.utils.AppInfoParser - Kafka version: 3.4.1
2023-11-14 12:29:45.508 [main] INFO  org.apache.kafka.common.utils.AppInfoParser - Kafka commitId: 8a516edc2755df89
2023-11-14 12:29:45.508 [main] INFO  org.apache.kafka.common.utils.AppInfoParser - Kafka startTimeMs: 1699936185501
2023-11-14 12:29:45.512 [main] INFO  org.apache.kafka.clients.consumer.KafkaConsumer - [Consumer clientId=consumer-community-consumer-group-1, groupId=community-consumer-group] Subscribed to topic(s): test
2023-11-14 12:29:45.532 [main] INFO  com.majing.community.KafkaTest - Started KafkaTest in 5.453 seconds (process running for 6.096)
2023-11-14 12:29:46.106 [org.springframework.kafka.KafkaListenerEndpointContainer#0-0-C-1] INFO  org.apache.kafka.clients.NetworkClient - [Consumer clientId=consumer-community-consumer-group-1, groupId=community-consumer-group] Node -1 disconnected.
2023-11-14 12:29:46.210 [org.springframework.kafka.KafkaListenerEndpointContainer#0-0-C-1] INFO  org.apache.kafka.clients.NetworkClient - [Consumer clientId=consumer-community-consumer-group-1, groupId=community-consumer-group] Node -1 disconnected.
2023-11-14 12:29:46.384 [org.springframework.kafka.KafkaListenerEndpointContainer#0-0-C-1] INFO  org.apache.kafka.clients.NetworkClient - [Consumer clientId=consumer-community-consumer-group-1, groupId=community-consumer-group] Node -1 disconnected.
2023-11-14 12:29:46.412 [main] INFO  org.apache.kafka.clients.producer.ProducerConfig - ProducerConfig values: 
	acks = -1
	auto.include.jmx.reporter = true
	batch.size = 16384
	bootstrap.servers = [localhost:9092]
	buffer.memory = 33554432
	client.dns.lookup = use_all_dns_ips
	client.id = producer-1
	compression.type = none
	connections.max.idle.ms = 540000
	delivery.timeout.ms = 120000
	enable.idempotence = true
	interceptor.classes = []
	key.serializer = class org.apache.kafka.common.serialization.StringSerializer
	linger.ms = 0
	max.block.ms = 60000
	max.in.flight.requests.per.connection = 5
	max.request.size = 1048576
	metadata.max.age.ms = 300000
	metadata.max.idle.ms = 300000
	metric.reporters = []
	metrics.num.samples = 2
	metrics.recording.level = INFO
	metrics.sample.window.ms = 30000
	partitioner.adaptive.partitioning.enable = true
	partitioner.availability.timeout.ms = 0
	partitioner.class = null
	partitioner.ignore.keys = false
	receive.buffer.bytes = 32768
	reconnect.backoff.max.ms = 1000
	reconnect.backoff.ms = 50
	request.timeout.ms = 30000
	retries = 2147483647
	retry.backoff.ms = 100
	sasl.client.callback.handler.class = null
	sasl.jaas.config = null
	sasl.kerberos.kinit.cmd = /usr/bin/kinit
	sasl.kerberos.min.time.before.relogin = 60000
	sasl.kerberos.service.name = null
	sasl.kerberos.ticket.renew.jitter = 0.05
	sasl.kerberos.ticket.renew.window.factor = 0.8
	sasl.login.callback.handler.class = null
	sasl.login.class = null
	sasl.login.connect.timeout.ms = null
	sasl.login.read.timeout.ms = null
	sasl.login.refresh.buffer.seconds = 300
	sasl.login.refresh.min.period.seconds = 60
	sasl.login.refresh.window.factor = 0.8
	sasl.login.refresh.window.jitter = 0.05
	sasl.login.retry.backoff.max.ms = 10000
	sasl.login.retry.backoff.ms = 100
	sasl.mechanism = GSSAPI
	sasl.oauthbearer.clock.skew.seconds = 30
	sasl.oauthbearer.expected.audience = null
	sasl.oauthbearer.expected.issuer = null
	sasl.oauthbearer.jwks.endpoint.refresh.ms = 3600000
	sasl.oauthbearer.jwks.endpoint.retry.backoff.max.ms = 10000
	sasl.oauthbearer.jwks.endpoint.retry.backoff.ms = 100
	sasl.oauthbearer.jwks.endpoint.url = null
	sasl.oauthbearer.scope.claim.name = scope
	sasl.oauthbearer.sub.claim.name = sub
	sasl.oauthbearer.token.endpoint.url = null
	security.protocol = PLAINTEXT
	security.providers = null
	send.buffer.bytes = 131072
	socket.connection.setup.timeout.max.ms = 30000
	socket.connection.setup.timeout.ms = 10000
	ssl.cipher.suites = null
	ssl.enabled.protocols = [TLSv1.2, TLSv1.3]
	ssl.endpoint.identification.algorithm = https
	ssl.engine.factory.class = null
	ssl.key.password = null
	ssl.keymanager.algorithm = SunX509
	ssl.keystore.certificate.chain = null
	ssl.keystore.key = null
	ssl.keystore.location = null
	ssl.keystore.password = null
	ssl.keystore.type = JKS
	ssl.protocol = TLSv1.3
	ssl.provider = null
	ssl.secure.random.implementation = null
	ssl.trustmanager.algorithm = PKIX
	ssl.truststore.certificates = null
	ssl.truststore.location = null
	ssl.truststore.password = null
	ssl.truststore.type = JKS
	transaction.timeout.ms = 60000
	transactional.id = null
	value.serializer = class org.apache.kafka.common.serialization.StringSerializer

2023-11-14 12:29:46.418 [main] INFO  org.apache.kafka.clients.producer.KafkaProducer - [Producer clientId=producer-1] Instantiated an idempotent producer.
2023-11-14 12:29:46.429 [main] INFO  org.apache.kafka.common.utils.AppInfoParser - Kafka version: 3.4.1
2023-11-14 12:29:46.429 [main] INFO  org.apache.kafka.common.utils.AppInfoParser - Kafka commitId: 8a516edc2755df89
2023-11-14 12:29:46.429 [main] INFO  org.apache.kafka.common.utils.AppInfoParser - Kafka startTimeMs: 1699936186429
2023-11-14 12:29:46.432 [kafka-producer-network-thread | producer-1] INFO  org.apache.kafka.clients.NetworkClient - [Producer clientId=producer-1] Node -1 disconnected.
2023-11-14 12:29:46.534 [kafka-producer-network-thread | producer-1] INFO  org.apache.kafka.clients.NetworkClient - [Producer clientId=producer-1] Node -1 disconnected.
2023-11-14 12:29:46.596 [org.springframework.kafka.KafkaListenerEndpointContainer#0-0-C-1] INFO  org.apache.kafka.clients.NetworkClient - [Consumer clientId=consumer-community-consumer-group-1, groupId=community-consumer-group] Node -1 disconnected.
2023-11-14 12:29:46.698 [kafka-producer-network-thread | producer-1] INFO  org.apache.kafka.clients.NetworkClient - [Producer clientId=producer-1] Node -1 disconnected.
2023-11-14 12:29:46.949 [org.springframework.kafka.KafkaListenerEndpointContainer#0-0-C-1] INFO  org.apache.kafka.clients.NetworkClient - [Consumer clientId=consumer-community-consumer-group-1, groupId=community-consumer-group] Node -1 disconnected.
2023-11-14 12:29:46.952 [kafka-producer-network-thread | producer-1] INFO  org.apache.kafka.clients.NetworkClient - [Producer clientId=producer-1] Node -1 disconnected.
2023-11-14 12:29:47.409 [kafka-producer-network-thread | producer-1] INFO  org.apache.kafka.clients.NetworkClient - [Producer clientId=producer-1] Node -1 disconnected.
2023-11-14 12:29:47.620 [org.springframework.kafka.KafkaListenerEndpointContainer#0-0-C-1] INFO  org.apache.kafka.clients.NetworkClient - [Consumer clientId=consumer-community-consumer-group-1, groupId=community-consumer-group] Node -1 disconnected.
2023-11-14 12:29:48.069 [kafka-producer-network-thread | producer-1] INFO  org.apache.kafka.clients.NetworkClient - [Producer clientId=producer-1] Node -1 disconnected.
2023-11-14 12:29:48.480 [org.springframework.kafka.KafkaListenerEndpointContainer#0-0-C-1] INFO  org.apache.kafka.clients.NetworkClient - [Consumer clientId=consumer-community-consumer-group-1, groupId=community-consumer-group] Node -1 disconnected.
2023-11-14 12:29:49.235 [kafka-producer-network-thread | producer-1] INFO  org.apache.kafka.clients.NetworkClient - [Producer clientId=producer-1] Node -1 disconnected.
2023-11-14 12:29:49.542 [org.springframework.kafka.KafkaListenerEndpointContainer#0-0-C-1] INFO  org.apache.kafka.clients.NetworkClient - [Consumer clientId=consumer-community-consumer-group-1, groupId=community-consumer-group] Node -1 disconnected.
2023-11-14 12:29:50.247 [kafka-producer-network-thread | producer-1] INFO  org.apache.kafka.clients.NetworkClient - [Producer clientId=producer-1] Node -1 disconnected.
2023-11-14 12:29:50.400 [org.springframework.kafka.KafkaListenerEndpointContainer#0-0-C-1] INFO  org.apache.kafka.clients.NetworkClient - [Consumer clientId=consumer-community-consumer-group-1, groupId=community-consumer-group] Node -1 disconnected.
2023-11-14 12:29:51.420 [kafka-producer-network-thread | producer-1] INFO  org.apache.kafka.clients.NetworkClient - [Producer clientId=producer-1] Node -1 disconnected.
2023-11-14 12:29:51.544 [org.springframework.kafka.KafkaListenerEndpointContainer#0-0-C-1] INFO  org.apache.kafka.clients.NetworkClient - [Consumer clientId=consumer-community-consumer-group-1, groupId=community-consumer-group] Node -1 disconnected.
2023-11-14 12:29:52.439 [kafka-producer-network-thread | producer-1] INFO  org.apache.kafka.clients.NetworkClient - [Producer clientId=producer-1] Node -1 disconnected.
2023-11-14 12:29:52.754 [org.springframework.kafka.KafkaListenerEndpointContainer#0-0-C-1] INFO  org.apache.kafka.clients.NetworkClient - [Consumer clientId=consumer-community-consumer-group-1, groupId=community-consumer-group] Node -1 disconnected.
2023-11-14 12:29:53.450 [kafka-producer-network-thread | producer-1] INFO  org.apache.kafka.clients.NetworkClient - [Producer clientId=producer-1] Node -1 disconnected.
2023-11-14 12:29:53.613 [org.springframework.kafka.KafkaListenerEndpointContainer#0-0-C-1] INFO  org.apache.kafka.clients.NetworkClient - [Consumer clientId=consumer-community-consumer-group-1, groupId=community-consumer-group] Node -1 disconnected.
2023-11-14 12:29:54.461 [kafka-producer-network-thread | producer-1] INFO  org.apache.kafka.clients.NetworkClient - [Producer clientId=producer-1] Node -1 disconnected.
2023-11-14 12:29:54.775 [org.springframework.kafka.KafkaListenerEndpointContainer#0-0-C-1] INFO  org.apache.kafka.clients.NetworkClient - [Consumer clientId=consumer-community-consumer-group-1, groupId=community-consumer-group] Node -1 disconnected.
2023-11-14 12:29:55.538 [kafka-producer-network-thread | producer-1] INFO  org.apache.kafka.clients.NetworkClient - [Producer clientId=producer-1] Node -1 disconnected.
2023-11-14 12:29:55.947 [org.springframework.kafka.KafkaListenerEndpointContainer#0-0-C-1] INFO  org.apache.kafka.clients.NetworkClient - [Consumer clientId=consumer-community-consumer-group-1, groupId=community-consumer-group] Node -1 disconnected.
2023-11-14 12:29:56.513 [org.springframework.kafka.KafkaListenerEndpointContainer#0-0-C-1] INFO  o.a.k.c.consumer.internals.ConsumerCoordinator - [Consumer clientId=consumer-community-consumer-group-1, groupId=community-consumer-group] Resetting generation and member id due to: consumer pro-actively leaving the group
2023-11-14 12:29:56.513 [org.springframework.kafka.KafkaListenerEndpointContainer#0-0-C-1] INFO  o.a.k.c.consumer.internals.ConsumerCoordinator - [Consumer clientId=consumer-community-consumer-group-1, groupId=community-consumer-group] Request joining group due to: consumer pro-actively leaving the group
2023-11-14 12:29:56.513 [org.springframework.kafka.KafkaListenerEndpointContainer#0-0-C-1] INFO  org.apache.kafka.clients.consumer.KafkaConsumer - [Consumer clientId=consumer-community-consumer-group-1, groupId=community-consumer-group] Unsubscribed all topics or patterns and assigned partitions
2023-11-14 12:29:56.513 [org.springframework.kafka.KafkaListenerEndpointContainer#0-0-C-1] INFO  o.a.k.c.consumer.internals.ConsumerCoordinator - [Consumer clientId=consumer-community-consumer-group-1, groupId=community-consumer-group] Resetting generation and member id due to: consumer pro-actively leaving the group
2023-11-14 12:29:56.513 [org.springframework.kafka.KafkaListenerEndpointContainer#0-0-C-1] INFO  o.a.k.c.consumer.internals.ConsumerCoordinator - [Consumer clientId=consumer-community-consumer-group-1, groupId=community-consumer-group] Request joining group due to: consumer pro-actively leaving the group
2023-11-14 12:29:56.513 [org.springframework.kafka.KafkaListenerEndpointContainer#0-0-C-1] INFO  org.apache.kafka.common.metrics.Metrics - Metrics scheduler closed
2023-11-14 12:29:56.513 [org.springframework.kafka.KafkaListenerEndpointContainer#0-0-C-1] INFO  org.apache.kafka.common.metrics.Metrics - Closing reporter org.apache.kafka.common.metrics.JmxReporter
2023-11-14 12:29:56.513 [org.springframework.kafka.KafkaListenerEndpointContainer#0-0-C-1] INFO  org.apache.kafka.common.metrics.Metrics - Metrics reporters closed
2023-11-14 12:29:56.515 [org.springframework.kafka.KafkaListenerEndpointContainer#0-0-C-1] INFO  org.apache.kafka.common.utils.AppInfoParser - App info kafka.consumer for consumer-community-consumer-group-1 unregistered
2023-11-14 12:29:56.516 [org.springframework.kafka.KafkaListenerEndpointContainer#0-0-C-1] INFO  o.s.kafka.listener.KafkaMessageListenerContainer - community-consumer-group: Consumer stopped
2023-11-14 12:29:56.528 [SpringApplicationShutdownHook] INFO  org.apache.kafka.clients.producer.KafkaProducer - [Producer clientId=producer-1] Closing the Kafka producer with timeoutMillis = 30000 ms.
2023-11-14 12:29:56.531 [SpringApplicationShutdownHook] INFO  org.apache.kafka.common.metrics.Metrics - Metrics scheduler closed
2023-11-14 12:29:56.532 [SpringApplicationShutdownHook] INFO  org.apache.kafka.common.metrics.Metrics - Closing reporter org.apache.kafka.common.metrics.JmxReporter
2023-11-14 12:29:56.532 [SpringApplicationShutdownHook] INFO  org.apache.kafka.common.metrics.Metrics - Metrics reporters closed
2023-11-14 12:29:56.532 [SpringApplicationShutdownHook] INFO  org.apache.kafka.common.utils.AppInfoParser - App info kafka.producer for producer-1 unregistered
2023-11-14 12:30:57.538 [main] INFO  com.majing.community.KafkaTest - Starting KafkaTest using Java 17.0.8 with PID 171796 (started by majin in D:\Program Files (x86)\Java\IdeaProjects\community\community)
2023-11-14 12:30:57.540 [main] INFO  com.majing.community.KafkaTest - No active profile set, falling back to 1 default profile: "default"
2023-11-14 12:30:58.081 [main] INFO  o.s.d.r.config.RepositoryConfigurationDelegate - Multiple Spring Data modules found, entering strict repository configuration mode
2023-11-14 12:30:58.082 [main] INFO  o.s.d.r.config.RepositoryConfigurationDelegate - Bootstrapping Spring Data Redis repositories in DEFAULT mode.
2023-11-14 12:30:58.106 [main] INFO  o.s.d.r.config.RepositoryConfigurationDelegate - Finished Spring Data repository scanning in 11 ms. Found 0 Redis repository interfaces.
2023-11-14 12:31:01.135 [main] INFO  o.s.b.a.web.servlet.WelcomePageHandlerMapping - Adding welcome page template: index
2023-11-14 12:31:02.193 [main] INFO  org.apache.kafka.clients.consumer.ConsumerConfig - ConsumerConfig values: 
	allow.auto.create.topics = true
	auto.commit.interval.ms = 3000
	auto.include.jmx.reporter = true
	auto.offset.reset = latest
	bootstrap.servers = [localhost:9092]
	check.crcs = true
	client.dns.lookup = use_all_dns_ips
	client.id = consumer-community-consumer-group-1
	client.rack = 
	connections.max.idle.ms = 540000
	default.api.timeout.ms = 60000
	enable.auto.commit = true
	exclude.internal.topics = true
	fetch.max.bytes = 52428800
	fetch.max.wait.ms = 500
	fetch.min.bytes = 1
	group.id = community-consumer-group
	group.instance.id = null
	heartbeat.interval.ms = 3000
	interceptor.classes = []
	internal.leave.group.on.close = true
	internal.throw.on.fetch.stable.offset.unsupported = false
	isolation.level = read_uncommitted
	key.deserializer = class org.apache.kafka.common.serialization.StringDeserializer
	max.partition.fetch.bytes = 1048576
	max.poll.interval.ms = 300000
	max.poll.records = 500
	metadata.max.age.ms = 300000
	metric.reporters = []
	metrics.num.samples = 2
	metrics.recording.level = INFO
	metrics.sample.window.ms = 30000
	partition.assignment.strategy = [class org.apache.kafka.clients.consumer.RangeAssignor, class org.apache.kafka.clients.consumer.CooperativeStickyAssignor]
	receive.buffer.bytes = 65536
	reconnect.backoff.max.ms = 1000
	reconnect.backoff.ms = 50
	request.timeout.ms = 30000
	retry.backoff.ms = 100
	sasl.client.callback.handler.class = null
	sasl.jaas.config = null
	sasl.kerberos.kinit.cmd = /usr/bin/kinit
	sasl.kerberos.min.time.before.relogin = 60000
	sasl.kerberos.service.name = null
	sasl.kerberos.ticket.renew.jitter = 0.05
	sasl.kerberos.ticket.renew.window.factor = 0.8
	sasl.login.callback.handler.class = null
	sasl.login.class = null
	sasl.login.connect.timeout.ms = null
	sasl.login.read.timeout.ms = null
	sasl.login.refresh.buffer.seconds = 300
	sasl.login.refresh.min.period.seconds = 60
	sasl.login.refresh.window.factor = 0.8
	sasl.login.refresh.window.jitter = 0.05
	sasl.login.retry.backoff.max.ms = 10000
	sasl.login.retry.backoff.ms = 100
	sasl.mechanism = GSSAPI
	sasl.oauthbearer.clock.skew.seconds = 30
	sasl.oauthbearer.expected.audience = null
	sasl.oauthbearer.expected.issuer = null
	sasl.oauthbearer.jwks.endpoint.refresh.ms = 3600000
	sasl.oauthbearer.jwks.endpoint.retry.backoff.max.ms = 10000
	sasl.oauthbearer.jwks.endpoint.retry.backoff.ms = 100
	sasl.oauthbearer.jwks.endpoint.url = null
	sasl.oauthbearer.scope.claim.name = scope
	sasl.oauthbearer.sub.claim.name = sub
	sasl.oauthbearer.token.endpoint.url = null
	security.protocol = PLAINTEXT
	security.providers = null
	send.buffer.bytes = 131072
	session.timeout.ms = 45000
	socket.connection.setup.timeout.max.ms = 30000
	socket.connection.setup.timeout.ms = 10000
	ssl.cipher.suites = null
	ssl.enabled.protocols = [TLSv1.2, TLSv1.3]
	ssl.endpoint.identification.algorithm = https
	ssl.engine.factory.class = null
	ssl.key.password = null
	ssl.keymanager.algorithm = SunX509
	ssl.keystore.certificate.chain = null
	ssl.keystore.key = null
	ssl.keystore.location = null
	ssl.keystore.password = null
	ssl.keystore.type = JKS
	ssl.protocol = TLSv1.3
	ssl.provider = null
	ssl.secure.random.implementation = null
	ssl.trustmanager.algorithm = PKIX
	ssl.truststore.certificates = null
	ssl.truststore.location = null
	ssl.truststore.password = null
	ssl.truststore.type = JKS
	value.deserializer = class org.apache.kafka.common.serialization.StringDeserializer

2023-11-14 12:31:02.377 [main] INFO  org.apache.kafka.common.utils.AppInfoParser - Kafka version: 3.4.1
2023-11-14 12:31:02.378 [main] INFO  org.apache.kafka.common.utils.AppInfoParser - Kafka commitId: 8a516edc2755df89
2023-11-14 12:31:02.378 [main] INFO  org.apache.kafka.common.utils.AppInfoParser - Kafka startTimeMs: 1699936262376
2023-11-14 12:31:02.380 [main] INFO  org.apache.kafka.clients.consumer.KafkaConsumer - [Consumer clientId=consumer-community-consumer-group-1, groupId=community-consumer-group] Subscribed to topic(s): test
2023-11-14 12:31:02.393 [main] INFO  com.majing.community.KafkaTest - Started KafkaTest in 5.177 seconds (process running for 5.747)
2023-11-14 12:31:02.964 [org.springframework.kafka.KafkaListenerEndpointContainer#0-0-C-1] INFO  org.apache.kafka.clients.NetworkClient - [Consumer clientId=consumer-community-consumer-group-1, groupId=community-consumer-group] Node -1 disconnected.
2023-11-14 12:31:03.064 [org.springframework.kafka.KafkaListenerEndpointContainer#0-0-C-1] INFO  org.apache.kafka.clients.NetworkClient - [Consumer clientId=consumer-community-consumer-group-1, groupId=community-consumer-group] Node -1 disconnected.
2023-11-14 12:31:03.174 [org.springframework.kafka.KafkaListenerEndpointContainer#0-0-C-1] INFO  org.apache.kafka.clients.NetworkClient - [Consumer clientId=consumer-community-consumer-group-1, groupId=community-consumer-group] Node -1 disconnected.
2023-11-14 12:31:03.298 [main] INFO  org.apache.kafka.clients.producer.ProducerConfig - ProducerConfig values: 
	acks = -1
	auto.include.jmx.reporter = true
	batch.size = 16384
	bootstrap.servers = [localhost:9092]
	buffer.memory = 33554432
	client.dns.lookup = use_all_dns_ips
	client.id = producer-1
	compression.type = none
	connections.max.idle.ms = 540000
	delivery.timeout.ms = 120000
	enable.idempotence = true
	interceptor.classes = []
	key.serializer = class org.apache.kafka.common.serialization.StringSerializer
	linger.ms = 0
	max.block.ms = 60000
	max.in.flight.requests.per.connection = 5
	max.request.size = 1048576
	metadata.max.age.ms = 300000
	metadata.max.idle.ms = 300000
	metric.reporters = []
	metrics.num.samples = 2
	metrics.recording.level = INFO
	metrics.sample.window.ms = 30000
	partitioner.adaptive.partitioning.enable = true
	partitioner.availability.timeout.ms = 0
	partitioner.class = null
	partitioner.ignore.keys = false
	receive.buffer.bytes = 32768
	reconnect.backoff.max.ms = 1000
	reconnect.backoff.ms = 50
	request.timeout.ms = 30000
	retries = 2147483647
	retry.backoff.ms = 100
	sasl.client.callback.handler.class = null
	sasl.jaas.config = null
	sasl.kerberos.kinit.cmd = /usr/bin/kinit
	sasl.kerberos.min.time.before.relogin = 60000
	sasl.kerberos.service.name = null
	sasl.kerberos.ticket.renew.jitter = 0.05
	sasl.kerberos.ticket.renew.window.factor = 0.8
	sasl.login.callback.handler.class = null
	sasl.login.class = null
	sasl.login.connect.timeout.ms = null
	sasl.login.read.timeout.ms = null
	sasl.login.refresh.buffer.seconds = 300
	sasl.login.refresh.min.period.seconds = 60
	sasl.login.refresh.window.factor = 0.8
	sasl.login.refresh.window.jitter = 0.05
	sasl.login.retry.backoff.max.ms = 10000
	sasl.login.retry.backoff.ms = 100
	sasl.mechanism = GSSAPI
	sasl.oauthbearer.clock.skew.seconds = 30
	sasl.oauthbearer.expected.audience = null
	sasl.oauthbearer.expected.issuer = null
	sasl.oauthbearer.jwks.endpoint.refresh.ms = 3600000
	sasl.oauthbearer.jwks.endpoint.retry.backoff.max.ms = 10000
	sasl.oauthbearer.jwks.endpoint.retry.backoff.ms = 100
	sasl.oauthbearer.jwks.endpoint.url = null
	sasl.oauthbearer.scope.claim.name = scope
	sasl.oauthbearer.sub.claim.name = sub
	sasl.oauthbearer.token.endpoint.url = null
	security.protocol = PLAINTEXT
	security.providers = null
	send.buffer.bytes = 131072
	socket.connection.setup.timeout.max.ms = 30000
	socket.connection.setup.timeout.ms = 10000
	ssl.cipher.suites = null
	ssl.enabled.protocols = [TLSv1.2, TLSv1.3]
	ssl.endpoint.identification.algorithm = https
	ssl.engine.factory.class = null
	ssl.key.password = null
	ssl.keymanager.algorithm = SunX509
	ssl.keystore.certificate.chain = null
	ssl.keystore.key = null
	ssl.keystore.location = null
	ssl.keystore.password = null
	ssl.keystore.type = JKS
	ssl.protocol = TLSv1.3
	ssl.provider = null
	ssl.secure.random.implementation = null
	ssl.trustmanager.algorithm = PKIX
	ssl.truststore.certificates = null
	ssl.truststore.location = null
	ssl.truststore.password = null
	ssl.truststore.type = JKS
	transaction.timeout.ms = 60000
	transactional.id = null
	value.serializer = class org.apache.kafka.common.serialization.StringSerializer

2023-11-14 12:31:03.316 [main] INFO  org.apache.kafka.clients.producer.KafkaProducer - [Producer clientId=producer-1] Instantiated an idempotent producer.
2023-11-14 12:31:03.348 [main] INFO  org.apache.kafka.common.utils.AppInfoParser - Kafka version: 3.4.1
2023-11-14 12:31:03.348 [main] INFO  org.apache.kafka.common.utils.AppInfoParser - Kafka commitId: 8a516edc2755df89
2023-11-14 12:31:03.348 [main] INFO  org.apache.kafka.common.utils.AppInfoParser - Kafka startTimeMs: 1699936263348
2023-11-14 12:31:03.354 [kafka-producer-network-thread | producer-1] INFO  org.apache.kafka.clients.NetworkClient - [Producer clientId=producer-1] Node -1 disconnected.
2023-11-14 12:31:03.407 [org.springframework.kafka.KafkaListenerEndpointContainer#0-0-C-1] INFO  org.apache.kafka.clients.NetworkClient - [Consumer clientId=consumer-community-consumer-group-1, groupId=community-consumer-group] Node -1 disconnected.
2023-11-14 12:31:03.470 [kafka-producer-network-thread | producer-1] INFO  org.apache.kafka.clients.NetworkClient - [Producer clientId=producer-1] Node -1 disconnected.
2023-11-14 12:31:03.633 [kafka-producer-network-thread | producer-1] INFO  org.apache.kafka.clients.NetworkClient - [Producer clientId=producer-1] Node -1 disconnected.
2023-11-14 12:31:03.812 [org.springframework.kafka.KafkaListenerEndpointContainer#0-0-C-1] INFO  org.apache.kafka.clients.NetworkClient - [Consumer clientId=consumer-community-consumer-group-1, groupId=community-consumer-group] Node -1 disconnected.
2023-11-14 12:31:03.885 [kafka-producer-network-thread | producer-1] INFO  org.apache.kafka.clients.NetworkClient - [Producer clientId=producer-1] Node -1 disconnected.
2023-11-14 12:31:04.343 [kafka-producer-network-thread | producer-1] INFO  org.apache.kafka.clients.NetworkClient - [Producer clientId=producer-1] Node -1 disconnected.
2023-11-14 12:31:04.521 [org.springframework.kafka.KafkaListenerEndpointContainer#0-0-C-1] INFO  org.apache.kafka.clients.NetworkClient - [Consumer clientId=consumer-community-consumer-group-1, groupId=community-consumer-group] Node -1 disconnected.
2023-11-14 12:31:05.253 [kafka-producer-network-thread | producer-1] INFO  org.apache.kafka.clients.NetworkClient - [Producer clientId=producer-1] Node -1 disconnected.
2023-11-14 12:31:05.382 [org.springframework.kafka.KafkaListenerEndpointContainer#0-0-C-1] INFO  org.apache.kafka.clients.NetworkClient - [Consumer clientId=consumer-community-consumer-group-1, groupId=community-consumer-group] Node -1 disconnected.
2023-11-14 12:31:06.324 [kafka-producer-network-thread | producer-1] INFO  org.apache.kafka.clients.NetworkClient - [Producer clientId=producer-1] Node -1 disconnected.
2023-11-14 12:31:06.547 [org.springframework.kafka.KafkaListenerEndpointContainer#0-0-C-1] INFO  org.apache.kafka.clients.NetworkClient - [Consumer clientId=consumer-community-consumer-group-1, groupId=community-consumer-group] Node -1 disconnected.
2023-11-14 12:31:07.392 [org.springframework.kafka.KafkaListenerEndpointContainer#0-0-C-1] INFO  org.apache.kafka.clients.NetworkClient - [Consumer clientId=consumer-community-consumer-group-1, groupId=community-consumer-group] Node -1 disconnected.
2023-11-14 12:31:07.438 [kafka-producer-network-thread | producer-1] INFO  org.apache.kafka.clients.NetworkClient - [Producer clientId=producer-1] Node -1 disconnected.
2023-11-14 12:31:08.252 [org.springframework.kafka.KafkaListenerEndpointContainer#0-0-C-1] INFO  org.apache.kafka.clients.NetworkClient - [Consumer clientId=consumer-community-consumer-group-1, groupId=community-consumer-group] Node -1 disconnected.
2023-11-14 12:31:08.400 [kafka-producer-network-thread | producer-1] INFO  org.apache.kafka.clients.NetworkClient - [Producer clientId=producer-1] Node -1 disconnected.
2023-11-14 12:31:09.212 [org.springframework.kafka.KafkaListenerEndpointContainer#0-0-C-1] INFO  org.apache.kafka.clients.NetworkClient - [Consumer clientId=consumer-community-consumer-group-1, groupId=community-consumer-group] Node -1 disconnected.
2023-11-14 12:31:09.464 [kafka-producer-network-thread | producer-1] INFO  org.apache.kafka.clients.NetworkClient - [Producer clientId=producer-1] Node -1 disconnected.
2023-11-14 12:31:10.081 [org.springframework.kafka.KafkaListenerEndpointContainer#0-0-C-1] INFO  org.apache.kafka.clients.NetworkClient - [Consumer clientId=consumer-community-consumer-group-1, groupId=community-consumer-group] Node -1 disconnected.
2023-11-14 12:31:10.682 [kafka-producer-network-thread | producer-1] INFO  org.apache.kafka.clients.NetworkClient - [Producer clientId=producer-1] Node -1 disconnected.
2023-11-14 12:31:11.250 [org.springframework.kafka.KafkaListenerEndpointContainer#0-0-C-1] INFO  org.apache.kafka.clients.NetworkClient - [Consumer clientId=consumer-community-consumer-group-1, groupId=community-consumer-group] Node -1 disconnected.
2023-11-14 12:31:11.812 [kafka-producer-network-thread | producer-1] INFO  org.apache.kafka.clients.NetworkClient - [Producer clientId=producer-1] Node -1 disconnected.
2023-11-14 12:31:12.169 [org.springframework.kafka.KafkaListenerEndpointContainer#0-0-C-1] INFO  org.apache.kafka.clients.NetworkClient - [Consumer clientId=consumer-community-consumer-group-1, groupId=community-consumer-group] Node -1 disconnected.
2023-11-14 12:31:12.935 [kafka-producer-network-thread | producer-1] INFO  org.apache.kafka.clients.NetworkClient - [Producer clientId=producer-1] Node -1 disconnected.
2023-11-14 12:31:13.257 [org.springframework.kafka.KafkaListenerEndpointContainer#0-0-C-1] INFO  org.apache.kafka.clients.NetworkClient - [Consumer clientId=consumer-community-consumer-group-1, groupId=community-consumer-group] Node -1 disconnected.
2023-11-14 12:31:13.948 [kafka-producer-network-thread | producer-1] INFO  org.apache.kafka.clients.NetworkClient - [Producer clientId=producer-1] Node -1 disconnected.
2023-11-14 12:31:14.223 [org.springframework.kafka.KafkaListenerEndpointContainer#0-0-C-1] INFO  org.apache.kafka.clients.NetworkClient - [Consumer clientId=consumer-community-consumer-group-1, groupId=community-consumer-group] Node -1 disconnected.
2023-11-14 12:31:14.912 [kafka-producer-network-thread | producer-1] INFO  org.apache.kafka.clients.NetworkClient - [Producer clientId=producer-1] Node -1 disconnected.
2023-11-14 12:31:15.135 [org.springframework.kafka.KafkaListenerEndpointContainer#0-0-C-1] INFO  org.apache.kafka.clients.NetworkClient - [Consumer clientId=consumer-community-consumer-group-1, groupId=community-consumer-group] Node -1 disconnected.
2023-11-14 12:31:15.878 [kafka-producer-network-thread | producer-1] INFO  org.apache.kafka.clients.NetworkClient - [Producer clientId=producer-1] Node -1 disconnected.
2023-11-14 12:31:16.359 [org.springframework.kafka.KafkaListenerEndpointContainer#0-0-C-1] INFO  org.apache.kafka.clients.NetworkClient - [Consumer clientId=consumer-community-consumer-group-1, groupId=community-consumer-group] Node -1 disconnected.
2023-11-14 12:31:16.991 [kafka-producer-network-thread | producer-1] INFO  org.apache.kafka.clients.NetworkClient - [Producer clientId=producer-1] Node -1 disconnected.
2023-11-14 12:31:17.269 [org.springframework.kafka.KafkaListenerEndpointContainer#0-0-C-1] INFO  org.apache.kafka.clients.NetworkClient - [Consumer clientId=consumer-community-consumer-group-1, groupId=community-consumer-group] Node -1 disconnected.
2023-11-14 12:31:18.064 [org.springframework.kafka.KafkaListenerEndpointContainer#0-0-C-1] INFO  o.a.k.c.consumer.internals.ConsumerCoordinator - [Consumer clientId=consumer-community-consumer-group-1, groupId=community-consumer-group] Resetting generation and member id due to: consumer pro-actively leaving the group
2023-11-14 12:31:18.064 [org.springframework.kafka.KafkaListenerEndpointContainer#0-0-C-1] INFO  o.a.k.c.consumer.internals.ConsumerCoordinator - [Consumer clientId=consumer-community-consumer-group-1, groupId=community-consumer-group] Request joining group due to: consumer pro-actively leaving the group
2023-11-14 12:31:18.064 [org.springframework.kafka.KafkaListenerEndpointContainer#0-0-C-1] INFO  org.apache.kafka.clients.consumer.KafkaConsumer - [Consumer clientId=consumer-community-consumer-group-1, groupId=community-consumer-group] Unsubscribed all topics or patterns and assigned partitions
2023-11-14 12:31:18.065 [org.springframework.kafka.KafkaListenerEndpointContainer#0-0-C-1] INFO  o.a.k.c.consumer.internals.ConsumerCoordinator - [Consumer clientId=consumer-community-consumer-group-1, groupId=community-consumer-group] Resetting generation and member id due to: consumer pro-actively leaving the group
2023-11-14 12:31:18.065 [org.springframework.kafka.KafkaListenerEndpointContainer#0-0-C-1] INFO  o.a.k.c.consumer.internals.ConsumerCoordinator - [Consumer clientId=consumer-community-consumer-group-1, groupId=community-consumer-group] Request joining group due to: consumer pro-actively leaving the group
2023-11-14 12:31:18.065 [org.springframework.kafka.KafkaListenerEndpointContainer#0-0-C-1] INFO  org.apache.kafka.common.metrics.Metrics - Metrics scheduler closed
2023-11-14 12:31:18.065 [org.springframework.kafka.KafkaListenerEndpointContainer#0-0-C-1] INFO  org.apache.kafka.common.metrics.Metrics - Closing reporter org.apache.kafka.common.metrics.JmxReporter
2023-11-14 12:31:18.065 [org.springframework.kafka.KafkaListenerEndpointContainer#0-0-C-1] INFO  org.apache.kafka.common.metrics.Metrics - Metrics reporters closed
2023-11-14 12:31:18.066 [org.springframework.kafka.KafkaListenerEndpointContainer#0-0-C-1] INFO  org.apache.kafka.common.utils.AppInfoParser - App info kafka.consumer for consumer-community-consumer-group-1 unregistered
2023-11-14 12:31:18.067 [org.springframework.kafka.KafkaListenerEndpointContainer#0-0-C-1] INFO  o.s.kafka.listener.KafkaMessageListenerContainer - community-consumer-group: Consumer stopped
2023-11-14 12:31:18.077 [SpringApplicationShutdownHook] INFO  org.apache.kafka.clients.producer.KafkaProducer - [Producer clientId=producer-1] Closing the Kafka producer with timeoutMillis = 30000 ms.
2023-11-14 12:31:18.079 [SpringApplicationShutdownHook] INFO  org.apache.kafka.common.metrics.Metrics - Metrics scheduler closed
2023-11-14 12:31:18.079 [SpringApplicationShutdownHook] INFO  org.apache.kafka.common.metrics.Metrics - Closing reporter org.apache.kafka.common.metrics.JmxReporter
2023-11-14 12:31:18.079 [SpringApplicationShutdownHook] INFO  org.apache.kafka.common.metrics.Metrics - Metrics reporters closed
2023-11-14 12:31:18.079 [SpringApplicationShutdownHook] INFO  org.apache.kafka.common.utils.AppInfoParser - App info kafka.producer for producer-1 unregistered
2023-11-14 12:38:04.644 [main] INFO  com.majing.community.KafkaTest - Starting KafkaTest using Java 17.0.8 with PID 74228 (started by majin in D:\Program Files (x86)\Java\IdeaProjects\community\community)
2023-11-14 12:38:04.645 [main] INFO  com.majing.community.KafkaTest - No active profile set, falling back to 1 default profile: "default"
2023-11-14 12:38:05.241 [main] INFO  o.s.d.r.config.RepositoryConfigurationDelegate - Multiple Spring Data modules found, entering strict repository configuration mode
2023-11-14 12:38:05.243 [main] INFO  o.s.d.r.config.RepositoryConfigurationDelegate - Bootstrapping Spring Data Redis repositories in DEFAULT mode.
2023-11-14 12:38:05.266 [main] INFO  o.s.d.r.config.RepositoryConfigurationDelegate - Finished Spring Data repository scanning in 10 ms. Found 0 Redis repository interfaces.
2023-11-14 12:38:08.274 [main] INFO  o.s.b.a.web.servlet.WelcomePageHandlerMapping - Adding welcome page template: index
2023-11-14 12:38:09.306 [main] INFO  org.apache.kafka.clients.consumer.ConsumerConfig - ConsumerConfig values: 
	allow.auto.create.topics = true
	auto.commit.interval.ms = 3000
	auto.include.jmx.reporter = true
	auto.offset.reset = latest
	bootstrap.servers = [localhost:9092]
	check.crcs = true
	client.dns.lookup = use_all_dns_ips
	client.id = consumer-community-consumer-group-1
	client.rack = 
	connections.max.idle.ms = 540000
	default.api.timeout.ms = 60000
	enable.auto.commit = true
	exclude.internal.topics = true
	fetch.max.bytes = 52428800
	fetch.max.wait.ms = 500
	fetch.min.bytes = 1
	group.id = community-consumer-group
	group.instance.id = null
	heartbeat.interval.ms = 3000
	interceptor.classes = []
	internal.leave.group.on.close = true
	internal.throw.on.fetch.stable.offset.unsupported = false
	isolation.level = read_uncommitted
	key.deserializer = class org.apache.kafka.common.serialization.StringDeserializer
	max.partition.fetch.bytes = 1048576
	max.poll.interval.ms = 300000
	max.poll.records = 500
	metadata.max.age.ms = 300000
	metric.reporters = []
	metrics.num.samples = 2
	metrics.recording.level = INFO
	metrics.sample.window.ms = 30000
	partition.assignment.strategy = [class org.apache.kafka.clients.consumer.RangeAssignor, class org.apache.kafka.clients.consumer.CooperativeStickyAssignor]
	receive.buffer.bytes = 65536
	reconnect.backoff.max.ms = 1000
	reconnect.backoff.ms = 50
	request.timeout.ms = 30000
	retry.backoff.ms = 100
	sasl.client.callback.handler.class = null
	sasl.jaas.config = null
	sasl.kerberos.kinit.cmd = /usr/bin/kinit
	sasl.kerberos.min.time.before.relogin = 60000
	sasl.kerberos.service.name = null
	sasl.kerberos.ticket.renew.jitter = 0.05
	sasl.kerberos.ticket.renew.window.factor = 0.8
	sasl.login.callback.handler.class = null
	sasl.login.class = null
	sasl.login.connect.timeout.ms = null
	sasl.login.read.timeout.ms = null
	sasl.login.refresh.buffer.seconds = 300
	sasl.login.refresh.min.period.seconds = 60
	sasl.login.refresh.window.factor = 0.8
	sasl.login.refresh.window.jitter = 0.05
	sasl.login.retry.backoff.max.ms = 10000
	sasl.login.retry.backoff.ms = 100
	sasl.mechanism = GSSAPI
	sasl.oauthbearer.clock.skew.seconds = 30
	sasl.oauthbearer.expected.audience = null
	sasl.oauthbearer.expected.issuer = null
	sasl.oauthbearer.jwks.endpoint.refresh.ms = 3600000
	sasl.oauthbearer.jwks.endpoint.retry.backoff.max.ms = 10000
	sasl.oauthbearer.jwks.endpoint.retry.backoff.ms = 100
	sasl.oauthbearer.jwks.endpoint.url = null
	sasl.oauthbearer.scope.claim.name = scope
	sasl.oauthbearer.sub.claim.name = sub
	sasl.oauthbearer.token.endpoint.url = null
	security.protocol = PLAINTEXT
	security.providers = null
	send.buffer.bytes = 131072
	session.timeout.ms = 45000
	socket.connection.setup.timeout.max.ms = 30000
	socket.connection.setup.timeout.ms = 10000
	ssl.cipher.suites = null
	ssl.enabled.protocols = [TLSv1.2, TLSv1.3]
	ssl.endpoint.identification.algorithm = https
	ssl.engine.factory.class = null
	ssl.key.password = null
	ssl.keymanager.algorithm = SunX509
	ssl.keystore.certificate.chain = null
	ssl.keystore.key = null
	ssl.keystore.location = null
	ssl.keystore.password = null
	ssl.keystore.type = JKS
	ssl.protocol = TLSv1.3
	ssl.provider = null
	ssl.secure.random.implementation = null
	ssl.trustmanager.algorithm = PKIX
	ssl.truststore.certificates = null
	ssl.truststore.location = null
	ssl.truststore.password = null
	ssl.truststore.type = JKS
	value.deserializer = class org.apache.kafka.common.serialization.StringDeserializer

2023-11-14 12:38:09.475 [main] INFO  org.apache.kafka.common.utils.AppInfoParser - Kafka version: 3.4.1
2023-11-14 12:38:09.476 [main] INFO  org.apache.kafka.common.utils.AppInfoParser - Kafka commitId: 8a516edc2755df89
2023-11-14 12:38:09.476 [main] INFO  org.apache.kafka.common.utils.AppInfoParser - Kafka startTimeMs: 1699936689474
2023-11-14 12:38:09.478 [main] INFO  org.apache.kafka.clients.consumer.KafkaConsumer - [Consumer clientId=consumer-community-consumer-group-1, groupId=community-consumer-group] Subscribed to topic(s): test
2023-11-14 12:38:09.494 [main] INFO  com.majing.community.KafkaTest - Started KafkaTest in 5.215 seconds (process running for 5.824)
2023-11-14 12:38:10.151 [org.springframework.kafka.KafkaListenerEndpointContainer#0-0-C-1] INFO  org.apache.kafka.clients.Metadata - [Consumer clientId=consumer-community-consumer-group-1, groupId=community-consumer-group] Resetting the last seen epoch of partition test-0 to 0 since the associated topicId changed from null to z_BP8xqpSB-_gK4yxdetow
2023-11-14 12:38:10.152 [org.springframework.kafka.KafkaListenerEndpointContainer#0-0-C-1] INFO  org.apache.kafka.clients.Metadata - [Consumer clientId=consumer-community-consumer-group-1, groupId=community-consumer-group] Cluster ID: okrU8_AlQnKHyQIjji_8Mw
2023-11-14 12:38:10.153 [org.springframework.kafka.KafkaListenerEndpointContainer#0-0-C-1] INFO  o.a.k.c.consumer.internals.ConsumerCoordinator - [Consumer clientId=consumer-community-consumer-group-1, groupId=community-consumer-group] Discovered group coordinator MARGIN:9092 (id: 2147483647 rack: null)
2023-11-14 12:38:10.158 [org.springframework.kafka.KafkaListenerEndpointContainer#0-0-C-1] INFO  o.a.k.c.consumer.internals.ConsumerCoordinator - [Consumer clientId=consumer-community-consumer-group-1, groupId=community-consumer-group] (Re-)joining group
2023-11-14 12:38:10.174 [org.springframework.kafka.KafkaListenerEndpointContainer#0-0-C-1] INFO  o.a.k.c.consumer.internals.ConsumerCoordinator - [Consumer clientId=consumer-community-consumer-group-1, groupId=community-consumer-group] Request joining group due to: need to re-join with the given member-id: consumer-community-consumer-group-1-dad5fb10-87da-4fa9-a673-d7cb8020bb01
2023-11-14 12:38:10.175 [org.springframework.kafka.KafkaListenerEndpointContainer#0-0-C-1] INFO  o.a.k.c.consumer.internals.ConsumerCoordinator - [Consumer clientId=consumer-community-consumer-group-1, groupId=community-consumer-group] Request joining group due to: rebalance failed due to 'The group member needs to have a valid member id before actually entering a consumer group.' (MemberIdRequiredException)
2023-11-14 12:38:10.175 [org.springframework.kafka.KafkaListenerEndpointContainer#0-0-C-1] INFO  o.a.k.c.consumer.internals.ConsumerCoordinator - [Consumer clientId=consumer-community-consumer-group-1, groupId=community-consumer-group] (Re-)joining group
2023-11-14 12:38:10.184 [org.springframework.kafka.KafkaListenerEndpointContainer#0-0-C-1] INFO  o.a.k.c.consumer.internals.ConsumerCoordinator - [Consumer clientId=consumer-community-consumer-group-1, groupId=community-consumer-group] Successfully joined group with generation Generation{generationId=1, memberId='consumer-community-consumer-group-1-dad5fb10-87da-4fa9-a673-d7cb8020bb01', protocol='range'}
2023-11-14 12:38:10.185 [org.springframework.kafka.KafkaListenerEndpointContainer#0-0-C-1] INFO  o.a.k.c.consumer.internals.ConsumerCoordinator - [Consumer clientId=consumer-community-consumer-group-1, groupId=community-consumer-group] Finished assignment for group at generation 1: {consumer-community-consumer-group-1-dad5fb10-87da-4fa9-a673-d7cb8020bb01=Assignment(partitions=[test-0])}
2023-11-14 12:38:10.215 [org.springframework.kafka.KafkaListenerEndpointContainer#0-0-C-1] INFO  o.a.k.c.consumer.internals.ConsumerCoordinator - [Consumer clientId=consumer-community-consumer-group-1, groupId=community-consumer-group] Successfully synced group in generation Generation{generationId=1, memberId='consumer-community-consumer-group-1-dad5fb10-87da-4fa9-a673-d7cb8020bb01', protocol='range'}
2023-11-14 12:38:10.215 [org.springframework.kafka.KafkaListenerEndpointContainer#0-0-C-1] INFO  o.a.k.c.consumer.internals.ConsumerCoordinator - [Consumer clientId=consumer-community-consumer-group-1, groupId=community-consumer-group] Notifying assignor about the new Assignment(partitions=[test-0])
2023-11-14 12:38:10.218 [org.springframework.kafka.KafkaListenerEndpointContainer#0-0-C-1] INFO  o.a.k.c.consumer.internals.ConsumerCoordinator - [Consumer clientId=consumer-community-consumer-group-1, groupId=community-consumer-group] Adding newly assigned partitions: test-0
2023-11-14 12:38:10.235 [org.springframework.kafka.KafkaListenerEndpointContainer#0-0-C-1] INFO  o.a.k.c.consumer.internals.ConsumerCoordinator - [Consumer clientId=consumer-community-consumer-group-1, groupId=community-consumer-group] Found no committed offset for partition test-0
2023-11-14 12:38:10.253 [org.springframework.kafka.KafkaListenerEndpointContainer#0-0-C-1] INFO  o.a.k.clients.consumer.internals.SubscriptionState - [Consumer clientId=consumer-community-consumer-group-1, groupId=community-consumer-group] Resetting offset for partition test-0 to position FetchPosition{offset=1, offsetEpoch=Optional.empty, currentLeader=LeaderAndEpoch{leader=Optional[MARGIN:9092 (id: 0 rack: null)], epoch=0}}.
2023-11-14 12:38:10.259 [org.springframework.kafka.KafkaListenerEndpointContainer#0-0-C-1] INFO  o.s.kafka.listener.KafkaMessageListenerContainer - community-consumer-group: partitions assigned: [test-0]
2023-11-14 12:38:10.348 [main] INFO  org.apache.kafka.clients.producer.ProducerConfig - ProducerConfig values: 
	acks = -1
	auto.include.jmx.reporter = true
	batch.size = 16384
	bootstrap.servers = [localhost:9092]
	buffer.memory = 33554432
	client.dns.lookup = use_all_dns_ips
	client.id = producer-1
	compression.type = none
	connections.max.idle.ms = 540000
	delivery.timeout.ms = 120000
	enable.idempotence = true
	interceptor.classes = []
	key.serializer = class org.apache.kafka.common.serialization.StringSerializer
	linger.ms = 0
	max.block.ms = 60000
	max.in.flight.requests.per.connection = 5
	max.request.size = 1048576
	metadata.max.age.ms = 300000
	metadata.max.idle.ms = 300000
	metric.reporters = []
	metrics.num.samples = 2
	metrics.recording.level = INFO
	metrics.sample.window.ms = 30000
	partitioner.adaptive.partitioning.enable = true
	partitioner.availability.timeout.ms = 0
	partitioner.class = null
	partitioner.ignore.keys = false
	receive.buffer.bytes = 32768
	reconnect.backoff.max.ms = 1000
	reconnect.backoff.ms = 50
	request.timeout.ms = 30000
	retries = 2147483647
	retry.backoff.ms = 100
	sasl.client.callback.handler.class = null
	sasl.jaas.config = null
	sasl.kerberos.kinit.cmd = /usr/bin/kinit
	sasl.kerberos.min.time.before.relogin = 60000
	sasl.kerberos.service.name = null
	sasl.kerberos.ticket.renew.jitter = 0.05
	sasl.kerberos.ticket.renew.window.factor = 0.8
	sasl.login.callback.handler.class = null
	sasl.login.class = null
	sasl.login.connect.timeout.ms = null
	sasl.login.read.timeout.ms = null
	sasl.login.refresh.buffer.seconds = 300
	sasl.login.refresh.min.period.seconds = 60
	sasl.login.refresh.window.factor = 0.8
	sasl.login.refresh.window.jitter = 0.05
	sasl.login.retry.backoff.max.ms = 10000
	sasl.login.retry.backoff.ms = 100
	sasl.mechanism = GSSAPI
	sasl.oauthbearer.clock.skew.seconds = 30
	sasl.oauthbearer.expected.audience = null
	sasl.oauthbearer.expected.issuer = null
	sasl.oauthbearer.jwks.endpoint.refresh.ms = 3600000
	sasl.oauthbearer.jwks.endpoint.retry.backoff.max.ms = 10000
	sasl.oauthbearer.jwks.endpoint.retry.backoff.ms = 100
	sasl.oauthbearer.jwks.endpoint.url = null
	sasl.oauthbearer.scope.claim.name = scope
	sasl.oauthbearer.sub.claim.name = sub
	sasl.oauthbearer.token.endpoint.url = null
	security.protocol = PLAINTEXT
	security.providers = null
	send.buffer.bytes = 131072
	socket.connection.setup.timeout.max.ms = 30000
	socket.connection.setup.timeout.ms = 10000
	ssl.cipher.suites = null
	ssl.enabled.protocols = [TLSv1.2, TLSv1.3]
	ssl.endpoint.identification.algorithm = https
	ssl.engine.factory.class = null
	ssl.key.password = null
	ssl.keymanager.algorithm = SunX509
	ssl.keystore.certificate.chain = null
	ssl.keystore.key = null
	ssl.keystore.location = null
	ssl.keystore.password = null
	ssl.keystore.type = JKS
	ssl.protocol = TLSv1.3
	ssl.provider = null
	ssl.secure.random.implementation = null
	ssl.trustmanager.algorithm = PKIX
	ssl.truststore.certificates = null
	ssl.truststore.location = null
	ssl.truststore.password = null
	ssl.truststore.type = JKS
	transaction.timeout.ms = 60000
	transactional.id = null
	value.serializer = class org.apache.kafka.common.serialization.StringSerializer

2023-11-14 12:38:10.364 [main] INFO  org.apache.kafka.clients.producer.KafkaProducer - [Producer clientId=producer-1] Instantiated an idempotent producer.
2023-11-14 12:38:10.385 [main] INFO  org.apache.kafka.common.utils.AppInfoParser - Kafka version: 3.4.1
2023-11-14 12:38:10.386 [main] INFO  org.apache.kafka.common.utils.AppInfoParser - Kafka commitId: 8a516edc2755df89
2023-11-14 12:38:10.386 [main] INFO  org.apache.kafka.common.utils.AppInfoParser - Kafka startTimeMs: 1699936690385
2023-11-14 12:38:10.396 [kafka-producer-network-thread | producer-1] INFO  org.apache.kafka.clients.Metadata - [Producer clientId=producer-1] Resetting the last seen epoch of partition test-0 to 0 since the associated topicId changed from null to z_BP8xqpSB-_gK4yxdetow
2023-11-14 12:38:10.396 [kafka-producer-network-thread | producer-1] INFO  org.apache.kafka.clients.Metadata - [Producer clientId=producer-1] Cluster ID: okrU8_AlQnKHyQIjji_8Mw
2023-11-14 12:38:10.516 [kafka-producer-network-thread | producer-1] INFO  o.a.k.c.producer.internals.TransactionManager - [Producer clientId=producer-1] ProducerId set to 1000 with epoch 0
2023-11-14 12:38:15.462 [org.springframework.kafka.KafkaListenerEndpointContainer#0-0-C-1] INFO  o.a.k.c.consumer.internals.ConsumerCoordinator - [Consumer clientId=consumer-community-consumer-group-1, groupId=community-consumer-group] Revoke previously assigned partitions test-0
2023-11-14 12:38:15.463 [org.springframework.kafka.KafkaListenerEndpointContainer#0-0-C-1] INFO  o.s.kafka.listener.KafkaMessageListenerContainer - community-consumer-group: partitions revoked: [test-0]
2023-11-14 12:38:15.463 [org.springframework.kafka.KafkaListenerEndpointContainer#0-0-C-1] INFO  o.a.k.c.consumer.internals.ConsumerCoordinator - [Consumer clientId=consumer-community-consumer-group-1, groupId=community-consumer-group] Member consumer-community-consumer-group-1-dad5fb10-87da-4fa9-a673-d7cb8020bb01 sending LeaveGroup request to coordinator MARGIN:9092 (id: 2147483647 rack: null) due to the consumer unsubscribed from all topics
2023-11-14 12:38:15.464 [org.springframework.kafka.KafkaListenerEndpointContainer#0-0-C-1] INFO  o.a.k.c.consumer.internals.ConsumerCoordinator - [Consumer clientId=consumer-community-consumer-group-1, groupId=community-consumer-group] Resetting generation and member id due to: consumer pro-actively leaving the group
2023-11-14 12:38:15.464 [org.springframework.kafka.KafkaListenerEndpointContainer#0-0-C-1] INFO  o.a.k.c.consumer.internals.ConsumerCoordinator - [Consumer clientId=consumer-community-consumer-group-1, groupId=community-consumer-group] Request joining group due to: consumer pro-actively leaving the group
2023-11-14 12:38:15.464 [org.springframework.kafka.KafkaListenerEndpointContainer#0-0-C-1] INFO  org.apache.kafka.clients.consumer.KafkaConsumer - [Consumer clientId=consumer-community-consumer-group-1, groupId=community-consumer-group] Unsubscribed all topics or patterns and assigned partitions
2023-11-14 12:38:15.464 [org.springframework.kafka.KafkaListenerEndpointContainer#0-0-C-1] INFO  o.a.k.c.consumer.internals.ConsumerCoordinator - [Consumer clientId=consumer-community-consumer-group-1, groupId=community-consumer-group] Resetting generation and member id due to: consumer pro-actively leaving the group
2023-11-14 12:38:15.464 [org.springframework.kafka.KafkaListenerEndpointContainer#0-0-C-1] INFO  o.a.k.c.consumer.internals.ConsumerCoordinator - [Consumer clientId=consumer-community-consumer-group-1, groupId=community-consumer-group] Request joining group due to: consumer pro-actively leaving the group
2023-11-14 12:38:15.473 [org.springframework.kafka.KafkaListenerEndpointContainer#0-0-C-1] INFO  org.apache.kafka.common.metrics.Metrics - Metrics scheduler closed
2023-11-14 12:38:15.473 [org.springframework.kafka.KafkaListenerEndpointContainer#0-0-C-1] INFO  org.apache.kafka.common.metrics.Metrics - Closing reporter org.apache.kafka.common.metrics.JmxReporter
2023-11-14 12:38:15.473 [org.springframework.kafka.KafkaListenerEndpointContainer#0-0-C-1] INFO  org.apache.kafka.common.metrics.Metrics - Metrics reporters closed
2023-11-14 12:38:15.476 [org.springframework.kafka.KafkaListenerEndpointContainer#0-0-C-1] INFO  org.apache.kafka.common.utils.AppInfoParser - App info kafka.consumer for consumer-community-consumer-group-1 unregistered
2023-11-14 12:38:15.477 [org.springframework.kafka.KafkaListenerEndpointContainer#0-0-C-1] INFO  o.s.kafka.listener.KafkaMessageListenerContainer - community-consumer-group: Consumer stopped
2023-11-14 12:38:15.494 [SpringApplicationShutdownHook] INFO  org.apache.kafka.clients.producer.KafkaProducer - [Producer clientId=producer-1] Closing the Kafka producer with timeoutMillis = 30000 ms.
2023-11-14 12:38:15.496 [SpringApplicationShutdownHook] INFO  org.apache.kafka.common.metrics.Metrics - Metrics scheduler closed
2023-11-14 12:38:15.497 [SpringApplicationShutdownHook] INFO  org.apache.kafka.common.metrics.Metrics - Closing reporter org.apache.kafka.common.metrics.JmxReporter
2023-11-14 12:38:15.497 [SpringApplicationShutdownHook] INFO  org.apache.kafka.common.metrics.Metrics - Metrics reporters closed
2023-11-14 12:38:15.497 [SpringApplicationShutdownHook] INFO  org.apache.kafka.common.utils.AppInfoParser - App info kafka.producer for producer-1 unregistered
