2023-11-09 11:31:35.672 [restartedMain] INFO  com.majing.community.CommunityApplication - Starting CommunityApplication using Java 17.0.8 with PID 79328 (D:\Program Files (x86)\Java\IdeaProjects\community\community\target\classes started by majin in D:\Program Files (x86)\Java\IdeaProjects\community\community)
2023-11-09 11:31:35.675 [restartedMain] INFO  com.majing.community.CommunityApplication - No active profile set, falling back to 1 default profile: "default"
2023-11-09 11:31:35.716 [restartedMain] INFO  o.s.b.d.env.DevToolsPropertyDefaultsPostProcessor - Devtools property defaults active! Set 'spring.devtools.add-properties' to 'false' to disable
2023-11-09 11:31:35.716 [restartedMain] INFO  o.s.b.d.env.DevToolsPropertyDefaultsPostProcessor - For additional web related logging consider setting the 'logging.level.web' property to 'DEBUG'
2023-11-09 11:31:36.302 [restartedMain] INFO  o.s.d.r.config.RepositoryConfigurationDelegate - Multiple Spring Data modules found, entering strict repository configuration mode
2023-11-09 11:31:36.304 [restartedMain] INFO  o.s.d.r.config.RepositoryConfigurationDelegate - Bootstrapping Spring Data Redis repositories in DEFAULT mode.
2023-11-09 11:31:36.324 [restartedMain] INFO  o.s.d.r.config.RepositoryConfigurationDelegate - Finished Spring Data repository scanning in 9 ms. Found 0 Redis repository interfaces.
2023-11-09 11:31:36.949 [restartedMain] INFO  o.s.boot.web.embedded.tomcat.TomcatWebServer - Tomcat initialized with port(s): 8080 (http)
2023-11-09 11:31:36.955 [restartedMain] INFO  org.apache.coyote.http11.Http11NioProtocol - Initializing ProtocolHandler ["http-nio-8080"]
2023-11-09 11:31:36.956 [restartedMain] INFO  org.apache.catalina.core.StandardService - Starting service [Tomcat]
2023-11-09 11:31:36.956 [restartedMain] INFO  org.apache.catalina.core.StandardEngine - Starting Servlet engine: [Apache Tomcat/10.1.11]
2023-11-09 11:31:37.004 [restartedMain] INFO  o.a.c.c.C.[Tomcat].[localhost].[/community] - Initializing Spring embedded WebApplicationContext
2023-11-09 11:31:37.004 [restartedMain] INFO  o.s.b.w.s.c.ServletWebServerApplicationContext - Root WebApplicationContext: initialization completed in 1288 ms
2023-11-09 11:31:37.808 [restartedMain] INFO  o.s.b.a.web.servlet.WelcomePageHandlerMapping - Adding welcome page template: index
2023-11-09 11:31:38.047 [restartedMain] INFO  o.s.b.d.autoconfigure.OptionalLiveReloadServer - LiveReload server is running on port 35729
2023-11-09 11:31:38.061 [restartedMain] INFO  org.apache.coyote.http11.Http11NioProtocol - Starting ProtocolHandler ["http-nio-8080"]
2023-11-09 11:31:38.073 [restartedMain] INFO  o.s.boot.web.embedded.tomcat.TomcatWebServer - Tomcat started on port(s): 8080 (http) with context path '/community'
2023-11-09 11:31:38.083 [restartedMain] INFO  com.majing.community.CommunityApplication - Started CommunityApplication in 2.756 seconds (process running for 3.453)
2023-11-09 11:31:48.716 [http-nio-8080-exec-1] INFO  o.a.c.c.C.[Tomcat].[localhost].[/community] - Initializing Spring DispatcherServlet 'dispatcherServlet'
2023-11-09 11:31:48.716 [http-nio-8080-exec-1] INFO  org.springframework.web.servlet.DispatcherServlet - Initializing Servlet 'dispatcherServlet'
2023-11-09 11:31:48.717 [http-nio-8080-exec-1] INFO  org.springframework.web.servlet.DispatcherServlet - Completed initialization in 1 ms
2023-11-09 11:31:48.743 [http-nio-8080-exec-1] INFO  c.m.community.controller.aspect.ServiceLogAspect - 用户[0:0:0:0:0:0:0:1]，在[2023-11-09 11:31:48]，访问了[com.majing.community.service.impl.UserServiceImpl.getLoginTicket]。
2023-11-09 11:31:48.897 [http-nio-8080-exec-1] INFO  c.m.community.controller.aspect.ServiceLogAspect - 用户[0:0:0:0:0:0:0:1]，在[2023-11-09 11:31:48]，访问了[com.majing.community.service.impl.UserServiceImpl.getUserById]。
2023-11-09 11:31:48.917 [http-nio-8080-exec-1] INFO  c.m.community.controller.aspect.ServiceLogAspect - 用户[0:0:0:0:0:0:0:1]，在[2023-11-09 11:31:48]，访问了[com.majing.community.service.impl.DiscussPostServiceImpl.getDiscussPostRows]。
2023-11-09 11:31:48.935 [http-nio-8080-exec-1] INFO  c.m.community.controller.aspect.ServiceLogAspect - 用户[0:0:0:0:0:0:0:1]，在[2023-11-09 11:31:48]，访问了[com.majing.community.service.impl.DiscussPostServiceImpl.getDiscussPosts]。
2023-11-09 11:31:48.946 [http-nio-8080-exec-1] INFO  c.m.community.controller.aspect.ServiceLogAspect - 用户[0:0:0:0:0:0:0:1]，在[2023-11-09 11:31:48]，访问了[com.majing.community.service.impl.UserServiceImpl.getUserById]。
2023-11-09 11:31:48.955 [http-nio-8080-exec-1] INFO  c.m.community.controller.aspect.ServiceLogAspect - 用户[0:0:0:0:0:0:0:1]，在[2023-11-09 11:31:48]，访问了[com.majing.community.service.impl.LikeServiceImpl.likeCount]。
2023-11-09 11:31:49.290 [http-nio-8080-exec-1] INFO  c.m.community.controller.aspect.ServiceLogAspect - 用户[0:0:0:0:0:0:0:1]，在[2023-11-09 11:31:49]，访问了[com.majing.community.service.impl.UserServiceImpl.getUserById]。
2023-11-09 11:31:49.297 [http-nio-8080-exec-1] INFO  c.m.community.controller.aspect.ServiceLogAspect - 用户[0:0:0:0:0:0:0:1]，在[2023-11-09 11:31:49]，访问了[com.majing.community.service.impl.LikeServiceImpl.likeCount]。
2023-11-09 11:31:49.298 [http-nio-8080-exec-1] INFO  c.m.community.controller.aspect.ServiceLogAspect - 用户[0:0:0:0:0:0:0:1]，在[2023-11-09 11:31:49]，访问了[com.majing.community.service.impl.UserServiceImpl.getUserById]。
2023-11-09 11:31:49.302 [http-nio-8080-exec-1] INFO  c.m.community.controller.aspect.ServiceLogAspect - 用户[0:0:0:0:0:0:0:1]，在[2023-11-09 11:31:49]，访问了[com.majing.community.service.impl.LikeServiceImpl.likeCount]。
2023-11-09 11:31:49.303 [http-nio-8080-exec-1] INFO  c.m.community.controller.aspect.ServiceLogAspect - 用户[0:0:0:0:0:0:0:1]，在[2023-11-09 11:31:49]，访问了[com.majing.community.service.impl.UserServiceImpl.getUserById]。
2023-11-09 11:31:49.306 [http-nio-8080-exec-1] INFO  c.m.community.controller.aspect.ServiceLogAspect - 用户[0:0:0:0:0:0:0:1]，在[2023-11-09 11:31:49]，访问了[com.majing.community.service.impl.LikeServiceImpl.likeCount]。
2023-11-09 11:31:49.308 [http-nio-8080-exec-1] INFO  c.m.community.controller.aspect.ServiceLogAspect - 用户[0:0:0:0:0:0:0:1]，在[2023-11-09 11:31:49]，访问了[com.majing.community.service.impl.UserServiceImpl.getUserById]。
2023-11-09 11:31:49.314 [http-nio-8080-exec-1] INFO  c.m.community.controller.aspect.ServiceLogAspect - 用户[0:0:0:0:0:0:0:1]，在[2023-11-09 11:31:49]，访问了[com.majing.community.service.impl.LikeServiceImpl.likeCount]。
2023-11-09 11:31:49.315 [http-nio-8080-exec-1] INFO  c.m.community.controller.aspect.ServiceLogAspect - 用户[0:0:0:0:0:0:0:1]，在[2023-11-09 11:31:49]，访问了[com.majing.community.service.impl.UserServiceImpl.getUserById]。
2023-11-09 11:31:49.321 [http-nio-8080-exec-1] INFO  c.m.community.controller.aspect.ServiceLogAspect - 用户[0:0:0:0:0:0:0:1]，在[2023-11-09 11:31:49]，访问了[com.majing.community.service.impl.LikeServiceImpl.likeCount]。
2023-11-09 11:31:49.323 [http-nio-8080-exec-1] INFO  c.m.community.controller.aspect.ServiceLogAspect - 用户[0:0:0:0:0:0:0:1]，在[2023-11-09 11:31:49]，访问了[com.majing.community.service.impl.UserServiceImpl.getUserById]。
2023-11-09 11:31:49.329 [http-nio-8080-exec-1] INFO  c.m.community.controller.aspect.ServiceLogAspect - 用户[0:0:0:0:0:0:0:1]，在[2023-11-09 11:31:49]，访问了[com.majing.community.service.impl.LikeServiceImpl.likeCount]。
2023-11-09 11:31:49.330 [http-nio-8080-exec-1] INFO  c.m.community.controller.aspect.ServiceLogAspect - 用户[0:0:0:0:0:0:0:1]，在[2023-11-09 11:31:49]，访问了[com.majing.community.service.impl.UserServiceImpl.getUserById]。
2023-11-09 11:31:49.335 [http-nio-8080-exec-1] INFO  c.m.community.controller.aspect.ServiceLogAspect - 用户[0:0:0:0:0:0:0:1]，在[2023-11-09 11:31:49]，访问了[com.majing.community.service.impl.LikeServiceImpl.likeCount]。
2023-11-09 11:31:49.336 [http-nio-8080-exec-1] INFO  c.m.community.controller.aspect.ServiceLogAspect - 用户[0:0:0:0:0:0:0:1]，在[2023-11-09 11:31:49]，访问了[com.majing.community.service.impl.UserServiceImpl.getUserById]。
2023-11-09 11:31:49.341 [http-nio-8080-exec-1] INFO  c.m.community.controller.aspect.ServiceLogAspect - 用户[0:0:0:0:0:0:0:1]，在[2023-11-09 11:31:49]，访问了[com.majing.community.service.impl.LikeServiceImpl.likeCount]。
2023-11-09 11:31:49.342 [http-nio-8080-exec-1] INFO  c.m.community.controller.aspect.ServiceLogAspect - 用户[0:0:0:0:0:0:0:1]，在[2023-11-09 11:31:49]，访问了[com.majing.community.service.impl.UserServiceImpl.getUserById]。
2023-11-09 11:31:49.347 [http-nio-8080-exec-1] INFO  c.m.community.controller.aspect.ServiceLogAspect - 用户[0:0:0:0:0:0:0:1]，在[2023-11-09 11:31:49]，访问了[com.majing.community.service.impl.LikeServiceImpl.likeCount]。
2023-11-09 11:31:52.414 [http-nio-8080-exec-8] INFO  c.m.community.controller.aspect.ServiceLogAspect - 用户[0:0:0:0:0:0:0:1]，在[2023-11-09 11:31:52]，访问了[com.majing.community.service.impl.UserServiceImpl.getLoginTicket]。
2023-11-09 11:31:52.420 [http-nio-8080-exec-8] INFO  c.m.community.controller.aspect.ServiceLogAspect - 用户[0:0:0:0:0:0:0:1]，在[2023-11-09 11:31:52]，访问了[com.majing.community.service.impl.UserServiceImpl.getUserById]。
2023-11-09 11:31:52.432 [http-nio-8080-exec-8] INFO  c.m.community.controller.aspect.ServiceLogAspect - 用户[0:0:0:0:0:0:0:1]，在[2023-11-09 11:31:52]，访问了[com.majing.community.service.impl.UserServiceImpl.logout]。
2023-11-09 11:31:52.449 [http-nio-8080-exec-6] INFO  c.m.community.controller.aspect.ServiceLogAspect - 用户[0:0:0:0:0:0:0:1]，在[2023-11-09 11:31:52]，访问了[com.majing.community.service.impl.UserServiceImpl.getLoginTicket]。
2023-11-09 11:31:52.507 [http-nio-8080-exec-3] INFO  c.m.community.controller.aspect.ServiceLogAspect - 用户[0:0:0:0:0:0:0:1]，在[2023-11-09 11:31:52]，访问了[com.majing.community.service.impl.UserServiceImpl.getLoginTicket]。
2023-11-09 11:32:07.936 [http-nio-8080-exec-5] INFO  c.m.community.controller.aspect.ServiceLogAspect - 用户[0:0:0:0:0:0:0:1]，在[2023-11-09 11:32:07]，访问了[com.majing.community.service.impl.UserServiceImpl.getLoginTicket]。
2023-11-09 11:32:08.025 [http-nio-8080-exec-5] INFO  c.m.community.controller.aspect.ServiceLogAspect - 用户[0:0:0:0:0:0:0:1]，在[2023-11-09 11:32:08]，访问了[com.majing.community.service.impl.UserServiceImpl.login]。
2023-11-09 11:32:08.047 [http-nio-8080-exec-9] INFO  c.m.community.controller.aspect.ServiceLogAspect - 用户[0:0:0:0:0:0:0:1]，在[2023-11-09 11:32:08]，访问了[com.majing.community.service.impl.UserServiceImpl.getLoginTicket]。
2023-11-09 11:32:08.053 [http-nio-8080-exec-9] INFO  c.m.community.controller.aspect.ServiceLogAspect - 用户[0:0:0:0:0:0:0:1]，在[2023-11-09 11:32:08]，访问了[com.majing.community.service.impl.UserServiceImpl.getUserById]。
2023-11-09 11:32:08.056 [http-nio-8080-exec-9] INFO  c.m.community.controller.aspect.ServiceLogAspect - 用户[0:0:0:0:0:0:0:1]，在[2023-11-09 11:32:08]，访问了[com.majing.community.service.impl.DiscussPostServiceImpl.getDiscussPostRows]。
2023-11-09 11:32:08.060 [http-nio-8080-exec-9] INFO  c.m.community.controller.aspect.ServiceLogAspect - 用户[0:0:0:0:0:0:0:1]，在[2023-11-09 11:32:08]，访问了[com.majing.community.service.impl.DiscussPostServiceImpl.getDiscussPosts]。
2023-11-09 11:32:08.067 [http-nio-8080-exec-9] INFO  c.m.community.controller.aspect.ServiceLogAspect - 用户[0:0:0:0:0:0:0:1]，在[2023-11-09 11:32:08]，访问了[com.majing.community.service.impl.UserServiceImpl.getUserById]。
2023-11-09 11:32:08.070 [http-nio-8080-exec-9] INFO  c.m.community.controller.aspect.ServiceLogAspect - 用户[0:0:0:0:0:0:0:1]，在[2023-11-09 11:32:08]，访问了[com.majing.community.service.impl.LikeServiceImpl.likeCount]。
2023-11-09 11:32:08.071 [http-nio-8080-exec-9] INFO  c.m.community.controller.aspect.ServiceLogAspect - 用户[0:0:0:0:0:0:0:1]，在[2023-11-09 11:32:08]，访问了[com.majing.community.service.impl.UserServiceImpl.getUserById]。
2023-11-09 11:32:08.075 [http-nio-8080-exec-9] INFO  c.m.community.controller.aspect.ServiceLogAspect - 用户[0:0:0:0:0:0:0:1]，在[2023-11-09 11:32:08]，访问了[com.majing.community.service.impl.LikeServiceImpl.likeCount]。
2023-11-09 11:32:08.075 [http-nio-8080-exec-9] INFO  c.m.community.controller.aspect.ServiceLogAspect - 用户[0:0:0:0:0:0:0:1]，在[2023-11-09 11:32:08]，访问了[com.majing.community.service.impl.UserServiceImpl.getUserById]。
2023-11-09 11:32:08.079 [http-nio-8080-exec-9] INFO  c.m.community.controller.aspect.ServiceLogAspect - 用户[0:0:0:0:0:0:0:1]，在[2023-11-09 11:32:08]，访问了[com.majing.community.service.impl.LikeServiceImpl.likeCount]。
2023-11-09 11:32:08.080 [http-nio-8080-exec-9] INFO  c.m.community.controller.aspect.ServiceLogAspect - 用户[0:0:0:0:0:0:0:1]，在[2023-11-09 11:32:08]，访问了[com.majing.community.service.impl.UserServiceImpl.getUserById]。
2023-11-09 11:32:08.084 [http-nio-8080-exec-9] INFO  c.m.community.controller.aspect.ServiceLogAspect - 用户[0:0:0:0:0:0:0:1]，在[2023-11-09 11:32:08]，访问了[com.majing.community.service.impl.LikeServiceImpl.likeCount]。
2023-11-09 11:32:08.085 [http-nio-8080-exec-9] INFO  c.m.community.controller.aspect.ServiceLogAspect - 用户[0:0:0:0:0:0:0:1]，在[2023-11-09 11:32:08]，访问了[com.majing.community.service.impl.UserServiceImpl.getUserById]。
2023-11-09 11:32:08.088 [http-nio-8080-exec-9] INFO  c.m.community.controller.aspect.ServiceLogAspect - 用户[0:0:0:0:0:0:0:1]，在[2023-11-09 11:32:08]，访问了[com.majing.community.service.impl.LikeServiceImpl.likeCount]。
2023-11-09 11:32:08.089 [http-nio-8080-exec-9] INFO  c.m.community.controller.aspect.ServiceLogAspect - 用户[0:0:0:0:0:0:0:1]，在[2023-11-09 11:32:08]，访问了[com.majing.community.service.impl.UserServiceImpl.getUserById]。
2023-11-09 11:32:08.093 [http-nio-8080-exec-9] INFO  c.m.community.controller.aspect.ServiceLogAspect - 用户[0:0:0:0:0:0:0:1]，在[2023-11-09 11:32:08]，访问了[com.majing.community.service.impl.LikeServiceImpl.likeCount]。
2023-11-09 11:32:08.094 [http-nio-8080-exec-9] INFO  c.m.community.controller.aspect.ServiceLogAspect - 用户[0:0:0:0:0:0:0:1]，在[2023-11-09 11:32:08]，访问了[com.majing.community.service.impl.UserServiceImpl.getUserById]。
2023-11-09 11:32:08.097 [http-nio-8080-exec-9] INFO  c.m.community.controller.aspect.ServiceLogAspect - 用户[0:0:0:0:0:0:0:1]，在[2023-11-09 11:32:08]，访问了[com.majing.community.service.impl.LikeServiceImpl.likeCount]。
2023-11-09 11:32:08.099 [http-nio-8080-exec-9] INFO  c.m.community.controller.aspect.ServiceLogAspect - 用户[0:0:0:0:0:0:0:1]，在[2023-11-09 11:32:08]，访问了[com.majing.community.service.impl.UserServiceImpl.getUserById]。
2023-11-09 11:32:08.102 [http-nio-8080-exec-9] INFO  c.m.community.controller.aspect.ServiceLogAspect - 用户[0:0:0:0:0:0:0:1]，在[2023-11-09 11:32:08]，访问了[com.majing.community.service.impl.LikeServiceImpl.likeCount]。
2023-11-09 11:32:08.103 [http-nio-8080-exec-9] INFO  c.m.community.controller.aspect.ServiceLogAspect - 用户[0:0:0:0:0:0:0:1]，在[2023-11-09 11:32:08]，访问了[com.majing.community.service.impl.UserServiceImpl.getUserById]。
2023-11-09 11:32:08.106 [http-nio-8080-exec-9] INFO  c.m.community.controller.aspect.ServiceLogAspect - 用户[0:0:0:0:0:0:0:1]，在[2023-11-09 11:32:08]，访问了[com.majing.community.service.impl.LikeServiceImpl.likeCount]。
2023-11-09 11:32:08.107 [http-nio-8080-exec-9] INFO  c.m.community.controller.aspect.ServiceLogAspect - 用户[0:0:0:0:0:0:0:1]，在[2023-11-09 11:32:08]，访问了[com.majing.community.service.impl.UserServiceImpl.getUserById]。
2023-11-09 11:32:08.109 [http-nio-8080-exec-9] INFO  c.m.community.controller.aspect.ServiceLogAspect - 用户[0:0:0:0:0:0:0:1]，在[2023-11-09 11:32:08]，访问了[com.majing.community.service.impl.LikeServiceImpl.likeCount]。
2023-11-09 11:46:29.957 [restartedMain] INFO  com.majing.community.CommunityApplication - Starting CommunityApplication using Java 17.0.8 with PID 96196 (D:\Program Files (x86)\Java\IdeaProjects\community\community\target\classes started by majin in D:\Program Files (x86)\Java\IdeaProjects\community\community)
2023-11-09 11:46:29.959 [restartedMain] INFO  com.majing.community.CommunityApplication - No active profile set, falling back to 1 default profile: "default"
2023-11-09 11:46:29.991 [restartedMain] INFO  o.s.b.d.env.DevToolsPropertyDefaultsPostProcessor - Devtools property defaults active! Set 'spring.devtools.add-properties' to 'false' to disable
2023-11-09 11:46:29.993 [restartedMain] INFO  o.s.b.d.env.DevToolsPropertyDefaultsPostProcessor - For additional web related logging consider setting the 'logging.level.web' property to 'DEBUG'
2023-11-09 11:46:30.512 [restartedMain] INFO  o.s.d.r.config.RepositoryConfigurationDelegate - Multiple Spring Data modules found, entering strict repository configuration mode
2023-11-09 11:46:30.514 [restartedMain] INFO  o.s.d.r.config.RepositoryConfigurationDelegate - Bootstrapping Spring Data Redis repositories in DEFAULT mode.
2023-11-09 11:46:30.540 [restartedMain] INFO  o.s.d.r.config.RepositoryConfigurationDelegate - Finished Spring Data repository scanning in 8 ms. Found 0 Redis repository interfaces.
2023-11-09 11:46:31.078 [restartedMain] INFO  o.s.boot.web.embedded.tomcat.TomcatWebServer - Tomcat initialized with port(s): 8080 (http)
2023-11-09 11:46:31.088 [restartedMain] INFO  org.apache.coyote.http11.Http11NioProtocol - Initializing ProtocolHandler ["http-nio-8080"]
2023-11-09 11:46:31.089 [restartedMain] INFO  org.apache.catalina.core.StandardService - Starting service [Tomcat]
2023-11-09 11:46:31.090 [restartedMain] INFO  org.apache.catalina.core.StandardEngine - Starting Servlet engine: [Apache Tomcat/10.1.11]
2023-11-09 11:46:31.131 [restartedMain] INFO  o.a.c.c.C.[Tomcat].[localhost].[/community] - Initializing Spring embedded WebApplicationContext
2023-11-09 11:46:31.131 [restartedMain] INFO  o.s.b.w.s.c.ServletWebServerApplicationContext - Root WebApplicationContext: initialization completed in 1138 ms
2023-11-09 11:46:31.788 [restartedMain] INFO  o.s.b.a.web.servlet.WelcomePageHandlerMapping - Adding welcome page template: index
2023-11-09 11:46:32.009 [restartedMain] INFO  o.s.b.d.autoconfigure.OptionalLiveReloadServer - LiveReload server is running on port 35729
2023-11-09 11:46:32.028 [restartedMain] INFO  org.apache.coyote.http11.Http11NioProtocol - Starting ProtocolHandler ["http-nio-8080"]
2023-11-09 11:46:32.040 [restartedMain] INFO  o.s.boot.web.embedded.tomcat.TomcatWebServer - Tomcat started on port(s): 8080 (http) with context path '/community'
2023-11-09 11:46:32.047 [restartedMain] INFO  com.majing.community.CommunityApplication - Started CommunityApplication in 2.388 seconds (process running for 2.785)
2023-11-09 11:46:47.006 [http-nio-8080-exec-1] INFO  o.a.c.c.C.[Tomcat].[localhost].[/community] - Initializing Spring DispatcherServlet 'dispatcherServlet'
2023-11-09 11:46:47.007 [http-nio-8080-exec-1] INFO  org.springframework.web.servlet.DispatcherServlet - Initializing Servlet 'dispatcherServlet'
2023-11-09 11:46:47.008 [http-nio-8080-exec-1] INFO  org.springframework.web.servlet.DispatcherServlet - Completed initialization in 1 ms
2023-11-09 11:46:47.039 [http-nio-8080-exec-1] INFO  c.m.community.controller.aspect.ServiceLogAspect - 用户[0:0:0:0:0:0:0:1]，在[2023-11-09 11:46:47]，访问了[com.majing.community.service.impl.UserServiceImpl.getLoginTicket]。
2023-11-09 11:46:47.311 [http-nio-8080-exec-1] INFO  c.m.community.controller.aspect.ServiceLogAspect - 用户[0:0:0:0:0:0:0:1]，在[2023-11-09 11:46:47]，访问了[com.majing.community.service.impl.DiscussPostServiceImpl.getDiscussPostRows]。
2023-11-09 11:46:47.443 [http-nio-8080-exec-1] INFO  c.m.community.controller.aspect.ServiceLogAspect - 用户[0:0:0:0:0:0:0:1]，在[2023-11-09 11:46:47]，访问了[com.majing.community.service.impl.DiscussPostServiceImpl.getDiscussPosts]。
2023-11-09 11:46:47.454 [http-nio-8080-exec-1] INFO  c.m.community.controller.aspect.ServiceLogAspect - 用户[0:0:0:0:0:0:0:1]，在[2023-11-09 11:46:47]，访问了[com.majing.community.service.impl.UserServiceImpl.getUserById]。
2023-11-09 11:46:47.458 [http-nio-8080-exec-1] INFO  c.m.community.controller.aspect.ServiceLogAspect - 用户[0:0:0:0:0:0:0:1]，在[2023-11-09 11:46:47]，访问了[com.majing.community.service.impl.LikeServiceImpl.likeCount]。
2023-11-09 11:46:47.460 [http-nio-8080-exec-1] INFO  c.m.community.controller.aspect.ServiceLogAspect - 用户[0:0:0:0:0:0:0:1]，在[2023-11-09 11:46:47]，访问了[com.majing.community.service.impl.UserServiceImpl.getUserById]。
2023-11-09 11:46:47.463 [http-nio-8080-exec-1] INFO  c.m.community.controller.aspect.ServiceLogAspect - 用户[0:0:0:0:0:0:0:1]，在[2023-11-09 11:46:47]，访问了[com.majing.community.service.impl.LikeServiceImpl.likeCount]。
2023-11-09 11:46:47.463 [http-nio-8080-exec-1] INFO  c.m.community.controller.aspect.ServiceLogAspect - 用户[0:0:0:0:0:0:0:1]，在[2023-11-09 11:46:47]，访问了[com.majing.community.service.impl.UserServiceImpl.getUserById]。
2023-11-09 11:46:47.466 [http-nio-8080-exec-1] INFO  c.m.community.controller.aspect.ServiceLogAspect - 用户[0:0:0:0:0:0:0:1]，在[2023-11-09 11:46:47]，访问了[com.majing.community.service.impl.LikeServiceImpl.likeCount]。
2023-11-09 11:46:47.467 [http-nio-8080-exec-1] INFO  c.m.community.controller.aspect.ServiceLogAspect - 用户[0:0:0:0:0:0:0:1]，在[2023-11-09 11:46:47]，访问了[com.majing.community.service.impl.UserServiceImpl.getUserById]。
2023-11-09 11:46:47.472 [http-nio-8080-exec-1] INFO  c.m.community.controller.aspect.ServiceLogAspect - 用户[0:0:0:0:0:0:0:1]，在[2023-11-09 11:46:47]，访问了[com.majing.community.service.impl.LikeServiceImpl.likeCount]。
2023-11-09 11:46:47.473 [http-nio-8080-exec-1] INFO  c.m.community.controller.aspect.ServiceLogAspect - 用户[0:0:0:0:0:0:0:1]，在[2023-11-09 11:46:47]，访问了[com.majing.community.service.impl.UserServiceImpl.getUserById]。
2023-11-09 11:46:47.478 [http-nio-8080-exec-1] INFO  c.m.community.controller.aspect.ServiceLogAspect - 用户[0:0:0:0:0:0:0:1]，在[2023-11-09 11:46:47]，访问了[com.majing.community.service.impl.LikeServiceImpl.likeCount]。
2023-11-09 11:46:47.479 [http-nio-8080-exec-1] INFO  c.m.community.controller.aspect.ServiceLogAspect - 用户[0:0:0:0:0:0:0:1]，在[2023-11-09 11:46:47]，访问了[com.majing.community.service.impl.UserServiceImpl.getUserById]。
2023-11-09 11:46:47.487 [http-nio-8080-exec-1] INFO  c.m.community.controller.aspect.ServiceLogAspect - 用户[0:0:0:0:0:0:0:1]，在[2023-11-09 11:46:47]，访问了[com.majing.community.service.impl.LikeServiceImpl.likeCount]。
2023-11-09 11:46:47.489 [http-nio-8080-exec-1] INFO  c.m.community.controller.aspect.ServiceLogAspect - 用户[0:0:0:0:0:0:0:1]，在[2023-11-09 11:46:47]，访问了[com.majing.community.service.impl.UserServiceImpl.getUserById]。
2023-11-09 11:46:47.493 [http-nio-8080-exec-1] INFO  c.m.community.controller.aspect.ServiceLogAspect - 用户[0:0:0:0:0:0:0:1]，在[2023-11-09 11:46:47]，访问了[com.majing.community.service.impl.LikeServiceImpl.likeCount]。
2023-11-09 11:46:47.494 [http-nio-8080-exec-1] INFO  c.m.community.controller.aspect.ServiceLogAspect - 用户[0:0:0:0:0:0:0:1]，在[2023-11-09 11:46:47]，访问了[com.majing.community.service.impl.UserServiceImpl.getUserById]。
2023-11-09 11:46:47.499 [http-nio-8080-exec-1] INFO  c.m.community.controller.aspect.ServiceLogAspect - 用户[0:0:0:0:0:0:0:1]，在[2023-11-09 11:46:47]，访问了[com.majing.community.service.impl.LikeServiceImpl.likeCount]。
2023-11-09 11:46:47.500 [http-nio-8080-exec-1] INFO  c.m.community.controller.aspect.ServiceLogAspect - 用户[0:0:0:0:0:0:0:1]，在[2023-11-09 11:46:47]，访问了[com.majing.community.service.impl.UserServiceImpl.getUserById]。
2023-11-09 11:46:47.506 [http-nio-8080-exec-1] INFO  c.m.community.controller.aspect.ServiceLogAspect - 用户[0:0:0:0:0:0:0:1]，在[2023-11-09 11:46:47]，访问了[com.majing.community.service.impl.LikeServiceImpl.likeCount]。
2023-11-09 11:46:47.508 [http-nio-8080-exec-1] INFO  c.m.community.controller.aspect.ServiceLogAspect - 用户[0:0:0:0:0:0:0:1]，在[2023-11-09 11:46:47]，访问了[com.majing.community.service.impl.UserServiceImpl.getUserById]。
2023-11-09 11:46:47.512 [http-nio-8080-exec-1] INFO  c.m.community.controller.aspect.ServiceLogAspect - 用户[0:0:0:0:0:0:0:1]，在[2023-11-09 11:46:47]，访问了[com.majing.community.service.impl.LikeServiceImpl.likeCount]。
2023-11-09 11:46:49.193 [http-nio-8080-exec-8] INFO  c.m.community.controller.aspect.ServiceLogAspect - 用户[0:0:0:0:0:0:0:1]，在[2023-11-09 11:46:49]，访问了[com.majing.community.service.impl.UserServiceImpl.getLoginTicket]。
2023-11-09 11:46:49.242 [http-nio-8080-exec-4] INFO  c.m.community.controller.aspect.ServiceLogAspect - 用户[0:0:0:0:0:0:0:1]，在[2023-11-09 11:46:49]，访问了[com.majing.community.service.impl.UserServiceImpl.getLoginTicket]。
2023-11-09 11:47:03.980 [http-nio-8080-exec-7] INFO  c.m.community.controller.aspect.ServiceLogAspect - 用户[0:0:0:0:0:0:0:1]，在[2023-11-09 11:47:03]，访问了[com.majing.community.service.impl.UserServiceImpl.getLoginTicket]。
2023-11-09 11:47:04.010 [http-nio-8080-exec-7] INFO  c.m.community.controller.aspect.ServiceLogAspect - 用户[0:0:0:0:0:0:0:1]，在[2023-11-09 11:47:04]，访问了[com.majing.community.service.impl.UserServiceImpl.login]。
2023-11-09 11:47:04.043 [http-nio-8080-exec-9] INFO  c.m.community.controller.aspect.ServiceLogAspect - 用户[0:0:0:0:0:0:0:1]，在[2023-11-09 11:47:04]，访问了[com.majing.community.service.impl.UserServiceImpl.getLoginTicket]。
2023-11-09 11:47:23.266 [http-nio-8080-exec-6] INFO  c.m.community.controller.aspect.ServiceLogAspect - 用户[0:0:0:0:0:0:0:1]，在[2023-11-09 11:47:23]，访问了[com.majing.community.service.impl.UserServiceImpl.getLoginTicket]。
2023-11-09 11:47:23.269 [http-nio-8080-exec-6] INFO  c.m.community.controller.aspect.ServiceLogAspect - 用户[0:0:0:0:0:0:0:1]，在[2023-11-09 11:47:23]，访问了[com.majing.community.service.impl.UserServiceImpl.login]。
2023-11-09 11:47:23.320 [http-nio-8080-exec-2] INFO  c.m.community.controller.aspect.ServiceLogAspect - 用户[0:0:0:0:0:0:0:1]，在[2023-11-09 11:47:23]，访问了[com.majing.community.service.impl.UserServiceImpl.getLoginTicket]。
2023-11-09 11:47:23.342 [http-nio-8080-exec-2] INFO  c.m.community.controller.aspect.ServiceLogAspect - 用户[0:0:0:0:0:0:0:1]，在[2023-11-09 11:47:23]，访问了[com.majing.community.service.impl.UserServiceImpl.getUserById]。
2023-11-09 11:47:23.348 [http-nio-8080-exec-2] INFO  c.m.community.controller.aspect.ServiceLogAspect - 用户[0:0:0:0:0:0:0:1]，在[2023-11-09 11:47:23]，访问了[com.majing.community.service.impl.DiscussPostServiceImpl.getDiscussPostRows]。
2023-11-09 11:47:23.358 [http-nio-8080-exec-2] INFO  c.m.community.controller.aspect.ServiceLogAspect - 用户[0:0:0:0:0:0:0:1]，在[2023-11-09 11:47:23]，访问了[com.majing.community.service.impl.DiscussPostServiceImpl.getDiscussPosts]。
2023-11-09 11:47:23.371 [http-nio-8080-exec-2] INFO  c.m.community.controller.aspect.ServiceLogAspect - 用户[0:0:0:0:0:0:0:1]，在[2023-11-09 11:47:23]，访问了[com.majing.community.service.impl.UserServiceImpl.getUserById]。
2023-11-09 11:47:23.375 [http-nio-8080-exec-2] INFO  c.m.community.controller.aspect.ServiceLogAspect - 用户[0:0:0:0:0:0:0:1]，在[2023-11-09 11:47:23]，访问了[com.majing.community.service.impl.LikeServiceImpl.likeCount]。
2023-11-09 11:47:23.376 [http-nio-8080-exec-2] INFO  c.m.community.controller.aspect.ServiceLogAspect - 用户[0:0:0:0:0:0:0:1]，在[2023-11-09 11:47:23]，访问了[com.majing.community.service.impl.UserServiceImpl.getUserById]。
2023-11-09 11:47:23.379 [http-nio-8080-exec-2] INFO  c.m.community.controller.aspect.ServiceLogAspect - 用户[0:0:0:0:0:0:0:1]，在[2023-11-09 11:47:23]，访问了[com.majing.community.service.impl.LikeServiceImpl.likeCount]。
2023-11-09 11:47:23.379 [http-nio-8080-exec-2] INFO  c.m.community.controller.aspect.ServiceLogAspect - 用户[0:0:0:0:0:0:0:1]，在[2023-11-09 11:47:23]，访问了[com.majing.community.service.impl.UserServiceImpl.getUserById]。
2023-11-09 11:47:23.389 [http-nio-8080-exec-2] INFO  c.m.community.controller.aspect.ServiceLogAspect - 用户[0:0:0:0:0:0:0:1]，在[2023-11-09 11:47:23]，访问了[com.majing.community.service.impl.LikeServiceImpl.likeCount]。
2023-11-09 11:47:23.390 [http-nio-8080-exec-2] INFO  c.m.community.controller.aspect.ServiceLogAspect - 用户[0:0:0:0:0:0:0:1]，在[2023-11-09 11:47:23]，访问了[com.majing.community.service.impl.UserServiceImpl.getUserById]。
2023-11-09 11:47:23.393 [http-nio-8080-exec-2] INFO  c.m.community.controller.aspect.ServiceLogAspect - 用户[0:0:0:0:0:0:0:1]，在[2023-11-09 11:47:23]，访问了[com.majing.community.service.impl.LikeServiceImpl.likeCount]。
2023-11-09 11:47:23.393 [http-nio-8080-exec-2] INFO  c.m.community.controller.aspect.ServiceLogAspect - 用户[0:0:0:0:0:0:0:1]，在[2023-11-09 11:47:23]，访问了[com.majing.community.service.impl.UserServiceImpl.getUserById]。
2023-11-09 11:47:23.396 [http-nio-8080-exec-2] INFO  c.m.community.controller.aspect.ServiceLogAspect - 用户[0:0:0:0:0:0:0:1]，在[2023-11-09 11:47:23]，访问了[com.majing.community.service.impl.LikeServiceImpl.likeCount]。
2023-11-09 11:47:23.397 [http-nio-8080-exec-2] INFO  c.m.community.controller.aspect.ServiceLogAspect - 用户[0:0:0:0:0:0:0:1]，在[2023-11-09 11:47:23]，访问了[com.majing.community.service.impl.UserServiceImpl.getUserById]。
2023-11-09 11:47:23.400 [http-nio-8080-exec-2] INFO  c.m.community.controller.aspect.ServiceLogAspect - 用户[0:0:0:0:0:0:0:1]，在[2023-11-09 11:47:23]，访问了[com.majing.community.service.impl.LikeServiceImpl.likeCount]。
2023-11-09 11:47:23.400 [http-nio-8080-exec-2] INFO  c.m.community.controller.aspect.ServiceLogAspect - 用户[0:0:0:0:0:0:0:1]，在[2023-11-09 11:47:23]，访问了[com.majing.community.service.impl.UserServiceImpl.getUserById]。
2023-11-09 11:47:23.403 [http-nio-8080-exec-2] INFO  c.m.community.controller.aspect.ServiceLogAspect - 用户[0:0:0:0:0:0:0:1]，在[2023-11-09 11:47:23]，访问了[com.majing.community.service.impl.LikeServiceImpl.likeCount]。
2023-11-09 11:47:23.404 [http-nio-8080-exec-2] INFO  c.m.community.controller.aspect.ServiceLogAspect - 用户[0:0:0:0:0:0:0:1]，在[2023-11-09 11:47:23]，访问了[com.majing.community.service.impl.UserServiceImpl.getUserById]。
2023-11-09 11:47:23.407 [http-nio-8080-exec-2] INFO  c.m.community.controller.aspect.ServiceLogAspect - 用户[0:0:0:0:0:0:0:1]，在[2023-11-09 11:47:23]，访问了[com.majing.community.service.impl.LikeServiceImpl.likeCount]。
2023-11-09 11:47:23.408 [http-nio-8080-exec-2] INFO  c.m.community.controller.aspect.ServiceLogAspect - 用户[0:0:0:0:0:0:0:1]，在[2023-11-09 11:47:23]，访问了[com.majing.community.service.impl.UserServiceImpl.getUserById]。
2023-11-09 11:47:23.411 [http-nio-8080-exec-2] INFO  c.m.community.controller.aspect.ServiceLogAspect - 用户[0:0:0:0:0:0:0:1]，在[2023-11-09 11:47:23]，访问了[com.majing.community.service.impl.LikeServiceImpl.likeCount]。
2023-11-09 11:47:23.411 [http-nio-8080-exec-2] INFO  c.m.community.controller.aspect.ServiceLogAspect - 用户[0:0:0:0:0:0:0:1]，在[2023-11-09 11:47:23]，访问了[com.majing.community.service.impl.UserServiceImpl.getUserById]。
2023-11-09 11:47:23.413 [http-nio-8080-exec-2] INFO  c.m.community.controller.aspect.ServiceLogAspect - 用户[0:0:0:0:0:0:0:1]，在[2023-11-09 11:47:23]，访问了[com.majing.community.service.impl.LikeServiceImpl.likeCount]。
2023-11-09 11:47:26.788 [http-nio-8080-exec-1] INFO  c.m.community.controller.aspect.ServiceLogAspect - 用户[0:0:0:0:0:0:0:1]，在[2023-11-09 11:47:26]，访问了[com.majing.community.service.impl.UserServiceImpl.getLoginTicket]。
2023-11-09 11:47:26.789 [http-nio-8080-exec-1] INFO  c.m.community.controller.aspect.ServiceLogAspect - 用户[0:0:0:0:0:0:0:1]，在[2023-11-09 11:47:26]，访问了[com.majing.community.service.impl.UserServiceImpl.getUserById]。
2023-11-09 11:47:26.794 [http-nio-8080-exec-1] INFO  c.m.community.controller.aspect.ServiceLogAspect - 用户[0:0:0:0:0:0:0:1]，在[2023-11-09 11:47:26]，访问了[com.majing.community.service.impl.UserServiceImpl.getUserById]。
2023-11-09 11:47:26.799 [http-nio-8080-exec-1] INFO  c.m.community.controller.aspect.ServiceLogAspect - 用户[0:0:0:0:0:0:0:1]，在[2023-11-09 11:47:26]，访问了[com.majing.community.service.impl.LikeServiceImpl.userLikeCount]。
2023-11-09 11:47:26.801 [http-nio-8080-exec-1] INFO  c.m.community.controller.aspect.ServiceLogAspect - 用户[0:0:0:0:0:0:0:1]，在[2023-11-09 11:47:26]，访问了[com.majing.community.service.impl.FollowServiceImpl.findFollowed]。
2023-11-09 11:47:26.803 [http-nio-8080-exec-1] INFO  c.m.community.controller.aspect.ServiceLogAspect - 用户[0:0:0:0:0:0:0:1]，在[2023-11-09 11:47:26]，访问了[com.majing.community.service.impl.FollowServiceImpl.findFollower]。
2023-11-09 11:47:26.804 [http-nio-8080-exec-1] INFO  c.m.community.controller.aspect.ServiceLogAspect - 用户[0:0:0:0:0:0:0:1]，在[2023-11-09 11:47:26]，访问了[com.majing.community.service.impl.FollowServiceImpl.hasFollow]。
2023-11-09 11:47:29.848 [http-nio-8080-exec-9] INFO  c.m.community.controller.aspect.ServiceLogAspect - 用户[0:0:0:0:0:0:0:1]，在[2023-11-09 11:47:29]，访问了[com.majing.community.service.impl.UserServiceImpl.getLoginTicket]。
2023-11-09 11:47:29.849 [http-nio-8080-exec-9] INFO  c.m.community.controller.aspect.ServiceLogAspect - 用户[0:0:0:0:0:0:0:1]，在[2023-11-09 11:47:29]，访问了[com.majing.community.service.impl.UserServiceImpl.getUserById]。
2023-11-09 11:47:29.854 [http-nio-8080-exec-9] INFO  c.m.community.controller.aspect.ServiceLogAspect - 用户[0:0:0:0:0:0:0:1]，在[2023-11-09 11:47:29]，访问了[com.majing.community.service.impl.UserServiceImpl.getUserById]。
2023-11-09 11:47:29.859 [http-nio-8080-exec-9] INFO  c.m.community.controller.aspect.ServiceLogAspect - 用户[0:0:0:0:0:0:0:1]，在[2023-11-09 11:47:29]，访问了[com.majing.community.service.impl.LikeServiceImpl.userLikeCount]。
2023-11-09 11:47:29.860 [http-nio-8080-exec-9] INFO  c.m.community.controller.aspect.ServiceLogAspect - 用户[0:0:0:0:0:0:0:1]，在[2023-11-09 11:47:29]，访问了[com.majing.community.service.impl.FollowServiceImpl.findFollowed]。
2023-11-09 11:47:29.861 [http-nio-8080-exec-9] INFO  c.m.community.controller.aspect.ServiceLogAspect - 用户[0:0:0:0:0:0:0:1]，在[2023-11-09 11:47:29]，访问了[com.majing.community.service.impl.FollowServiceImpl.findFollower]。
2023-11-09 11:47:29.862 [http-nio-8080-exec-9] INFO  c.m.community.controller.aspect.ServiceLogAspect - 用户[0:0:0:0:0:0:0:1]，在[2023-11-09 11:47:29]，访问了[com.majing.community.service.impl.FollowServiceImpl.hasFollow]。
2023-11-09 11:47:33.675 [http-nio-8080-exec-7] INFO  c.m.community.controller.aspect.ServiceLogAspect - 用户[0:0:0:0:0:0:0:1]，在[2023-11-09 11:47:33]，访问了[com.majing.community.service.impl.UserServiceImpl.getLoginTicket]。
2023-11-09 11:47:33.677 [http-nio-8080-exec-7] INFO  c.m.community.controller.aspect.ServiceLogAspect - 用户[0:0:0:0:0:0:0:1]，在[2023-11-09 11:47:33]，访问了[com.majing.community.service.impl.UserServiceImpl.getUserById]。
2023-11-09 11:47:40.501 [http-nio-8080-exec-3] INFO  c.m.community.controller.aspect.ServiceLogAspect - 用户[0:0:0:0:0:0:0:1]，在[2023-11-09 11:47:40]，访问了[com.majing.community.service.impl.UserServiceImpl.getLoginTicket]。
2023-11-09 11:47:40.502 [http-nio-8080-exec-3] INFO  c.m.community.controller.aspect.ServiceLogAspect - 用户[0:0:0:0:0:0:0:1]，在[2023-11-09 11:47:40]，访问了[com.majing.community.service.impl.UserServiceImpl.getUserById]。
2023-11-09 11:47:40.507 [http-nio-8080-exec-3] INFO  c.m.community.controller.aspect.ServiceLogAspect - 用户[0:0:0:0:0:0:0:1]，在[2023-11-09 11:47:40]，访问了[com.majing.community.service.impl.MessageServiceImpl.getConservationCount]。
2023-11-09 11:47:40.514 [http-nio-8080-exec-3] INFO  c.m.community.controller.aspect.ServiceLogAspect - 用户[0:0:0:0:0:0:0:1]，在[2023-11-09 11:47:40]，访问了[com.majing.community.service.impl.MessageServiceImpl.getConservations]。
2023-11-09 11:47:40.589 [http-nio-8080-exec-3] INFO  c.m.community.controller.aspect.ServiceLogAspect - 用户[0:0:0:0:0:0:0:1]，在[2023-11-09 11:47:40]，访问了[com.majing.community.service.impl.MessageServiceImpl.getLetterCount]。
2023-11-09 11:47:40.593 [http-nio-8080-exec-3] INFO  c.m.community.controller.aspect.ServiceLogAspect - 用户[0:0:0:0:0:0:0:1]，在[2023-11-09 11:47:40]，访问了[com.majing.community.service.impl.MessageServiceImpl.getLetterUnreadCount]。
2023-11-09 11:47:40.597 [http-nio-8080-exec-3] INFO  c.m.community.controller.aspect.ServiceLogAspect - 用户[0:0:0:0:0:0:0:1]，在[2023-11-09 11:47:40]，访问了[com.majing.community.service.impl.UserServiceImpl.getUserById]。
2023-11-09 11:47:40.600 [http-nio-8080-exec-3] INFO  c.m.community.controller.aspect.ServiceLogAspect - 用户[0:0:0:0:0:0:0:1]，在[2023-11-09 11:47:40]，访问了[com.majing.community.service.impl.MessageServiceImpl.getLetterUnreadCount]。
2023-11-09 11:47:42.526 [http-nio-8080-exec-10] INFO  c.m.community.controller.aspect.ServiceLogAspect - 用户[0:0:0:0:0:0:0:1]，在[2023-11-09 11:47:42]，访问了[com.majing.community.service.impl.UserServiceImpl.getLoginTicket]。
2023-11-09 11:47:42.527 [http-nio-8080-exec-10] INFO  c.m.community.controller.aspect.ServiceLogAspect - 用户[0:0:0:0:0:0:0:1]，在[2023-11-09 11:47:42]，访问了[com.majing.community.service.impl.UserServiceImpl.getUserById]。
2023-11-09 11:47:42.532 [http-nio-8080-exec-10] INFO  c.m.community.controller.aspect.ServiceLogAspect - 用户[0:0:0:0:0:0:0:1]，在[2023-11-09 11:47:42]，访问了[com.majing.community.service.impl.MessageServiceImpl.getLetterCount]。
2023-11-09 11:47:42.536 [http-nio-8080-exec-10] INFO  c.m.community.controller.aspect.ServiceLogAspect - 用户[0:0:0:0:0:0:0:1]，在[2023-11-09 11:47:42]，访问了[com.majing.community.service.impl.MessageServiceImpl.getLetters]。
2023-11-09 11:47:42.544 [http-nio-8080-exec-10] INFO  c.m.community.controller.aspect.ServiceLogAspect - 用户[0:0:0:0:0:0:0:1]，在[2023-11-09 11:47:42]，访问了[com.majing.community.service.impl.UserServiceImpl.getUserById]。
2023-11-09 11:47:42.549 [http-nio-8080-exec-10] INFO  c.m.community.controller.aspect.ServiceLogAspect - 用户[0:0:0:0:0:0:0:1]，在[2023-11-09 11:47:42]，访问了[com.majing.community.service.impl.UserServiceImpl.getUserById]。
2023-11-09 11:47:42.553 [http-nio-8080-exec-10] INFO  c.m.community.controller.aspect.ServiceLogAspect - 用户[0:0:0:0:0:0:0:1]，在[2023-11-09 11:47:42]，访问了[com.majing.community.service.impl.UserServiceImpl.getUserById]。
2023-11-09 11:47:42.556 [http-nio-8080-exec-10] INFO  c.m.community.controller.aspect.ServiceLogAspect - 用户[0:0:0:0:0:0:0:1]，在[2023-11-09 11:47:42]，访问了[com.majing.community.service.impl.UserServiceImpl.getUserById]。
