2023-10-22 15:45:19.377 [restartedMain] INFO  com.majing.community.CommunityApplication - Starting CommunityApplication using Java 17.0.8 with PID 86376 (D:\Program Files (x86)\Java\IdeaProjects\community\community\target\classes started by majin in D:\Program Files (x86)\Java\IdeaProjects\community\community)
2023-10-22 15:45:19.380 [restartedMain] INFO  com.majing.community.CommunityApplication - No active profile set, falling back to 1 default profile: "default"
2023-10-22 15:45:19.417 [restartedMain] INFO  o.s.b.d.env.DevToolsPropertyDefaultsPostProcessor - Devtools property defaults active! Set 'spring.devtools.add-properties' to 'false' to disable
2023-10-22 15:45:19.417 [restartedMain] INFO  o.s.b.d.env.DevToolsPropertyDefaultsPostProcessor - For additional web related logging consider setting the 'logging.level.web' property to 'DEBUG'
2023-10-22 15:45:20.155 [restartedMain] INFO  o.s.boot.web.embedded.tomcat.TomcatWebServer - Tomcat initialized with port(s): 8080 (http)
2023-10-22 15:45:20.160 [restartedMain] INFO  org.apache.coyote.http11.Http11NioProtocol - Initializing ProtocolHandler ["http-nio-8080"]
2023-10-22 15:45:20.161 [restartedMain] INFO  org.apache.catalina.core.StandardService - Starting service [Tomcat]
2023-10-22 15:45:20.161 [restartedMain] INFO  org.apache.catalina.core.StandardEngine - Starting Servlet engine: [Apache Tomcat/10.1.11]
2023-10-22 15:45:20.199 [restartedMain] INFO  o.a.c.c.C.[Tomcat].[localhost].[/community] - Initializing Spring embedded WebApplicationContext
2023-10-22 15:45:20.199 [restartedMain] INFO  o.s.b.w.s.c.ServletWebServerApplicationContext - Root WebApplicationContext: initialization completed in 782 ms
2023-10-22 15:45:20.524 [restartedMain] INFO  o.s.b.a.web.servlet.WelcomePageHandlerMapping - Adding welcome page template: index
2023-10-22 15:45:20.621 [restartedMain] INFO  o.s.b.d.autoconfigure.OptionalLiveReloadServer - LiveReload server is running on port 35729
2023-10-22 15:45:20.631 [restartedMain] INFO  org.apache.coyote.http11.Http11NioProtocol - Starting ProtocolHandler ["http-nio-8080"]
2023-10-22 15:45:20.642 [restartedMain] INFO  o.s.boot.web.embedded.tomcat.TomcatWebServer - Tomcat started on port(s): 8080 (http) with context path '/community'
2023-10-22 15:45:20.649 [restartedMain] INFO  com.majing.community.CommunityApplication - Started CommunityApplication in 1.607 seconds (process running for 4.39)
2023-10-22 15:46:01.140 [http-nio-8080-exec-1] INFO  o.a.c.c.C.[Tomcat].[localhost].[/community] - Initializing Spring DispatcherServlet 'dispatcherServlet'
2023-10-22 15:46:01.140 [http-nio-8080-exec-1] INFO  org.springframework.web.servlet.DispatcherServlet - Initializing Servlet 'dispatcherServlet'
2023-10-22 15:46:01.142 [http-nio-8080-exec-1] INFO  org.springframework.web.servlet.DispatcherServlet - Completed initialization in 1 ms
2023-10-22 16:42:01.288 [restartedMain] INFO  com.majing.community.CommunityApplication - Starting CommunityApplication using Java 17.0.8 with PID 104768 (D:\Program Files (x86)\Java\IdeaProjects\community\community\target\classes started by majin in D:\Program Files (x86)\Java\IdeaProjects\community\community)
2023-10-22 16:42:01.290 [restartedMain] INFO  com.majing.community.CommunityApplication - No active profile set, falling back to 1 default profile: "default"
2023-10-22 16:42:01.327 [restartedMain] INFO  o.s.b.d.env.DevToolsPropertyDefaultsPostProcessor - Devtools property defaults active! Set 'spring.devtools.add-properties' to 'false' to disable
2023-10-22 16:42:01.327 [restartedMain] INFO  o.s.b.d.env.DevToolsPropertyDefaultsPostProcessor - For additional web related logging consider setting the 'logging.level.web' property to 'DEBUG'
2023-10-22 16:42:01.999 [restartedMain] INFO  o.s.boot.web.embedded.tomcat.TomcatWebServer - Tomcat initialized with port(s): 8080 (http)
2023-10-22 16:42:02.004 [restartedMain] INFO  org.apache.coyote.http11.Http11NioProtocol - Initializing ProtocolHandler ["http-nio-8080"]
2023-10-22 16:42:02.005 [restartedMain] INFO  org.apache.catalina.core.StandardService - Starting service [Tomcat]
2023-10-22 16:42:02.006 [restartedMain] INFO  org.apache.catalina.core.StandardEngine - Starting Servlet engine: [Apache Tomcat/10.1.11]
2023-10-22 16:42:02.051 [restartedMain] INFO  o.a.c.c.C.[Tomcat].[localhost].[/community] - Initializing Spring embedded WebApplicationContext
2023-10-22 16:42:02.052 [restartedMain] INFO  o.s.b.w.s.c.ServletWebServerApplicationContext - Root WebApplicationContext: initialization completed in 724 ms
2023-10-22 16:42:02.391 [restartedMain] INFO  o.s.b.a.web.servlet.WelcomePageHandlerMapping - Adding welcome page template: index
2023-10-22 16:42:02.492 [restartedMain] INFO  o.s.b.d.autoconfigure.OptionalLiveReloadServer - LiveReload server is running on port 35729
2023-10-22 16:42:02.503 [restartedMain] INFO  org.apache.coyote.http11.Http11NioProtocol - Starting ProtocolHandler ["http-nio-8080"]
2023-10-22 16:42:02.515 [restartedMain] INFO  o.s.boot.web.embedded.tomcat.TomcatWebServer - Tomcat started on port(s): 8080 (http) with context path '/community'
2023-10-22 16:42:02.522 [restartedMain] INFO  com.majing.community.CommunityApplication - Started CommunityApplication in 1.544 seconds (process running for 1.926)
2023-10-22 16:42:07.097 [http-nio-8080-exec-3] INFO  o.a.c.c.C.[Tomcat].[localhost].[/community] - Initializing Spring DispatcherServlet 'dispatcherServlet'
2023-10-22 16:42:07.098 [http-nio-8080-exec-3] INFO  org.springframework.web.servlet.DispatcherServlet - Initializing Servlet 'dispatcherServlet'
2023-10-22 16:42:07.098 [http-nio-8080-exec-3] INFO  org.springframework.web.servlet.DispatcherServlet - Completed initialization in 0 ms
2023-10-22 16:47:24.287 [restartedMain] INFO  com.majing.community.CommunityApplication - Starting CommunityApplication using Java 17.0.8 with PID 105980 (D:\Program Files (x86)\Java\IdeaProjects\community\community\target\classes started by majin in D:\Program Files (x86)\Java\IdeaProjects\community\community)
2023-10-22 16:47:24.289 [restartedMain] INFO  com.majing.community.CommunityApplication - No active profile set, falling back to 1 default profile: "default"
2023-10-22 16:47:24.319 [restartedMain] INFO  o.s.b.d.env.DevToolsPropertyDefaultsPostProcessor - Devtools property defaults active! Set 'spring.devtools.add-properties' to 'false' to disable
2023-10-22 16:47:24.319 [restartedMain] INFO  o.s.b.d.env.DevToolsPropertyDefaultsPostProcessor - For additional web related logging consider setting the 'logging.level.web' property to 'DEBUG'
2023-10-22 16:47:25.084 [restartedMain] INFO  o.s.boot.web.embedded.tomcat.TomcatWebServer - Tomcat initialized with port(s): 8080 (http)
2023-10-22 16:47:25.089 [restartedMain] INFO  org.apache.coyote.http11.Http11NioProtocol - Initializing ProtocolHandler ["http-nio-8080"]
2023-10-22 16:47:25.090 [restartedMain] INFO  org.apache.catalina.core.StandardService - Starting service [Tomcat]
2023-10-22 16:47:25.091 [restartedMain] INFO  org.apache.catalina.core.StandardEngine - Starting Servlet engine: [Apache Tomcat/10.1.11]
2023-10-22 16:47:25.135 [restartedMain] INFO  o.a.c.c.C.[Tomcat].[localhost].[/community] - Initializing Spring embedded WebApplicationContext
2023-10-22 16:47:25.136 [restartedMain] INFO  o.s.b.w.s.c.ServletWebServerApplicationContext - Root WebApplicationContext: initialization completed in 817 ms
2023-10-22 16:47:25.440 [restartedMain] INFO  o.s.b.a.web.servlet.WelcomePageHandlerMapping - Adding welcome page template: index
2023-10-22 16:47:25.535 [restartedMain] INFO  o.s.b.d.autoconfigure.OptionalLiveReloadServer - LiveReload server is running on port 35729
2023-10-22 16:47:25.548 [restartedMain] INFO  org.apache.coyote.http11.Http11NioProtocol - Starting ProtocolHandler ["http-nio-8080"]
2023-10-22 16:47:25.560 [restartedMain] INFO  o.s.boot.web.embedded.tomcat.TomcatWebServer - Tomcat started on port(s): 8080 (http) with context path '/community'
2023-10-22 16:47:25.567 [restartedMain] INFO  com.majing.community.CommunityApplication - Started CommunityApplication in 1.567 seconds (process running for 1.918)
2023-10-22 16:48:03.683 [http-nio-8080-exec-1] INFO  o.a.c.c.C.[Tomcat].[localhost].[/community] - Initializing Spring DispatcherServlet 'dispatcherServlet'
2023-10-22 16:48:03.683 [http-nio-8080-exec-1] INFO  org.springframework.web.servlet.DispatcherServlet - Initializing Servlet 'dispatcherServlet'
2023-10-22 16:48:03.684 [http-nio-8080-exec-1] INFO  org.springframework.web.servlet.DispatcherServlet - Completed initialization in 1 ms
2023-10-22 16:49:01.603 [restartedMain] INFO  com.majing.community.CommunityApplication - Starting CommunityApplication using Java 17.0.8 with PID 34032 (D:\Program Files (x86)\Java\IdeaProjects\community\community\target\classes started by majin in D:\Program Files (x86)\Java\IdeaProjects\community\community)
2023-10-22 16:49:01.605 [restartedMain] INFO  com.majing.community.CommunityApplication - No active profile set, falling back to 1 default profile: "default"
2023-10-22 16:49:01.635 [restartedMain] INFO  o.s.b.d.env.DevToolsPropertyDefaultsPostProcessor - Devtools property defaults active! Set 'spring.devtools.add-properties' to 'false' to disable
2023-10-22 16:49:01.635 [restartedMain] INFO  o.s.b.d.env.DevToolsPropertyDefaultsPostProcessor - For additional web related logging consider setting the 'logging.level.web' property to 'DEBUG'
2023-10-22 16:49:02.340 [restartedMain] INFO  o.s.boot.web.embedded.tomcat.TomcatWebServer - Tomcat initialized with port(s): 8080 (http)
2023-10-22 16:49:02.348 [restartedMain] INFO  org.apache.coyote.http11.Http11NioProtocol - Initializing ProtocolHandler ["http-nio-8080"]
2023-10-22 16:49:02.349 [restartedMain] INFO  org.apache.catalina.core.StandardService - Starting service [Tomcat]
2023-10-22 16:49:02.350 [restartedMain] INFO  org.apache.catalina.core.StandardEngine - Starting Servlet engine: [Apache Tomcat/10.1.11]
2023-10-22 16:49:02.391 [restartedMain] INFO  o.a.c.c.C.[Tomcat].[localhost].[/community] - Initializing Spring embedded WebApplicationContext
2023-10-22 16:49:02.391 [restartedMain] INFO  o.s.b.w.s.c.ServletWebServerApplicationContext - Root WebApplicationContext: initialization completed in 756 ms
2023-10-22 16:49:02.742 [restartedMain] INFO  o.s.b.a.web.servlet.WelcomePageHandlerMapping - Adding welcome page template: index
2023-10-22 16:49:02.849 [restartedMain] INFO  o.s.b.d.autoconfigure.OptionalLiveReloadServer - LiveReload server is running on port 35729
2023-10-22 16:49:02.860 [restartedMain] INFO  org.apache.coyote.http11.Http11NioProtocol - Starting ProtocolHandler ["http-nio-8080"]
2023-10-22 16:49:02.873 [restartedMain] INFO  o.s.boot.web.embedded.tomcat.TomcatWebServer - Tomcat started on port(s): 8080 (http) with context path '/community'
2023-10-22 16:49:02.880 [restartedMain] INFO  com.majing.community.CommunityApplication - Started CommunityApplication in 1.598 seconds (process running for 2.385)
2023-10-22 16:49:06.020 [http-nio-8080-exec-1] INFO  o.a.c.c.C.[Tomcat].[localhost].[/community] - Initializing Spring DispatcherServlet 'dispatcherServlet'
2023-10-22 16:49:06.020 [http-nio-8080-exec-1] INFO  org.springframework.web.servlet.DispatcherServlet - Initializing Servlet 'dispatcherServlet'
2023-10-22 16:49:06.021 [http-nio-8080-exec-1] INFO  org.springframework.web.servlet.DispatcherServlet - Completed initialization in 1 ms
2023-10-22 16:55:02.212 [restartedMain] INFO  com.majing.community.CommunityApplication - Starting CommunityApplication using Java 17.0.8 with PID 115132 (D:\Program Files (x86)\Java\IdeaProjects\community\community\target\classes started by majin in D:\Program Files (x86)\Java\IdeaProjects\community\community)
2023-10-22 16:55:02.215 [restartedMain] INFO  com.majing.community.CommunityApplication - No active profile set, falling back to 1 default profile: "default"
2023-10-22 16:55:02.242 [restartedMain] INFO  o.s.b.d.env.DevToolsPropertyDefaultsPostProcessor - Devtools property defaults active! Set 'spring.devtools.add-properties' to 'false' to disable
2023-10-22 16:55:02.242 [restartedMain] INFO  o.s.b.d.env.DevToolsPropertyDefaultsPostProcessor - For additional web related logging consider setting the 'logging.level.web' property to 'DEBUG'
2023-10-22 16:55:02.905 [restartedMain] INFO  o.s.boot.web.embedded.tomcat.TomcatWebServer - Tomcat initialized with port(s): 8080 (http)
2023-10-22 16:55:02.910 [restartedMain] INFO  org.apache.coyote.http11.Http11NioProtocol - Initializing ProtocolHandler ["http-nio-8080"]
2023-10-22 16:55:02.912 [restartedMain] INFO  org.apache.catalina.core.StandardService - Starting service [Tomcat]
2023-10-22 16:55:02.912 [restartedMain] INFO  org.apache.catalina.core.StandardEngine - Starting Servlet engine: [Apache Tomcat/10.1.11]
2023-10-22 16:55:02.951 [restartedMain] INFO  o.a.c.c.C.[Tomcat].[localhost].[/community] - Initializing Spring embedded WebApplicationContext
2023-10-22 16:55:02.951 [restartedMain] INFO  o.s.b.w.s.c.ServletWebServerApplicationContext - Root WebApplicationContext: initialization completed in 709 ms
2023-10-22 16:55:03.246 [restartedMain] INFO  o.s.b.a.web.servlet.WelcomePageHandlerMapping - Adding welcome page template: index
2023-10-22 16:55:03.344 [restartedMain] INFO  o.s.b.d.autoconfigure.OptionalLiveReloadServer - LiveReload server is running on port 35729
2023-10-22 16:55:03.354 [restartedMain] INFO  org.apache.coyote.http11.Http11NioProtocol - Starting ProtocolHandler ["http-nio-8080"]
2023-10-22 16:55:03.366 [restartedMain] INFO  o.s.boot.web.embedded.tomcat.TomcatWebServer - Tomcat started on port(s): 8080 (http) with context path '/community'
2023-10-22 16:55:03.372 [restartedMain] INFO  com.majing.community.CommunityApplication - Started CommunityApplication in 1.438 seconds (process running for 1.75)
2023-10-22 16:55:07.976 [http-nio-8080-exec-1] INFO  o.a.c.c.C.[Tomcat].[localhost].[/community] - Initializing Spring DispatcherServlet 'dispatcherServlet'
2023-10-22 16:55:07.976 [http-nio-8080-exec-1] INFO  org.springframework.web.servlet.DispatcherServlet - Initializing Servlet 'dispatcherServlet'
2023-10-22 16:55:07.976 [http-nio-8080-exec-1] INFO  org.springframework.web.servlet.DispatcherServlet - Completed initialization in 0 ms
2023-10-22 16:59:38.888 [restartedMain] INFO  com.majing.community.CommunityApplication - Starting CommunityApplication using Java 17.0.8 with PID 71592 (D:\Program Files (x86)\Java\IdeaProjects\community\community\target\classes started by majin in D:\Program Files (x86)\Java\IdeaProjects\community\community)
2023-10-22 16:59:38.890 [restartedMain] INFO  com.majing.community.CommunityApplication - No active profile set, falling back to 1 default profile: "default"
2023-10-22 16:59:38.922 [restartedMain] INFO  o.s.b.d.env.DevToolsPropertyDefaultsPostProcessor - Devtools property defaults active! Set 'spring.devtools.add-properties' to 'false' to disable
2023-10-22 16:59:38.922 [restartedMain] INFO  o.s.b.d.env.DevToolsPropertyDefaultsPostProcessor - For additional web related logging consider setting the 'logging.level.web' property to 'DEBUG'
2023-10-22 16:59:39.576 [restartedMain] INFO  o.s.boot.web.embedded.tomcat.TomcatWebServer - Tomcat initialized with port(s): 8080 (http)
2023-10-22 16:59:39.581 [restartedMain] INFO  org.apache.coyote.http11.Http11NioProtocol - Initializing ProtocolHandler ["http-nio-8080"]
2023-10-22 16:59:39.582 [restartedMain] INFO  org.apache.catalina.core.StandardService - Starting service [Tomcat]
2023-10-22 16:59:39.582 [restartedMain] INFO  org.apache.catalina.core.StandardEngine - Starting Servlet engine: [Apache Tomcat/10.1.11]
2023-10-22 16:59:39.620 [restartedMain] INFO  o.a.c.c.C.[Tomcat].[localhost].[/community] - Initializing Spring embedded WebApplicationContext
2023-10-22 16:59:39.620 [restartedMain] INFO  o.s.b.w.s.c.ServletWebServerApplicationContext - Root WebApplicationContext: initialization completed in 698 ms
2023-10-22 16:59:39.941 [restartedMain] INFO  o.s.b.a.web.servlet.WelcomePageHandlerMapping - Adding welcome page template: index
2023-10-22 16:59:40.043 [restartedMain] INFO  o.s.b.d.autoconfigure.OptionalLiveReloadServer - LiveReload server is running on port 35729
2023-10-22 16:59:40.053 [restartedMain] INFO  org.apache.coyote.http11.Http11NioProtocol - Starting ProtocolHandler ["http-nio-8080"]
2023-10-22 16:59:40.064 [restartedMain] INFO  o.s.boot.web.embedded.tomcat.TomcatWebServer - Tomcat started on port(s): 8080 (http) with context path '/community'
2023-10-22 16:59:40.070 [restartedMain] INFO  com.majing.community.CommunityApplication - Started CommunityApplication in 1.449 seconds (process running for 1.774)
2023-10-22 16:59:41.984 [http-nio-8080-exec-1] INFO  o.a.c.c.C.[Tomcat].[localhost].[/community] - Initializing Spring DispatcherServlet 'dispatcherServlet'
2023-10-22 16:59:41.985 [http-nio-8080-exec-1] INFO  org.springframework.web.servlet.DispatcherServlet - Initializing Servlet 'dispatcherServlet'
2023-10-22 16:59:41.985 [http-nio-8080-exec-1] INFO  org.springframework.web.servlet.DispatcherServlet - Completed initialization in 0 ms
2023-10-22 17:17:19.713 [restartedMain] INFO  com.majing.community.CommunityApplication - Starting CommunityApplication using Java 17.0.8 with PID 115720 (D:\Program Files (x86)\Java\IdeaProjects\community\community\target\classes started by majin in D:\Program Files (x86)\Java\IdeaProjects\community\community)
2023-10-22 17:17:19.715 [restartedMain] INFO  com.majing.community.CommunityApplication - No active profile set, falling back to 1 default profile: "default"
2023-10-22 17:17:19.742 [restartedMain] INFO  o.s.b.d.env.DevToolsPropertyDefaultsPostProcessor - Devtools property defaults active! Set 'spring.devtools.add-properties' to 'false' to disable
2023-10-22 17:17:19.742 [restartedMain] INFO  o.s.b.d.env.DevToolsPropertyDefaultsPostProcessor - For additional web related logging consider setting the 'logging.level.web' property to 'DEBUG'
2023-10-22 17:17:20.419 [restartedMain] INFO  o.s.boot.web.embedded.tomcat.TomcatWebServer - Tomcat initialized with port(s): 8080 (http)
2023-10-22 17:17:20.425 [restartedMain] INFO  org.apache.coyote.http11.Http11NioProtocol - Initializing ProtocolHandler ["http-nio-8080"]
2023-10-22 17:17:20.426 [restartedMain] INFO  org.apache.catalina.core.StandardService - Starting service [Tomcat]
2023-10-22 17:17:20.427 [restartedMain] INFO  org.apache.catalina.core.StandardEngine - Starting Servlet engine: [Apache Tomcat/10.1.11]
2023-10-22 17:17:20.467 [restartedMain] INFO  o.a.c.c.C.[Tomcat].[localhost].[/community] - Initializing Spring embedded WebApplicationContext
2023-10-22 17:17:20.468 [restartedMain] INFO  o.s.b.w.s.c.ServletWebServerApplicationContext - Root WebApplicationContext: initialization completed in 726 ms
2023-10-22 17:17:20.802 [restartedMain] INFO  o.s.b.a.web.servlet.WelcomePageHandlerMapping - Adding welcome page template: index
2023-10-22 17:17:20.898 [restartedMain] INFO  o.s.b.d.autoconfigure.OptionalLiveReloadServer - LiveReload server is running on port 35729
2023-10-22 17:17:20.909 [restartedMain] INFO  org.apache.coyote.http11.Http11NioProtocol - Starting ProtocolHandler ["http-nio-8080"]
2023-10-22 17:17:20.921 [restartedMain] INFO  o.s.boot.web.embedded.tomcat.TomcatWebServer - Tomcat started on port(s): 8080 (http) with context path '/community'
2023-10-22 17:17:20.929 [restartedMain] INFO  com.majing.community.CommunityApplication - Started CommunityApplication in 1.507 seconds (process running for 1.884)
2023-10-22 17:17:35.911 [http-nio-8080-exec-1] INFO  o.a.c.c.C.[Tomcat].[localhost].[/community] - Initializing Spring DispatcherServlet 'dispatcherServlet'
2023-10-22 17:17:35.911 [http-nio-8080-exec-1] INFO  org.springframework.web.servlet.DispatcherServlet - Initializing Servlet 'dispatcherServlet'
2023-10-22 17:17:35.911 [http-nio-8080-exec-1] INFO  org.springframework.web.servlet.DispatcherServlet - Completed initialization in 0 ms
2023-10-22 17:19:25.273 [restartedMain] INFO  com.majing.community.CommunityApplication - Starting CommunityApplication using Java 17.0.8 with PID 116052 (D:\Program Files (x86)\Java\IdeaProjects\community\community\target\classes started by majin in D:\Program Files (x86)\Java\IdeaProjects\community\community)
2023-10-22 17:19:25.274 [restartedMain] INFO  com.majing.community.CommunityApplication - No active profile set, falling back to 1 default profile: "default"
2023-10-22 17:19:25.302 [restartedMain] INFO  o.s.b.d.env.DevToolsPropertyDefaultsPostProcessor - Devtools property defaults active! Set 'spring.devtools.add-properties' to 'false' to disable
2023-10-22 17:19:25.302 [restartedMain] INFO  o.s.b.d.env.DevToolsPropertyDefaultsPostProcessor - For additional web related logging consider setting the 'logging.level.web' property to 'DEBUG'
2023-10-22 17:19:25.949 [restartedMain] INFO  o.s.boot.web.embedded.tomcat.TomcatWebServer - Tomcat initialized with port(s): 8080 (http)
2023-10-22 17:19:25.955 [restartedMain] INFO  org.apache.coyote.http11.Http11NioProtocol - Initializing ProtocolHandler ["http-nio-8080"]
2023-10-22 17:19:25.957 [restartedMain] INFO  org.apache.catalina.core.StandardService - Starting service [Tomcat]
2023-10-22 17:19:25.957 [restartedMain] INFO  org.apache.catalina.core.StandardEngine - Starting Servlet engine: [Apache Tomcat/10.1.11]
2023-10-22 17:19:25.994 [restartedMain] INFO  o.a.c.c.C.[Tomcat].[localhost].[/community] - Initializing Spring embedded WebApplicationContext
2023-10-22 17:19:25.994 [restartedMain] INFO  o.s.b.w.s.c.ServletWebServerApplicationContext - Root WebApplicationContext: initialization completed in 691 ms
2023-10-22 17:19:26.290 [restartedMain] INFO  o.s.b.a.web.servlet.WelcomePageHandlerMapping - Adding welcome page template: index
2023-10-22 17:19:26.378 [restartedMain] INFO  o.s.b.d.autoconfigure.OptionalLiveReloadServer - LiveReload server is running on port 35729
2023-10-22 17:19:26.388 [restartedMain] INFO  org.apache.coyote.http11.Http11NioProtocol - Starting ProtocolHandler ["http-nio-8080"]
2023-10-22 17:19:26.399 [restartedMain] INFO  o.s.boot.web.embedded.tomcat.TomcatWebServer - Tomcat started on port(s): 8080 (http) with context path '/community'
2023-10-22 17:19:26.406 [restartedMain] INFO  com.majing.community.CommunityApplication - Started CommunityApplication in 1.408 seconds (process running for 1.76)
2023-10-22 17:19:31.186 [http-nio-8080-exec-1] INFO  o.a.c.c.C.[Tomcat].[localhost].[/community] - Initializing Spring DispatcherServlet 'dispatcherServlet'
2023-10-22 17:19:31.186 [http-nio-8080-exec-1] INFO  org.springframework.web.servlet.DispatcherServlet - Initializing Servlet 'dispatcherServlet'
2023-10-22 17:19:31.187 [http-nio-8080-exec-1] INFO  org.springframework.web.servlet.DispatcherServlet - Completed initialization in 1 ms
2023-10-22 17:21:45.454 [restartedMain] INFO  com.majing.community.CommunityApplication - Starting CommunityApplication using Java 17.0.8 with PID 82956 (D:\Program Files (x86)\Java\IdeaProjects\community\community\target\classes started by majin in D:\Program Files (x86)\Java\IdeaProjects\community\community)
2023-10-22 17:21:45.456 [restartedMain] INFO  com.majing.community.CommunityApplication - No active profile set, falling back to 1 default profile: "default"
2023-10-22 17:21:45.484 [restartedMain] INFO  o.s.b.d.env.DevToolsPropertyDefaultsPostProcessor - Devtools property defaults active! Set 'spring.devtools.add-properties' to 'false' to disable
2023-10-22 17:21:45.484 [restartedMain] INFO  o.s.b.d.env.DevToolsPropertyDefaultsPostProcessor - For additional web related logging consider setting the 'logging.level.web' property to 'DEBUG'
2023-10-22 17:21:46.179 [restartedMain] INFO  o.s.boot.web.embedded.tomcat.TomcatWebServer - Tomcat initialized with port(s): 8080 (http)
2023-10-22 17:21:46.184 [restartedMain] INFO  org.apache.coyote.http11.Http11NioProtocol - Initializing ProtocolHandler ["http-nio-8080"]
2023-10-22 17:21:46.186 [restartedMain] INFO  org.apache.catalina.core.StandardService - Starting service [Tomcat]
2023-10-22 17:21:46.186 [restartedMain] INFO  org.apache.catalina.core.StandardEngine - Starting Servlet engine: [Apache Tomcat/10.1.11]
2023-10-22 17:21:46.230 [restartedMain] INFO  o.a.c.c.C.[Tomcat].[localhost].[/community] - Initializing Spring embedded WebApplicationContext
2023-10-22 17:21:46.231 [restartedMain] INFO  o.s.b.w.s.c.ServletWebServerApplicationContext - Root WebApplicationContext: initialization completed in 746 ms
2023-10-22 17:21:46.562 [restartedMain] INFO  o.s.b.a.web.servlet.WelcomePageHandlerMapping - Adding welcome page template: index
2023-10-22 17:21:46.659 [restartedMain] INFO  o.s.b.d.autoconfigure.OptionalLiveReloadServer - LiveReload server is running on port 35729
2023-10-22 17:21:46.671 [restartedMain] INFO  org.apache.coyote.http11.Http11NioProtocol - Starting ProtocolHandler ["http-nio-8080"]
2023-10-22 17:21:46.681 [restartedMain] INFO  o.s.boot.web.embedded.tomcat.TomcatWebServer - Tomcat started on port(s): 8080 (http) with context path '/community'
2023-10-22 17:21:46.687 [restartedMain] INFO  com.majing.community.CommunityApplication - Started CommunityApplication in 1.55 seconds (process running for 1.899)
2023-10-22 17:21:59.492 [http-nio-8080-exec-1] INFO  o.a.c.c.C.[Tomcat].[localhost].[/community] - Initializing Spring DispatcherServlet 'dispatcherServlet'
2023-10-22 17:21:59.493 [http-nio-8080-exec-1] INFO  org.springframework.web.servlet.DispatcherServlet - Initializing Servlet 'dispatcherServlet'
2023-10-22 17:21:59.493 [http-nio-8080-exec-1] INFO  org.springframework.web.servlet.DispatcherServlet - Completed initialization in 0 ms
2023-10-22 17:22:49.631 [restartedMain] INFO  com.majing.community.CommunityApplication - Starting CommunityApplication using Java 17.0.8 with PID 112804 (D:\Program Files (x86)\Java\IdeaProjects\community\community\target\classes started by majin in D:\Program Files (x86)\Java\IdeaProjects\community\community)
2023-10-22 17:22:49.633 [restartedMain] INFO  com.majing.community.CommunityApplication - No active profile set, falling back to 1 default profile: "default"
2023-10-22 17:22:49.663 [restartedMain] INFO  o.s.b.d.env.DevToolsPropertyDefaultsPostProcessor - Devtools property defaults active! Set 'spring.devtools.add-properties' to 'false' to disable
2023-10-22 17:22:49.663 [restartedMain] INFO  o.s.b.d.env.DevToolsPropertyDefaultsPostProcessor - For additional web related logging consider setting the 'logging.level.web' property to 'DEBUG'
2023-10-22 17:22:50.391 [restartedMain] INFO  o.s.boot.web.embedded.tomcat.TomcatWebServer - Tomcat initialized with port(s): 8080 (http)
2023-10-22 17:22:50.396 [restartedMain] INFO  org.apache.coyote.http11.Http11NioProtocol - Initializing ProtocolHandler ["http-nio-8080"]
2023-10-22 17:22:50.398 [restartedMain] INFO  org.apache.catalina.core.StandardService - Starting service [Tomcat]
2023-10-22 17:22:50.398 [restartedMain] INFO  org.apache.catalina.core.StandardEngine - Starting Servlet engine: [Apache Tomcat/10.1.11]
2023-10-22 17:22:50.438 [restartedMain] INFO  o.a.c.c.C.[Tomcat].[localhost].[/community] - Initializing Spring embedded WebApplicationContext
2023-10-22 17:22:50.439 [restartedMain] INFO  o.s.b.w.s.c.ServletWebServerApplicationContext - Root WebApplicationContext: initialization completed in 776 ms
2023-10-22 17:22:50.780 [restartedMain] INFO  o.s.b.a.web.servlet.WelcomePageHandlerMapping - Adding welcome page template: index
2023-10-22 17:22:50.884 [restartedMain] INFO  o.s.b.d.autoconfigure.OptionalLiveReloadServer - LiveReload server is running on port 35729
2023-10-22 17:22:50.895 [restartedMain] INFO  org.apache.coyote.http11.Http11NioProtocol - Starting ProtocolHandler ["http-nio-8080"]
2023-10-22 17:22:50.908 [restartedMain] INFO  o.s.boot.web.embedded.tomcat.TomcatWebServer - Tomcat started on port(s): 8080 (http) with context path '/community'
2023-10-22 17:22:50.914 [restartedMain] INFO  com.majing.community.CommunityApplication - Started CommunityApplication in 1.598 seconds (process running for 2.015)
2023-10-22 17:22:59.843 [http-nio-8080-exec-2] INFO  o.a.c.c.C.[Tomcat].[localhost].[/community] - Initializing Spring DispatcherServlet 'dispatcherServlet'
2023-10-22 17:22:59.843 [http-nio-8080-exec-2] INFO  org.springframework.web.servlet.DispatcherServlet - Initializing Servlet 'dispatcherServlet'
2023-10-22 17:22:59.845 [http-nio-8080-exec-2] INFO  org.springframework.web.servlet.DispatcherServlet - Completed initialization in 2 ms
2023-10-22 17:24:42.251 [restartedMain] INFO  com.majing.community.CommunityApplication - Starting CommunityApplication using Java 17.0.8 with PID 114400 (D:\Program Files (x86)\Java\IdeaProjects\community\community\target\classes started by majin in D:\Program Files (x86)\Java\IdeaProjects\community\community)
2023-10-22 17:24:42.253 [restartedMain] INFO  com.majing.community.CommunityApplication - No active profile set, falling back to 1 default profile: "default"
2023-10-22 17:24:42.285 [restartedMain] INFO  o.s.b.d.env.DevToolsPropertyDefaultsPostProcessor - Devtools property defaults active! Set 'spring.devtools.add-properties' to 'false' to disable
2023-10-22 17:24:42.285 [restartedMain] INFO  o.s.b.d.env.DevToolsPropertyDefaultsPostProcessor - For additional web related logging consider setting the 'logging.level.web' property to 'DEBUG'
2023-10-22 17:24:42.963 [restartedMain] INFO  o.s.boot.web.embedded.tomcat.TomcatWebServer - Tomcat initialized with port(s): 8080 (http)
2023-10-22 17:24:42.968 [restartedMain] INFO  org.apache.coyote.http11.Http11NioProtocol - Initializing ProtocolHandler ["http-nio-8080"]
2023-10-22 17:24:42.969 [restartedMain] INFO  org.apache.catalina.core.StandardService - Starting service [Tomcat]
2023-10-22 17:24:42.969 [restartedMain] INFO  org.apache.catalina.core.StandardEngine - Starting Servlet engine: [Apache Tomcat/10.1.11]
2023-10-22 17:24:43.012 [restartedMain] INFO  o.a.c.c.C.[Tomcat].[localhost].[/community] - Initializing Spring embedded WebApplicationContext
2023-10-22 17:24:43.012 [restartedMain] INFO  o.s.b.w.s.c.ServletWebServerApplicationContext - Root WebApplicationContext: initialization completed in 726 ms
2023-10-22 17:24:43.325 [restartedMain] INFO  o.s.b.a.web.servlet.WelcomePageHandlerMapping - Adding welcome page template: index
2023-10-22 17:24:43.425 [restartedMain] INFO  o.s.b.d.autoconfigure.OptionalLiveReloadServer - LiveReload server is running on port 35729
2023-10-22 17:24:43.436 [restartedMain] INFO  org.apache.coyote.http11.Http11NioProtocol - Starting ProtocolHandler ["http-nio-8080"]
2023-10-22 17:24:43.446 [restartedMain] INFO  o.s.boot.web.embedded.tomcat.TomcatWebServer - Tomcat started on port(s): 8080 (http) with context path '/community'
2023-10-22 17:24:43.452 [restartedMain] INFO  com.majing.community.CommunityApplication - Started CommunityApplication in 1.501 seconds (process running for 1.83)
2023-10-22 17:24:47.437 [http-nio-8080-exec-1] INFO  o.a.c.c.C.[Tomcat].[localhost].[/community] - Initializing Spring DispatcherServlet 'dispatcherServlet'
2023-10-22 17:24:47.437 [http-nio-8080-exec-1] INFO  org.springframework.web.servlet.DispatcherServlet - Initializing Servlet 'dispatcherServlet'
2023-10-22 17:24:47.438 [http-nio-8080-exec-1] INFO  org.springframework.web.servlet.DispatcherServlet - Completed initialization in 1 ms
2023-10-22 19:57:48.596 [restartedMain] INFO  com.majing.community.CommunityApplication - Starting CommunityApplication using Java 17.0.8 with PID 44244 (D:\Program Files (x86)\Java\IdeaProjects\community\community\target\classes started by majin in D:\Program Files (x86)\Java\IdeaProjects\community\community)
2023-10-22 19:57:48.599 [restartedMain] INFO  com.majing.community.CommunityApplication - No active profile set, falling back to 1 default profile: "default"
2023-10-22 19:57:48.633 [restartedMain] INFO  o.s.b.d.env.DevToolsPropertyDefaultsPostProcessor - Devtools property defaults active! Set 'spring.devtools.add-properties' to 'false' to disable
2023-10-22 19:57:48.633 [restartedMain] INFO  o.s.b.d.env.DevToolsPropertyDefaultsPostProcessor - For additional web related logging consider setting the 'logging.level.web' property to 'DEBUG'
2023-10-22 19:57:49.645 [restartedMain] INFO  o.s.boot.web.embedded.tomcat.TomcatWebServer - Tomcat initialized with port(s): 8080 (http)
2023-10-22 19:57:49.651 [restartedMain] INFO  org.apache.coyote.http11.Http11NioProtocol - Initializing ProtocolHandler ["http-nio-8080"]
2023-10-22 19:57:49.652 [restartedMain] INFO  org.apache.catalina.core.StandardService - Starting service [Tomcat]
2023-10-22 19:57:49.653 [restartedMain] INFO  org.apache.catalina.core.StandardEngine - Starting Servlet engine: [Apache Tomcat/10.1.11]
2023-10-22 19:57:49.691 [restartedMain] INFO  o.a.c.c.C.[Tomcat].[localhost].[/community] - Initializing Spring embedded WebApplicationContext
2023-10-22 19:57:49.692 [restartedMain] INFO  o.s.b.w.s.c.ServletWebServerApplicationContext - Root WebApplicationContext: initialization completed in 1059 ms
2023-10-22 19:57:50.362 [restartedMain] INFO  o.s.b.a.web.servlet.WelcomePageHandlerMapping - Adding welcome page template: index
2023-10-22 19:57:50.612 [restartedMain] INFO  o.s.b.d.autoconfigure.OptionalLiveReloadServer - LiveReload server is running on port 35729
2023-10-22 19:57:50.637 [restartedMain] INFO  org.apache.coyote.http11.Http11NioProtocol - Starting ProtocolHandler ["http-nio-8080"]
2023-10-22 19:57:50.666 [restartedMain] INFO  o.s.boot.web.embedded.tomcat.TomcatWebServer - Tomcat started on port(s): 8080 (http) with context path '/community'
2023-10-22 19:57:50.675 [restartedMain] INFO  com.majing.community.CommunityApplication - Started CommunityApplication in 2.604 seconds (process running for 2.994)
2023-10-22 19:59:07.296 [http-nio-8080-exec-1] INFO  o.a.c.c.C.[Tomcat].[localhost].[/community] - Initializing Spring DispatcherServlet 'dispatcherServlet'
2023-10-22 19:59:07.296 [http-nio-8080-exec-1] INFO  org.springframework.web.servlet.DispatcherServlet - Initializing Servlet 'dispatcherServlet'
2023-10-22 19:59:07.297 [http-nio-8080-exec-1] INFO  org.springframework.web.servlet.DispatcherServlet - Completed initialization in 1 ms
2023-10-22 20:00:30.961 [restartedMain] INFO  com.majing.community.CommunityApplication - Starting CommunityApplication using Java 17.0.8 with PID 115520 (D:\Program Files (x86)\Java\IdeaProjects\community\community\target\classes started by majin in D:\Program Files (x86)\Java\IdeaProjects\community\community)
2023-10-22 20:00:30.962 [restartedMain] INFO  com.majing.community.CommunityApplication - No active profile set, falling back to 1 default profile: "default"
2023-10-22 20:00:30.991 [restartedMain] INFO  o.s.b.d.env.DevToolsPropertyDefaultsPostProcessor - Devtools property defaults active! Set 'spring.devtools.add-properties' to 'false' to disable
2023-10-22 20:00:30.991 [restartedMain] INFO  o.s.b.d.env.DevToolsPropertyDefaultsPostProcessor - For additional web related logging consider setting the 'logging.level.web' property to 'DEBUG'
2023-10-22 20:00:31.696 [restartedMain] INFO  o.s.boot.web.embedded.tomcat.TomcatWebServer - Tomcat initialized with port(s): 8080 (http)
2023-10-22 20:00:31.701 [restartedMain] INFO  org.apache.coyote.http11.Http11NioProtocol - Initializing ProtocolHandler ["http-nio-8080"]
2023-10-22 20:00:31.702 [restartedMain] INFO  org.apache.catalina.core.StandardService - Starting service [Tomcat]
2023-10-22 20:00:31.702 [restartedMain] INFO  org.apache.catalina.core.StandardEngine - Starting Servlet engine: [Apache Tomcat/10.1.11]
2023-10-22 20:00:31.740 [restartedMain] INFO  o.a.c.c.C.[Tomcat].[localhost].[/community] - Initializing Spring embedded WebApplicationContext
2023-10-22 20:00:31.740 [restartedMain] INFO  o.s.b.w.s.c.ServletWebServerApplicationContext - Root WebApplicationContext: initialization completed in 749 ms
2023-10-22 20:00:32.087 [restartedMain] INFO  o.s.b.a.web.servlet.WelcomePageHandlerMapping - Adding welcome page template: index
2023-10-22 20:00:32.188 [restartedMain] INFO  o.s.b.d.autoconfigure.OptionalLiveReloadServer - LiveReload server is running on port 35729
2023-10-22 20:00:32.199 [restartedMain] INFO  org.apache.coyote.http11.Http11NioProtocol - Starting ProtocolHandler ["http-nio-8080"]
2023-10-22 20:00:32.214 [restartedMain] INFO  o.s.boot.web.embedded.tomcat.TomcatWebServer - Tomcat started on port(s): 8080 (http) with context path '/community'
2023-10-22 20:00:32.222 [restartedMain] INFO  com.majing.community.CommunityApplication - Started CommunityApplication in 1.589 seconds (process running for 2.319)
2023-10-22 20:00:37.821 [http-nio-8080-exec-2] INFO  o.a.c.c.C.[Tomcat].[localhost].[/community] - Initializing Spring DispatcherServlet 'dispatcherServlet'
2023-10-22 20:00:37.821 [http-nio-8080-exec-2] INFO  org.springframework.web.servlet.DispatcherServlet - Initializing Servlet 'dispatcherServlet'
2023-10-22 20:00:37.822 [http-nio-8080-exec-2] INFO  org.springframework.web.servlet.DispatcherServlet - Completed initialization in 1 ms
2023-10-22 20:01:20.986 [restartedMain] INFO  com.majing.community.CommunityApplication - Starting CommunityApplication using Java 17.0.8 with PID 119700 (D:\Program Files (x86)\Java\IdeaProjects\community\community\target\classes started by majin in D:\Program Files (x86)\Java\IdeaProjects\community\community)
2023-10-22 20:01:20.987 [restartedMain] INFO  com.majing.community.CommunityApplication - No active profile set, falling back to 1 default profile: "default"
2023-10-22 20:01:21.016 [restartedMain] INFO  o.s.b.d.env.DevToolsPropertyDefaultsPostProcessor - Devtools property defaults active! Set 'spring.devtools.add-properties' to 'false' to disable
2023-10-22 20:01:21.016 [restartedMain] INFO  o.s.b.d.env.DevToolsPropertyDefaultsPostProcessor - For additional web related logging consider setting the 'logging.level.web' property to 'DEBUG'
2023-10-22 20:01:21.721 [restartedMain] INFO  o.s.boot.web.embedded.tomcat.TomcatWebServer - Tomcat initialized with port(s): 8080 (http)
2023-10-22 20:01:21.726 [restartedMain] INFO  org.apache.coyote.http11.Http11NioProtocol - Initializing ProtocolHandler ["http-nio-8080"]
2023-10-22 20:01:21.727 [restartedMain] INFO  org.apache.catalina.core.StandardService - Starting service [Tomcat]
2023-10-22 20:01:21.727 [restartedMain] INFO  org.apache.catalina.core.StandardEngine - Starting Servlet engine: [Apache Tomcat/10.1.11]
2023-10-22 20:01:21.765 [restartedMain] INFO  o.a.c.c.C.[Tomcat].[localhost].[/community] - Initializing Spring embedded WebApplicationContext
2023-10-22 20:01:21.765 [restartedMain] INFO  o.s.b.w.s.c.ServletWebServerApplicationContext - Root WebApplicationContext: initialization completed in 748 ms
2023-10-22 20:01:22.093 [restartedMain] INFO  o.s.b.a.web.servlet.WelcomePageHandlerMapping - Adding welcome page template: index
2023-10-22 20:01:22.195 [restartedMain] INFO  o.s.b.d.autoconfigure.OptionalLiveReloadServer - LiveReload server is running on port 35729
2023-10-22 20:01:22.210 [restartedMain] INFO  org.apache.coyote.http11.Http11NioProtocol - Starting ProtocolHandler ["http-nio-8080"]
2023-10-22 20:01:22.225 [restartedMain] INFO  o.s.boot.web.embedded.tomcat.TomcatWebServer - Tomcat started on port(s): 8080 (http) with context path '/community'
2023-10-22 20:01:22.232 [restartedMain] INFO  com.majing.community.CommunityApplication - Started CommunityApplication in 1.581 seconds (process running for 1.922)
2023-10-22 20:01:22.362 [http-nio-8080-exec-1] INFO  o.a.c.c.C.[Tomcat].[localhost].[/community] - Initializing Spring DispatcherServlet 'dispatcherServlet'
2023-10-22 20:01:22.362 [http-nio-8080-exec-1] INFO  org.springframework.web.servlet.DispatcherServlet - Initializing Servlet 'dispatcherServlet'
2023-10-22 20:01:22.363 [http-nio-8080-exec-1] INFO  org.springframework.web.servlet.DispatcherServlet - Completed initialization in 1 ms
2023-10-22 20:01:58.340 [restartedMain] INFO  com.majing.community.CommunityApplication - Starting CommunityApplication using Java 17.0.8 with PID 106676 (D:\Program Files (x86)\Java\IdeaProjects\community\community\target\classes started by majin in D:\Program Files (x86)\Java\IdeaProjects\community\community)
2023-10-22 20:01:58.344 [restartedMain] INFO  com.majing.community.CommunityApplication - No active profile set, falling back to 1 default profile: "default"
2023-10-22 20:01:58.379 [restartedMain] INFO  o.s.b.d.env.DevToolsPropertyDefaultsPostProcessor - Devtools property defaults active! Set 'spring.devtools.add-properties' to 'false' to disable
2023-10-22 20:01:58.379 [restartedMain] INFO  o.s.b.d.env.DevToolsPropertyDefaultsPostProcessor - For additional web related logging consider setting the 'logging.level.web' property to 'DEBUG'
2023-10-22 20:01:59.139 [restartedMain] INFO  o.s.boot.web.embedded.tomcat.TomcatWebServer - Tomcat initialized with port(s): 8080 (http)
2023-10-22 20:01:59.148 [restartedMain] INFO  org.apache.coyote.http11.Http11NioProtocol - Initializing ProtocolHandler ["http-nio-8080"]
2023-10-22 20:01:59.149 [restartedMain] INFO  org.apache.catalina.core.StandardService - Starting service [Tomcat]
2023-10-22 20:01:59.150 [restartedMain] INFO  org.apache.catalina.core.StandardEngine - Starting Servlet engine: [Apache Tomcat/10.1.11]
2023-10-22 20:01:59.205 [restartedMain] INFO  o.a.c.c.C.[Tomcat].[localhost].[/community] - Initializing Spring embedded WebApplicationContext
2023-10-22 20:01:59.206 [restartedMain] INFO  o.s.b.w.s.c.ServletWebServerApplicationContext - Root WebApplicationContext: initialization completed in 826 ms
2023-10-22 20:01:59.558 [restartedMain] INFO  o.s.b.a.web.servlet.WelcomePageHandlerMapping - Adding welcome page template: index
2023-10-22 20:01:59.664 [restartedMain] INFO  o.s.b.d.autoconfigure.OptionalLiveReloadServer - LiveReload server is running on port 35729
2023-10-22 20:01:59.675 [restartedMain] INFO  org.apache.coyote.http11.Http11NioProtocol - Starting ProtocolHandler ["http-nio-8080"]
2023-10-22 20:01:59.687 [restartedMain] INFO  o.s.boot.web.embedded.tomcat.TomcatWebServer - Tomcat started on port(s): 8080 (http) with context path '/community'
2023-10-22 20:01:59.696 [restartedMain] INFO  com.majing.community.CommunityApplication - Started CommunityApplication in 1.738 seconds (process running for 2.139)
2023-10-22 20:02:01.843 [http-nio-8080-exec-1] INFO  o.a.c.c.C.[Tomcat].[localhost].[/community] - Initializing Spring DispatcherServlet 'dispatcherServlet'
2023-10-22 20:02:01.843 [http-nio-8080-exec-1] INFO  org.springframework.web.servlet.DispatcherServlet - Initializing Servlet 'dispatcherServlet'
2023-10-22 20:02:01.844 [http-nio-8080-exec-1] INFO  org.springframework.web.servlet.DispatcherServlet - Completed initialization in 1 ms
2023-10-22 20:08:49.540 [restartedMain] INFO  com.majing.community.CommunityApplication - Starting CommunityApplication using Java 17.0.8 with PID 64032 (D:\Program Files (x86)\Java\IdeaProjects\community\community\target\classes started by majin in D:\Program Files (x86)\Java\IdeaProjects\community\community)
2023-10-22 20:08:49.541 [restartedMain] INFO  com.majing.community.CommunityApplication - No active profile set, falling back to 1 default profile: "default"
2023-10-22 20:08:49.572 [restartedMain] INFO  o.s.b.d.env.DevToolsPropertyDefaultsPostProcessor - Devtools property defaults active! Set 'spring.devtools.add-properties' to 'false' to disable
2023-10-22 20:08:49.572 [restartedMain] INFO  o.s.b.d.env.DevToolsPropertyDefaultsPostProcessor - For additional web related logging consider setting the 'logging.level.web' property to 'DEBUG'
2023-10-22 20:08:50.360 [restartedMain] INFO  o.s.boot.web.embedded.tomcat.TomcatWebServer - Tomcat initialized with port(s): 8080 (http)
2023-10-22 20:08:50.365 [restartedMain] INFO  org.apache.coyote.http11.Http11NioProtocol - Initializing ProtocolHandler ["http-nio-8080"]
2023-10-22 20:08:50.366 [restartedMain] INFO  org.apache.catalina.core.StandardService - Starting service [Tomcat]
2023-10-22 20:08:50.366 [restartedMain] INFO  org.apache.catalina.core.StandardEngine - Starting Servlet engine: [Apache Tomcat/10.1.11]
2023-10-22 20:08:50.403 [restartedMain] INFO  o.a.c.c.C.[Tomcat].[localhost].[/community] - Initializing Spring embedded WebApplicationContext
2023-10-22 20:08:50.403 [restartedMain] INFO  o.s.b.w.s.c.ServletWebServerApplicationContext - Root WebApplicationContext: initialization completed in 831 ms
2023-10-22 20:08:50.684 [restartedMain] INFO  o.s.b.a.web.servlet.WelcomePageHandlerMapping - Adding welcome page template: index
2023-10-22 20:08:50.774 [restartedMain] INFO  o.s.b.d.autoconfigure.OptionalLiveReloadServer - LiveReload server is running on port 35729
2023-10-22 20:08:50.783 [restartedMain] INFO  org.apache.coyote.http11.Http11NioProtocol - Starting ProtocolHandler ["http-nio-8080"]
2023-10-22 20:08:50.794 [restartedMain] INFO  o.s.boot.web.embedded.tomcat.TomcatWebServer - Tomcat started on port(s): 8080 (http) with context path '/community'
2023-10-22 20:08:50.800 [restartedMain] INFO  com.majing.community.CommunityApplication - Started CommunityApplication in 1.619 seconds (process running for 2.033)
2023-10-22 20:08:52.390 [http-nio-8080-exec-1] INFO  o.a.c.c.C.[Tomcat].[localhost].[/community] - Initializing Spring DispatcherServlet 'dispatcherServlet'
2023-10-22 20:08:52.390 [http-nio-8080-exec-1] INFO  org.springframework.web.servlet.DispatcherServlet - Initializing Servlet 'dispatcherServlet'
2023-10-22 20:08:52.391 [http-nio-8080-exec-1] INFO  org.springframework.web.servlet.DispatcherServlet - Completed initialization in 1 ms
2023-10-22 20:10:31.063 [restartedMain] INFO  com.majing.community.CommunityApplication - Starting CommunityApplication using Java 17.0.8 with PID 86480 (D:\Program Files (x86)\Java\IdeaProjects\community\community\target\classes started by majin in D:\Program Files (x86)\Java\IdeaProjects\community\community)
2023-10-22 20:10:31.068 [restartedMain] INFO  com.majing.community.CommunityApplication - No active profile set, falling back to 1 default profile: "default"
2023-10-22 20:10:31.105 [restartedMain] INFO  o.s.b.d.env.DevToolsPropertyDefaultsPostProcessor - Devtools property defaults active! Set 'spring.devtools.add-properties' to 'false' to disable
2023-10-22 20:10:31.105 [restartedMain] INFO  o.s.b.d.env.DevToolsPropertyDefaultsPostProcessor - For additional web related logging consider setting the 'logging.level.web' property to 'DEBUG'
2023-10-22 20:10:31.788 [restartedMain] INFO  o.s.boot.web.embedded.tomcat.TomcatWebServer - Tomcat initialized with port(s): 8080 (http)
2023-10-22 20:10:31.792 [restartedMain] INFO  org.apache.coyote.http11.Http11NioProtocol - Initializing ProtocolHandler ["http-nio-8080"]
2023-10-22 20:10:31.794 [restartedMain] INFO  org.apache.catalina.core.StandardService - Starting service [Tomcat]
2023-10-22 20:10:31.794 [restartedMain] INFO  org.apache.catalina.core.StandardEngine - Starting Servlet engine: [Apache Tomcat/10.1.11]
2023-10-22 20:10:31.828 [restartedMain] INFO  o.a.c.c.C.[Tomcat].[localhost].[/community] - Initializing Spring embedded WebApplicationContext
2023-10-22 20:10:31.829 [restartedMain] INFO  o.s.b.w.s.c.ServletWebServerApplicationContext - Root WebApplicationContext: initialization completed in 724 ms
2023-10-22 20:10:32.142 [restartedMain] INFO  o.s.b.a.web.servlet.WelcomePageHandlerMapping - Adding welcome page template: index
2023-10-22 20:10:32.233 [restartedMain] INFO  o.s.b.d.autoconfigure.OptionalLiveReloadServer - LiveReload server is running on port 35729
2023-10-22 20:10:32.244 [restartedMain] INFO  org.apache.coyote.http11.Http11NioProtocol - Starting ProtocolHandler ["http-nio-8080"]
2023-10-22 20:10:32.254 [restartedMain] INFO  o.s.boot.web.embedded.tomcat.TomcatWebServer - Tomcat started on port(s): 8080 (http) with context path '/community'
2023-10-22 20:10:32.260 [restartedMain] INFO  com.majing.community.CommunityApplication - Started CommunityApplication in 1.485 seconds (process running for 1.802)
2023-10-22 20:10:35.043 [http-nio-8080-exec-1] INFO  o.a.c.c.C.[Tomcat].[localhost].[/community] - Initializing Spring DispatcherServlet 'dispatcherServlet'
2023-10-22 20:10:35.043 [http-nio-8080-exec-1] INFO  org.springframework.web.servlet.DispatcherServlet - Initializing Servlet 'dispatcherServlet'
2023-10-22 20:10:35.043 [http-nio-8080-exec-1] INFO  org.springframework.web.servlet.DispatcherServlet - Completed initialization in 0 ms
2023-10-22 20:15:25.385 [File Watcher] INFO  o.s.b.d.a.LocalDevToolsAutoConfiguration$RestartingClassPathChangeChangedEventListener - Restarting due to 1 class path change (0 additions, 0 deletions, 1 modification)
2023-10-22 20:15:25.397 [Thread-5] INFO  org.apache.coyote.http11.Http11NioProtocol - Pausing ProtocolHandler ["http-nio-8080"]
2023-10-22 20:15:25.397 [Thread-5] INFO  org.apache.catalina.core.StandardService - Stopping service [Tomcat]
2023-10-22 20:15:25.397 [Thread-5] INFO  o.a.c.c.C.[Tomcat].[localhost].[/community] - Destroying Spring FrameworkServlet 'dispatcherServlet'
2023-10-22 20:15:25.401 [Thread-5] INFO  org.apache.coyote.http11.Http11NioProtocol - Stopping ProtocolHandler ["http-nio-8080"]
2023-10-22 20:15:25.403 [Thread-5] INFO  org.apache.coyote.http11.Http11NioProtocol - Destroying ProtocolHandler ["http-nio-8080"]
2023-10-22 20:15:25.442 [restartedMain] INFO  com.majing.community.CommunityApplication - Starting CommunityApplication using Java 17.0.8 with PID 86480 (D:\Program Files (x86)\Java\IdeaProjects\community\community\target\classes started by majin in D:\Program Files (x86)\Java\IdeaProjects\community\community)
2023-10-22 20:15:25.442 [restartedMain] INFO  com.majing.community.CommunityApplication - No active profile set, falling back to 1 default profile: "default"
2023-10-22 20:15:25.564 [restartedMain] INFO  o.s.boot.web.embedded.tomcat.TomcatWebServer - Tomcat initialized with port(s): 8080 (http)
2023-10-22 20:15:25.564 [restartedMain] INFO  org.apache.coyote.http11.Http11NioProtocol - Initializing ProtocolHandler ["http-nio-8080"]
2023-10-22 20:15:25.564 [restartedMain] INFO  org.apache.catalina.core.StandardService - Starting service [Tomcat]
2023-10-22 20:15:25.564 [restartedMain] INFO  org.apache.catalina.core.StandardEngine - Starting Servlet engine: [Apache Tomcat/10.1.11]
2023-10-22 20:15:25.569 [restartedMain] INFO  o.a.c.c.C.[Tomcat].[localhost].[/community] - Initializing Spring embedded WebApplicationContext
2023-10-22 20:15:25.570 [restartedMain] INFO  o.s.b.w.s.c.ServletWebServerApplicationContext - Root WebApplicationContext: initialization completed in 127 ms
2023-10-22 20:15:25.635 [restartedMain] INFO  o.s.b.a.web.servlet.WelcomePageHandlerMapping - Adding welcome page template: index
2023-10-22 20:15:25.660 [restartedMain] INFO  o.s.b.d.autoconfigure.OptionalLiveReloadServer - LiveReload server is running on port 35729
2023-10-22 20:15:25.666 [restartedMain] INFO  org.apache.coyote.http11.Http11NioProtocol - Starting ProtocolHandler ["http-nio-8080"]
2023-10-22 20:15:25.667 [restartedMain] INFO  o.s.boot.web.embedded.tomcat.TomcatWebServer - Tomcat started on port(s): 8080 (http) with context path '/community'
2023-10-22 20:15:25.669 [restartedMain] INFO  com.majing.community.CommunityApplication - Started CommunityApplication in 0.243 seconds (process running for 295.211)
2023-10-22 20:15:25.670 [restartedMain] INFO  o.s.b.d.a.ConditionEvaluationDeltaLoggingListener - Condition evaluation unchanged
2023-10-22 20:16:55.079 [http-nio-8080-exec-1] INFO  o.a.c.c.C.[Tomcat].[localhost].[/community] - Initializing Spring DispatcherServlet 'dispatcherServlet'
2023-10-22 20:16:55.079 [http-nio-8080-exec-1] INFO  org.springframework.web.servlet.DispatcherServlet - Initializing Servlet 'dispatcherServlet'
2023-10-22 20:16:55.080 [http-nio-8080-exec-1] INFO  org.springframework.web.servlet.DispatcherServlet - Completed initialization in 1 ms
