2023-08-03 14:24:10.910 [main] INFO  com.majing.community.LoggersTest - Starting LoggersTest using Java 1.8.0_381 on MARGIN with PID 97776 (started by majin in D:\Program Files (x86)\Java\IdeaProjects\community\community)
2023-08-03 14:24:10.911 [main] INFO  com.majing.community.LoggersTest - No active profile set, falling back to 1 default profile: "default"
2023-08-03 14:24:11.990 [main] INFO  o.s.b.a.web.servlet.WelcomePageHandlerMapping - Adding welcome page template: index
2023-08-03 14:24:12.209 [main] INFO  com.majing.community.LoggersTest - Started LoggersTest in 1.6 seconds (JVM running for 6.221)
2023-08-03 14:24:12.360 [main] INFO  com.majing.community.LoggersTest - info log
2023-08-03 14:26:45.341 [main] INFO  com.majing.community.LoggersTest - Starting LoggersTest using Java 1.8.0_381 on MARGIN with PID 98552 (started by majin in D:\Program Files (x86)\Java\IdeaProjects\community\community)
2023-08-03 14:26:45.343 [main] INFO  com.majing.community.LoggersTest - No active profile set, falling back to 1 default profile: "default"
2023-08-03 14:26:46.265 [main] INFO  o.s.b.a.web.servlet.WelcomePageHandlerMapping - Adding welcome page template: index
2023-08-03 14:26:46.455 [main] INFO  com.majing.community.LoggersTest - Started LoggersTest in 1.367 seconds (JVM running for 1.87)
2023-08-03 14:26:46.579 [main] INFO  com.majing.community.LoggersTest - info log
2023-08-03 14:27:49.016 [main] INFO  com.majing.community.LoggersTest - Starting LoggersTest using Java 1.8.0_381 on MARGIN with PID 93128 (started by majin in D:\Program Files (x86)\Java\IdeaProjects\community\community)
2023-08-03 14:27:49.017 [main] INFO  com.majing.community.LoggersTest - No active profile set, falling back to 1 default profile: "default"
2023-08-03 14:27:49.937 [main] INFO  o.s.b.a.web.servlet.WelcomePageHandlerMapping - Adding welcome page template: index
2023-08-03 14:27:50.141 [main] INFO  com.majing.community.LoggersTest - Started LoggersTest in 1.349 seconds (JVM running for 1.847)
2023-08-03 14:27:50.266 [main] INFO  com.majing.community.LoggersTest - info log
2023-08-03 14:28:02.960 [main] INFO  com.majing.community.LoggersTest - Starting LoggersTest using Java 1.8.0_381 on MARGIN with PID 89404 (started by majin in D:\Program Files (x86)\Java\IdeaProjects\community\community)
2023-08-03 14:28:02.961 [main] INFO  com.majing.community.LoggersTest - No active profile set, falling back to 1 default profile: "default"
2023-08-03 14:28:03.881 [main] INFO  o.s.b.a.web.servlet.WelcomePageHandlerMapping - Adding welcome page template: index
2023-08-03 14:28:04.076 [main] INFO  com.majing.community.LoggersTest - Started LoggersTest in 1.356 seconds (JVM running for 1.851)
2023-08-03 14:28:04.202 [main] INFO  com.majing.community.LoggersTest - info log
2023-08-03 14:30:12.777 [main] INFO  com.majing.community.LoggersTest - Starting LoggersTest using Java 1.8.0_381 on MARGIN with PID 100140 (started by majin in D:\Program Files (x86)\Java\IdeaProjects\community\community)
2023-08-03 14:30:12.778 [main] INFO  com.majing.community.LoggersTest - No active profile set, falling back to 1 default profile: "default"
2023-08-03 14:30:13.718 [main] INFO  o.s.b.a.web.servlet.WelcomePageHandlerMapping - Adding welcome page template: index
2023-08-03 14:30:13.915 [main] INFO  com.majing.community.LoggersTest - Started LoggersTest in 1.364 seconds (JVM running for 1.862)
2023-08-03 14:30:14.037 [main] INFO  com.majing.community.LoggersTest - info log
2023-08-03 14:32:22.443 [main] INFO  com.majing.community.LoggersTest - Starting LoggersTest using Java 1.8.0_381 on MARGIN with PID 100604 (started by majin in D:\Program Files (x86)\Java\IdeaProjects\community\community)
2023-08-03 14:32:22.444 [main] INFO  com.majing.community.LoggersTest - No active profile set, falling back to 1 default profile: "default"
2023-08-03 14:32:23.455 [main] INFO  o.s.b.a.web.servlet.WelcomePageHandlerMapping - Adding welcome page template: index
2023-08-03 14:32:23.660 [main] INFO  com.majing.community.LoggersTest - Started LoggersTest in 1.443 seconds (JVM running for 1.971)
2023-08-03 14:32:23.785 [main] INFO  com.majing.community.LoggersTest - info log
